{
    "id": "LUCENE-7144",
    "title": "TestFieldMaskingSpanQuery suite failure: 3 segments exist after a forceMerge(1)",
    "details": {
        "resolution": "Fixed",
        "affect_versions": "None",
        "components": [],
        "labels": "",
        "fix_versions": [
            "6.0"
        ],
        "priority": "Major",
        "status": "Resolved",
        "type": "Bug"
    },
    "description": "My Jenkins found a reproducible failure on master:\n\n\nChecking out Revision 7b93fc46b1e284494a500f4df541269bdfa67dcf (refs/remotes/origin/master)\n[...]\n   [junit4] Suite: org.apache.lucene.search.spans.TestFieldMaskingSpanQuery\n   [junit4]   2> NOTE: test params are: codec=Asserting(Lucene60): {gender=FSTOrd50, last=PostingsFormat(name=LuceneVarGapDocFreqInterval), id=BlockTreeOrds(blocksize=128), first=Lucene50(blocksize=128)}, docValues:{}, maxPointsInLeafNode=734, maxMBSortInHeap=5.661209237449429, sim=RandomSimilarity(queryNorm=true,coord=no): {gender=DFR I(n)3(800.0), last=DFR I(n)L1, id=DFR I(n)L1, first=IB SPL-L2}, locale=fr, timezone=Etc/GMT+11\n   [junit4]   2> NOTE: Linux 4.1.0-custom2-amd64 amd64/Oracle Corporation 1.8.0_45 (64-bit)/cpus=16,threads=1,free=213068040,total=315621376\n   [junit4]   2> NOTE: All tests run in this JVM: [TestInfoStream, TestBooleanOr, TestBooleanCoord, TestNRTThreads, TestMultiset, TestTopDocsCollector, TestIndexWriterMaxDocs, TestNIOFSDirectory, TestIntArrayDocIdSet, TestDocBoost, TestPositiveScoresOnlyCollector, TestIntBlockPool, TestLegacyNumericUtils, TestPersistentSnapshotDeletionPolicy, TestIndexWriterOnJRECrash, TestIndexWriterOutOfFileDescriptors, TestTimSorter, TestIndexWriterUnicode, TestSearcherManager, TestUTF32ToUTF8, TestLucene50CompoundFormat, TestFieldCacheRewriteMethod, TestVirtualMethod, TestSegmentInfos, TestFuzzyQuery, TestScoreCachingWrappingScorer, TestSpansEnum, TestMultiPhraseQuery, TestTragicIndexWriterDeadlock, TestIndexWriterNRTIsCurrent, TestPointQueries, TestMultiTermConstantScore, TestComplexExplanationsOfNonMatches, TestDocValues, TestSpanCollection, TestTopFieldCollector, TestIndexSearcher, Test2BPostings, TestBM25Similarity, TestRollback, TestSimpleAttributeImpl, TestDocumentsWriterStallControl, TestSearch, TestBinaryDocValuesUpdates, TestIsCurrent, TestTermVectorsReader, TestUniqueTermCount, TestRollingBuffer, TestSleepingLockWrapper, TestSortedSetSelector, TestEarlyTermination, TestConjunctions, TestArrayUtil, TestSpanNearQuery, Test2BSortedDocValuesOrds, TestNumericTokenStream, TestSparseFixedBitSet, TestNotDocIdSet, TestDirectory, TestBytesRefAttImpl, TestSortRescorer, TestDeterminism, TestDocumentWriter, TestParallelLeafReader, TestIndexWriterLockRelease, TestTermdocPerf, TestSloppyPhraseQuery, TestSpanFirstQuery, TestApproximationSearchEquivalence, TestConsistentFieldNumbers, TestRateLimiter, TestSloppyMath, TestHighCompressionMode, TestSubScorerFreqs, TestBKD, TestRegExp, TestOmitPositions, TestMergePolicyWrapper, TestPerFieldDocValuesFormat, TestTotalHitCountCollector, TestAddIndexes, TestSegmentMerger, TestForceMergeForever, TestLSBRadixSorter, TestNRTCachingDirectory, TestLucene50StoredFieldsFormatHighCompression, TestIndexWriterReader, TestSimilarity, TestRoaringDocIdSet, TestFieldMaskingSpanQuery]\n   [junit4]   2> NOTE: download the large Jenkins line-docs file by running 'ant get-jenkins-line-docs' in the lucene directory.\n   [junit4]   2> NOTE: reproduce with: ant test  -Dtestcase=TestFieldMaskingSpanQuery -Dtests.seed=EEB9C1523889BD0F -Dtests.slow=true -Dtests.linedocsfile=/home/jenkins/lucene-data/enwiki.random.lines.txt -Dtests.locale=fr -Dtests.timezone=Etc/GMT+11 -Dtests.asserts=true -Dtests.file.encoding=UTF-8\n   [junit4] ERROR   0.00s J1 | TestFieldMaskingSpanQuery (suite) <<<\n   [junit4]    > Throwable #1: java.lang.IllegalArgumentException: StandardDirectoryReader(segments_1:8 _0(7.0.0):c2 _1(7.0.0):c2 _2(7.0.0):c1) has 3 segments instead of exactly one\n   [junit4]    > \tat __randomizedtesting.SeedInfo.seed([EEB9C1523889BD0F]:0)\n   [junit4]    > \tat org.apache.lucene.util.LuceneTestCase.getOnlyLeafReader(LuceneTestCase.java:789)\n   [junit4]    > \tat org.apache.lucene.search.spans.TestFieldMaskingSpanQuery.beforeClass(TestFieldMaskingSpanQuery.java:121)\n   [junit4]    > \tat java.lang.Thread.run(Thread.java:745)\n   [junit4] Completed [171/415 (1!)] on J1 in 0.02s, 0 tests, 1 error <<< FAILURES!\n\n\n\nFrom TestFieldMaskingSpanQuery.beforeClass():\n\n\n118:    reader = writer.getReader();\n119:    writer.forceMerge(1);\n120:    writer.close();\n121:    searcher = new IndexSearcher(getOnlyLeafReader(reader));",
    "attachments": {},
    "issue_links": {},
    "comments": [
        {
            "id": "comment-15214202",
            "author": "ASF subversion and git services",
            "date": "2016-03-28T13:40:55+0000",
            "content": "Commit 67ca5499a3314a5418073c079954f4eabd92d20f in lucene-solr's branch refs/heads/master from Mike McCandless\n[ https://git-wip-us.apache.org/repos/asf?p=lucene-solr.git;h=67ca549 ]\n\nLUCENE-7144: forceMerge before pulling reader "
        },
        {
            "id": "comment-15214203",
            "author": "ASF subversion and git services",
            "date": "2016-03-28T13:41:27+0000",
            "content": "Commit 51feadd185c4624294684f27f816faf65aba3bde in lucene-solr's branch refs/heads/branch_6x from Mike McCandless\n[ https://git-wip-us.apache.org/repos/asf?p=lucene-solr.git;h=51feadd ]\n\nLUCENE-7144: forceMerge before pulling reader "
        },
        {
            "id": "comment-15214206",
            "author": "ASF subversion and git services",
            "date": "2016-03-28T13:42:09+0000",
            "content": "Commit 00ffee55299c3e6e2fe6541d08afb2e6572fe29f in lucene-solr's branch refs/heads/branch_6_0 from Mike McCandless\n[ https://git-wip-us.apache.org/repos/asf?p=lucene-solr.git;h=00ffee5 ]\n\nLUCENE-7144: forceMerge before pulling reader "
        },
        {
            "id": "comment-15214207",
            "author": "Michael McCandless",
            "date": "2016-03-28T13:42:41+0000",
            "content": "I committed a fix ... silly test bug.\n\nThanks Steve Rowe! "
        }
    ]
}