{
    "id": "LUCENE-5575",
    "title": "Non-reproducible TestICUTokenizerCJK failure",
    "details": {
        "type": "Bug",
        "priority": "Major",
        "labels": "",
        "resolution": "Fixed",
        "components": [
            "modules/analysis"
        ],
        "affect_versions": "6.0",
        "status": "Closed",
        "fix_versions": [
            "7.3"
        ]
    },
    "description": "TestICUTokenizerCJK.testRandomHugeStrings -seed 3D1F79CAB506E300\n\nIt hit this failure during distributed beasting:\n\nFAILURE: org.apache.lucene.analysis.icu.segmentation.TestICUTokenizerCJK on host 10.17.4.101\njava.lang.RuntimeException: some thread(s) failed\n\tat org.apache.lucene.analysis.BaseTokenStreamTestCase.checkRandomData(BaseTokenStreamTestCase.java:533)\n\tat org.apache.lucene.analysis.BaseTokenStreamTestCase.checkRandomData(BaseTokenStreamTestCase.java:435)\n\tat org.apache.lucene.analysis.icu.segmentation.TestICUTokenizerCJK.testRandomHugeStrings(TestICUTokenizerCJK.java:89)\n\tat sun.reflect.NativeMethodAccessorImpl.invoke0(Native Method)\n\tat sun.reflect.NativeMethodAccessorImpl.invoke(NativeMethodAccessorImpl.java:57)\n\tat sun.reflect.DelegatingMethodAccessorImpl.invoke(DelegatingMethodAccessorImpl.java:43)\n\tat java.lang.reflect.Method.invoke(Method.java:606)\n\tat com.carrotsearch.randomizedtesting.RandomizedRunner.invoke(RandomizedRunner.java:1618)\n\tat com.carrotsearch.randomizedtesting.RandomizedRunner$6.evaluate(RandomizedRunner.java:827)\n\tat com.carrotsearch.randomizedtesting.RandomizedRunner$7.evaluate(RandomizedRunner.java:863)\n\tat com.carrotsearch.randomizedtesting.RandomizedRunner$8.evaluate(RandomizedRunner.java:877)\n\tat org.apache.lucene.util.TestRuleSetupTeardownChained$1.evaluate(TestRuleSetupTeardownChained.java:50)\n\tat org.apache.lucene.util.TestRuleFieldCacheSanity$1.evaluate(TestRuleFieldCacheSanity.java:51)\n\tat org.apache.lucene.util.AbstractBeforeAfterRule$1.evaluate(AbstractBeforeAfterRule.java:46)\n\tat com.carrotsearch.randomizedtesting.rules.SystemPropertiesInvariantRule$1.evaluate(SystemPropertiesInvariantRule.java:55)\n\tat org.apache.lucene.util.TestRuleThreadAndTestName$1.evaluate(TestRuleThreadAndTestName.java:49)\n\tat org.apache.lucene.util.TestRuleIgnoreAfterMaxFailures$1.evaluate(TestRuleIgnoreAfterMaxFailures.java:65)\n\tat org.apache.lucene.util.TestRuleMarkFailure$1.evaluate(TestRuleMarkFailure.java:48)\n\tat com.carrotsearch.randomizedtesting.rules.StatementAdapter.evaluate(StatementAdapter.java:36)\n\tat com.carrotsearch.randomizedtesting.ThreadLeakControl$StatementRunner.run(ThreadLeakControl.java:360)\n\tat com.carrotsearch.randomizedtesting.ThreadLeakControl.forkTimeoutingTask(ThreadLeakControl.java:793)\n\tat com.carrotsearch.randomizedtesting.ThreadLeakControl$3.evaluate(ThreadLeakControl.java:453)\n\tat com.carrotsearch.randomizedtesting.RandomizedRunner.runSingleTest(RandomizedRunner.java:836)\n\tat com.carrotsearch.randomizedtesting.RandomizedRunner$3.evaluate(RandomizedRunner.java:738)\n\tat com.carrotsearch.randomizedtesting.RandomizedRunner$4.evaluate(RandomizedRunner.java:772)\n\tat com.carrotsearch.randomizedtesting.RandomizedRunner$5.evaluate(RandomizedRunner.java:783)\n\tat org.apache.lucene.util.AbstractBeforeAfterRule$1.evaluate(AbstractBeforeAfterRule.java:46)\n\tat org.apache.lucene.util.TestRuleStoreClassName$1.evaluate(TestRuleStoreClassName.java:42)\n\tat com.carrotsearch.randomizedtesting.rules.SystemPropertiesInvariantRule$1.evaluate(SystemPropertiesInvariantRule.java:55)\n\tat com.carrotsearch.randomizedtesting.rules.NoShadowingOrOverridesOnMethodsRule$1.evaluate(NoShadowingOrOverridesOnMethodsRule.java:39)\n\tat com.carrotsearch.randomizedtesting.rules.NoShadowingOrOverridesOnMethodsRule$1.evaluate(NoShadowingOrOverridesOnMethodsRule.java:39)\n\tat com.carrotsearch.randomizedtesting.rules.StatementAdapter.evaluate(StatementAdapter.java:36)\n\tat org.apache.lucene.util.TestRuleAssertionsRequired$1.evaluate(TestRuleAssertionsRequired.java:43)\n\tat org.apache.lucene.util.TestRuleMarkFailure$1.evaluate(TestRuleMarkFailure.java:48)\n\tat org.apache.lucene.util.TestRuleIgnoreAfterMaxFailures$1.evaluate(TestRuleIgnoreAfterMaxFailures.java:65)\n\tat org.apache.lucene.util.TestRuleIgnoreTestSuites$1.evaluate(TestRuleIgnoreTestSuites.java:55)\n\tat com.carrotsearch.randomizedtesting.rules.StatementAdapter.evaluate(StatementAdapter.java:36)\n\tat com.carrotsearch.randomizedtesting.ThreadLeakControl$StatementRunner.run(ThreadLeakControl.java:360)\n\tat java.lang.Thread.run(Thread.java:724)\n\nCaused by: java.lang.ArrayIndexOutOfBoundsException: -1\n\tat __randomizedtesting.SeedInfo.seed([3D1F79CAB506E300]:0)\n\tat com.ibm.icu.text.UnicodeSet.findCodePoint(UnicodeSet.java:1645)\n\tat com.ibm.icu.text.UnicodeSet.contains(UnicodeSet.java:1615)\n\tat com.ibm.icu.text.UnhandledBreakEngine.handles(UnhandledBreakEngine.java:28)\n\tat com.ibm.icu.text.RuleBasedBreakIterator.getEngineFor(RuleBasedBreakIterator.java:1012)\n\tat com.ibm.icu.text.RuleBasedBreakIterator.handleNext(RuleBasedBreakIterator.java:1085)\n\tat com.ibm.icu.text.RuleBasedBreakIterator.next(RuleBasedBreakIterator.java:449)\n\tat org.apache.lucene.analysis.icu.segmentation.BreakIteratorWrapper$RBBIWrapper.next(BreakIteratorWrapper.java:96)\n\tat org.apache.lucene.analysis.icu.segmentation.CompositeBreakIterator.next(CompositeBreakIterator.java:65)\n\tat org.apache.lucene.analysis.icu.segmentation.ICUTokenizer.incrementTokenBuffer(ICUTokenizer.java:209)\n\tat org.apache.lucene.analysis.icu.segmentation.ICUTokenizer.incrementToken(ICUTokenizer.java:103)\n\tat org.apache.lucene.analysis.BaseTokenStreamTestCase.checkAnalysisConsistency(BaseTokenStreamTestCase.java:699)\n\tat org.apache.lucene.analysis.BaseTokenStreamTestCase.checkRandomData(BaseTokenStreamTestCase.java:610)\n\tat org.apache.lucene.analysis.BaseTokenStreamTestCase.access$000(BaseTokenStreamTestCase.java:59)\n\tat org.apache.lucene.analysis.BaseTokenStreamTestCase$AnalysisThread.run(BaseTokenStreamTestCase.java:481)\n\n\n\nBut I can't repro even under beasting...",
    "attachments": {},
    "issue_links": {},
    "comments": [
        {
            "id": "comment-13959970",
            "author": "Robert Muir",
            "content": "\nCaused by: java.lang.ArrayIndexOutOfBoundsException: -1\n\tat __randomizedtesting.SeedInfo.seed([3D1F79CAB506E300]:0)\n\tat com.ibm.icu.text.UnicodeSet.findCodePoint(UnicodeSet.java:1645)\n\tat com.ibm.icu.text.UnicodeSet.contains(UnicodeSet.java:1615)\n\tat com.ibm.icu.text.UnhandledBreakEngine.handles(UnhandledBreakEngine.java:28)\n\tat com.ibm.icu.text.RuleBasedBreakIterator.getEngineFor(RuleBasedBreakIterator.java:1012)\n\nThis looks like an ICU bug, we will want to try to boil it down into a testcase for them... They also have a new release somewhere around now, we can check svn logs and see if someone else has already reported something like this. ",
            "date": "2014-04-04T13:48:19+0000"
        },
        {
            "id": "comment-16375938",
            "author": "Erick Erickson",
            "content": "There are a couple of AwaitsFix in TestICUTokenizerCJK pointing to this JIRA, should I comment the annotation out  on the theory that maybe we've upgraded ICU since 2014 to see if it still fails? ",
            "date": "2018-02-25T05:18:32+0000"
        },
        {
            "id": "comment-16377879",
            "author": "Adrien Grand",
            "content": "Have you tried to run something like ant beast -Dbeast.iters=1000 -Dtestcase=TestICUTokenizerCJK? If it doesn't fail I'm +1 to reenable the test. ",
            "date": "2018-02-27T01:24:05+0000"
        },
        {
            "id": "comment-16379207",
            "author": "ASF subversion and git services",
            "content": "Commit 7de694e7713ef59ac6b578c0f8ee10759dd6a30e in lucene-solr's branch refs/heads/master from Erick Erickson\n[ https://git-wip-us.apache.org/repos/asf?p=lucene-solr.git;h=7de694e ]\n\nLUCENE-5575: Non-reproducible TestICUTokenizerCJK failure ",
            "date": "2018-02-27T20:04:30+0000"
        },
        {
            "id": "comment-16379217",
            "author": "ASF subversion and git services",
            "content": "Commit a730beb4fbe2e35fed4f7fd2cc110d9eaf3aa83e in lucene-solr's branch refs/heads/branch_7x from Erick Erickson\n[ https://git-wip-us.apache.org/repos/asf?p=lucene-solr.git;h=a730beb ]\n\nLUCENE-5575: Non-reproducible TestICUTokenizerCJK failure\n\n(cherry picked from commit 7de694e) ",
            "date": "2018-02-27T20:09:12+0000"
        },
        {
            "id": "comment-16379218",
            "author": "Erick Erickson",
            "content": "Beasted 1,000 times last night without annotation so I commented the AwaitsFix out with today's date so we can track if this was premature. ",
            "date": "2018-02-27T20:09:53+0000"
        }
    ]
}