{
    "id": "LUCENE-6866",
    "title": "TestCheckIndex.testChecksumsOnlyVerbose() failure: Document contains at least one immense term",
    "details": {
        "resolution": "Fixed",
        "affect_versions": "None",
        "components": [],
        "labels": "",
        "fix_versions": [
            "5.4",
            "6.0"
        ],
        "priority": "Major",
        "status": "Closed",
        "type": "Bug"
    },
    "description": "My Jenkins found the following seed that reproduces for me 100% on branch_5x, both Java7&8, and on trunk:\n\n\n   [junit4] Suite: org.apache.lucene.index.TestCheckIndex\n   [junit4]   2> NOTE: download the large Jenkins line-docs file by running 'ant get-jenkins-line-docs' in the lucene directory.\n   [junit4]   2> NOTE: reproduce with: ant test  -Dtestcase=TestCheckIndex -Dtests.method=testChecksumsOnlyVerbose -Dtests.seed=1B39BC3F6E1634F -Dtests.slow=true -Dtests.linedocsfile=/home/jenkins/lucene-data/enwiki.random.lines.txt -Dtests.locale=hu -Dtests.timezone=America/Havana -Dtests.asserts=true -Dtests.file.encoding=UTF-8\n   [junit4] ERROR   0.22s | TestCheckIndex.testChecksumsOnlyVerbose <<<\n   [junit4]    > Throwable #1: java.lang.IllegalArgumentException: Document contains at least one immense term in field=\"body\" (whose UTF8 encoding is longer than the max length 32766), all of which were skipped.  Please correct the analyzer to not produce such terms.  The prefix of the first immense term is: '[125, 125, 123, 123, 123, 123, 123, 115, 117, 98, 115, 116, 99, 124, 125, 125, 125, 123, 123, 123, 49, 125, 125, 125, 124, 123, 123, 123, 112, 49]...', original message: bytes can be at most 32766 in length; got 94384\n   [junit4]    >        at __randomizedtesting.SeedInfo.seed([1B39BC3F6E1634F:C5FF0BD55AE404AD]:0)\n   [junit4]    >        at org.apache.lucene.index.DefaultIndexingChain$PerField.invert(DefaultIndexingChain.java:726)\n   [junit4]    >        at org.apache.lucene.index.DefaultIndexingChain.processDocument(DefaultIndexingChain.java:347)\n   [junit4]    >        at org.apache.lucene.index.DocumentsWriterPerThread.updateDocument(DocumentsWriterPerThread.java:234)\n   [junit4]    >        at org.apache.lucene.index.DocumentsWriter.updateDocument(DocumentsWriter.java:449)\n   [junit4]    >        at org.apache.lucene.index.IndexWriter.updateDocument(IndexWriter.java:1461)\n   [junit4]    >        at org.apache.lucene.index.IndexWriter.addDocument(IndexWriter.java:1240)\n   [junit4]    >        at org.apache.lucene.index.TestCheckIndex.testChecksumsOnlyVerbose(TestCheckIndex.java:156)\n   [junit4]    >        at java.lang.Thread.run(Thread.java:745)\n   [junit4]    >        Suppressed: java.lang.IllegalStateException: close() called in wrong state: INCREMENT\n   [junit4]    >                at org.apache.lucene.analysis.MockTokenizer.fail(MockTokenizer.java:126)\n   [junit4]    >                at org.apache.lucene.analysis.MockTokenizer.close(MockTokenizer.java:293)\n   [junit4]    >                at org.apache.lucene.analysis.TokenFilter.close(TokenFilter.java:58)\n   [junit4]    >                at org.apache.lucene.index.DefaultIndexingChain$PerField.invert(DefaultIndexingChain.java:742)\n   [junit4]    >                ... 42 more\n   [junit4]    > Caused by: org.apache.lucene.util.BytesRefHash$MaxBytesLengthExceededException: bytes can be at most 32766 in length; got 94384\n   [junit4]    >        at org.apache.lucene.util.BytesRefHash.add(BytesRefHash.java:284)\n   [junit4]    >        at org.apache.lucene.index.TermsHashPerField.add(TermsHashPerField.java:150)\n   [junit4]    >        at org.apache.lucene.index.DefaultIndexingChain$PerField.invert(DefaultIndexingChain.java:716)\n   [junit4]    >        ... 42 more\n   [junit4]   2> NOTE: test params are: codec=Asserting(Lucene54): {}, docValues:{}, sim=ClassicSimilarity, locale=hu, timezone=America/Havana\n   [junit4]   2> NOTE: Linux 4.1.0-custom2-amd64 amd64/Oracle Corporation 1.8.0_45 (64-bit)/cpus=16,threads=1,free=412272632,total=514850816\n   [junit4]   2> NOTE: All tests run in this JVM: [TestCheckIndex]\n   [junit4] Completed [1/1] in 0.45s, 1 test, 1 error <<< FAILURES!",
    "attachments": {},
    "issue_links": {},
    "comments": [
        {
            "id": "comment-14982989",
            "author": "ASF subversion and git services",
            "date": "2015-10-30T18:08:47+0000",
            "content": "Commit 1711531 from Michael McCandless in branch 'dev/trunk'\n[ https://svn.apache.org/r1711531 ]\n\nLUCENE-6866: limit max token length "
        },
        {
            "id": "comment-14982999",
            "author": "ASF subversion and git services",
            "date": "2015-10-30T18:11:45+0000",
            "content": "Commit 1711532 from Michael McCandless in branch 'dev/branches/branch_5x'\n[ https://svn.apache.org/r1711532 ]\n\nLUCENE-6866: limit max token length "
        },
        {
            "id": "comment-14983001",
            "author": "Michael McCandless",
            "date": "2015-10-30T18:12:21+0000",
            "content": "I couldn't repro but I committed a likely fix to limit max token length from MockAnalyzer. "
        },
        {
            "id": "comment-14983011",
            "author": "Steve Rowe",
            "date": "2015-10-30T18:21:35+0000",
            "content": "Thanks Michael McCandless, still fails for me on trunk at r1711530, but succeeds at r1711533, so your fix works. "
        },
        {
            "id": "comment-14983179",
            "author": "Michael McCandless",
            "date": "2015-10-30T19:54:03+0000",
            "content": "Thanks for confirming Steve Rowe! "
        }
    ]
}