{
    "id": "LUCENE-3547",
    "title": "TestIndexWriterWithThreads.testOpenTwoIndexWritersOnDifferentThreads test failure",
    "details": {
        "labels": "",
        "priority": "Major",
        "components": [],
        "type": "Bug",
        "fix_versions": [],
        "affect_versions": "None",
        "resolution": "Unresolved",
        "status": "Open"
    },
    "description": "seen it fail like 5 times while running some tests the last few days (trunk)\n\n    [junit] Testsuite: org.apache.lucene.index.TestIndexWriterWithThreads\n    [junit] Testcase: testOpenTwoIndexWritersOnDifferentThreads(org.apache.lucene.index.TestIndexWriterWithThreads):    FAILED\n    [junit] Failed due to: org.apache.lucene.store.LockObtainFailedException: Lock obtain timed out: org.apache.lucene.store.MockLockFactoryWrapper$MockLock@705da7e0\n    [junit] junit.framework.AssertionFailedError: Failed due to: org.apache.lucene.store.LockObtainFailedException: Lock obtain timed out: org.apache.lucene.store.MockLockFactoryWrapper$MockLock@705da7e0\n    [junit]     at org.apache.lucene.index.TestIndexWriterWithThreads.testOpenTwoIndexWritersOnDifferentThreads(TestIndexWriterWithThreads.java:447)\n    [junit]     at org.apache.lucene.util.LuceneTestCase$2$1.evaluate(LuceneTestCase.java:615)\n    [junit]     at org.apache.lucene.util.LuceneTestCaseRunner.runChild(LuceneTestCaseRunner.java:149)\n    [junit]     at org.apache.lucene.util.LuceneTestCaseRunner.runChild(LuceneTestCaseRunner.java:51)\n    [junit] \n    [junit] \n    [junit] Tests run: 11, Failures: 1, Errors: 0, Time elapsed: 19.31 sec\n    [junit] \n    [junit] ------------- Standard Output ---------------\n    [junit] org.apache.lucene.store.LockObtainFailedException: Lock obtain timed out: org.apache.lucene.store.MockLockFactoryWrapper$MockLock@705da7e0\n    [junit]     at org.apache.lucene.store.Lock.obtain(Lock.java:84)\n    [junit]     at org.apache.lucene.index.IndexWriter.<init>(IndexWriter.java:848)\n    [junit]     at org.apache.lucene.index.TestIndexWriterWithThreads$DelayedIndexAndCloseRunnable.run(TestIndexWriterWithThreads.java:480)\n    [junit] ------------- ---------------- ---------------\n    [junit] ------------- Standard Error -----------------\n    [junit] NOTE: reproduce with: ant test -Dtestcase=TestIndexWriterWithThreads -Dtestmethod=testOpenTwoIndexWritersOnDifferentThreads -Dtests.seed=-75d13bd0fcdda0dd:-554b0eba6bdcc8d:-3f8911a7fc9514ef\n    [junit] NOTE: test params are: codec=RandomCodecProvider: {field=SimpleText}, sim=RandomSimilarityProvider(queryNorm=false,coord=true): {field=DFR I(F)L2}, locale=ru, timezone=Asia/Pontianak\n    [junit] NOTE: all tests run in this JVM:\n    [junit] [TestDateTools, TestByteSlices, TestCompoundFile, TestConsistentFieldNumbers, TestForTooMuchCloning, TestGlobalFieldNumbers, TestIndexCommit, TestIndexWriterWithThreads]\n    [junit] NOTE: Linux 3.0.6-gentoo amd64/Sun Microsystems Inc. 1.6.0_27 (64-bit)/cpus=8,threads=1,free=112228008,total=240975872\n    [junit] ------------- ---------------- ---------------",
    "attachments": {},
    "issue_links": {},
    "comments": []
}