{
    "id": "LUCENE-4646",
    "title": "TestFieldCacheSanityChecker.testInsanity1 failure",
    "details": {
        "components": [],
        "fix_versions": [],
        "affect_versions": "None",
        "priority": "Major",
        "labels": "",
        "type": "Bug",
        "resolution": "Unresolved",
        "status": "Open"
    },
    "description": "I've hit this while running tests:\n\n\n[junit4:junit4] Suite: org.apache.lucene.util.TestFieldCacheSanityChecker\n[junit4:junit4]   2> NOTE: reproduce with: ant test  -Dtestcase=TestFieldCacheSanityChecker -Dtests.method=testInsanity1 -Dtests.seed=7E0EF33CC742369A -Dtests.slow=true -Dtests.locale=sr_RS_Latn -Dtests.timezone=ECT -Dtests.file.encoding=UTF-8\n[junit4:junit4] FAILURE 1.30s J0 | TestFieldCacheSanityChecker.testInsanity1 <<<\n[junit4:junit4]    > Throwable #1: java.lang.AssertionError: wrong number of entries in cache error expected:<2> but was:<4>\n[junit4:junit4]    >    at __randomizedtesting.SeedInfo.seed([7E0EF33CC742369A:15B02AB0AB1CB68A]:0)\n[junit4:junit4]    >    at org.junit.Assert.fail(Assert.java:93)\n[junit4:junit4]    >    at org.junit.Assert.failNotEquals(Assert.java:647)\n[junit4:junit4]    >    at org.junit.Assert.assertEquals(Assert.java:128)\n[junit4:junit4]    >    at org.junit.Assert.assertEquals(Assert.java:472)\n[junit4:junit4]    >    at org.apache.lucene.util.TestFieldCacheSanityChecker.testInsanity1(TestFieldCacheSanityChecker.java:135)\n\n\n\nFailed to reproduce with the seed w/ and w/o tests.method. Tried w/ tetss.iters=100, but did not reproduce either.",
    "attachments": {},
    "issue_links": {},
    "comments": []
}