{
    "id": "LUCENE-6873",
    "title": "heatmap bug causing InvalidShapeException",
    "details": {
        "resolution": "Fixed",
        "affect_versions": "None",
        "components": [
            "modules/spatial"
        ],
        "labels": "",
        "fix_versions": [
            "5.5"
        ],
        "priority": "Major",
        "status": "Closed",
        "type": "Bug"
    },
    "description": "From a CI test failure:\nBuild: https://builds.apache.org/job/Lucene-Solr-NightlyTests-5.x/1003/\n\n\n1 tests failed.\nFAILED:  org.apache.lucene.spatial.prefix.HeatmapFacetCounterTest.testRandom {#11 seed=[D30126801503C858:4E8BBD0E05B60CEF]}\n\nError Message:\nmaxY must be >= minY: -23.184599227870876 to -23.18459922787088\n\nStack Trace:\ncom.spatial4j.core.exception.InvalidShapeException: maxY must be >= minY: -23.184599227870876 to -23.18459922787088\n        at __randomizedtesting.SeedInfo.seed([D30126801503C858:4E8BBD0E05B60CEF]:0)\n        at com.spatial4j.core.context.SpatialContext.makeRectangle(SpatialContext.java:218)\n        at org.apache.lucene.spatial.SpatialTestCase.randomRectangle(SpatialTestCase.java:175)\n        at org.apache.lucene.spatial.prefix.HeatmapFacetCounterTest.queryHeatmapRecursive(HeatmapFacetCounterTest.java:207)\n        at org.apache.lucene.spatial.prefix.HeatmapFacetCounterTest.queryHeatmapRecursive(HeatmapFacetCounterTest.java:207)\n        at org.apache.lucene.spatial.prefix.HeatmapFacetCounterTest.queryHeatmapRecursive(HeatmapFacetCounterTest.java:207)\n        at org.apache.lucene.spatial.prefix.HeatmapFacetCounterTest.testRandom(HeatmapFacetCounterTest.java:169)",
    "attachments": {
        "LUCENE_6873.patch": "https://issues.apache.org/jira/secure/attachment/12782750/LUCENE_6873.patch"
    },
    "issue_links": {},
    "comments": [
        {
            "id": "comment-15103579",
            "author": "David Smiley",
            "date": "2016-01-17T04:39:19+0000",
            "content": "More recently this was triggered with this seed:\n-ea -Dtests.seed=E872D6DAC40C4B76 -Dtests.multiplier=3 -Dtests.slow=true\n\nI debugged it and found it's a computational numeric precision issue in the test, and it has a simple fix.  Patch attached. "
        },
        {
            "id": "comment-15103580",
            "author": "ASF subversion and git services",
            "date": "2016-01-17T04:40:30+0000",
            "content": "Commit 1725057 from David Smiley in branch 'dev/trunk'\n[ https://svn.apache.org/r1725057 ]\n\nLUCENE-6873: Fix numerical precision issue in SpatialTestCase.randomGaussianMeanMax "
        },
        {
            "id": "comment-15103581",
            "author": "ASF subversion and git services",
            "date": "2016-01-17T04:41:27+0000",
            "content": "Commit 1725058 from David Smiley in branch 'dev/branches/branch_5x'\n[ https://svn.apache.org/r1725058 ]\n\nLUCENE-6873: Fix numerical precision issue in SpatialTestCase.randomGaussianMeanMax "
        }
    ]
}