{
    "id": "LUCENE-7557",
    "title": "GroupingSearchTest.testBasic() failure",
    "details": {
        "labels": "",
        "priority": "Major",
        "resolution": "Fixed",
        "affect_versions": "None",
        "status": "Resolved",
        "type": "Bug",
        "components": [
            "modules/grouping"
        ],
        "fix_versions": [
            "6.4",
            "7.0"
        ]
    },
    "description": "My Jenkins found a reproducing seed on branch_6x:\n\n\n   [junit4] Suite: org.apache.lucene.search.grouping.GroupingSearchTest\n   [junit4]   2> NOTE: reproduce with: ant test  -Dtestcase=GroupingSearchTest -Dtests.method=testBasic -Dtests.seed=9BB24ADA14828646 -Dtests.slow=true -Dtests.locale=sq-AL -Dtests.timezone=America/Noronha -Dtests.asserts=true -Dtests.file.encoding=UTF-8\n   [junit4] FAILURE 0.14s J4 | GroupingSearchTest.testBasic <<<\n   [junit4]    > Throwable #1: java.lang.AssertionError: expected:<author3> but was:<author1>\n   [junit4]    > \tat __randomizedtesting.SeedInfo.seed([9BB24ADA14828646:304857CFCB5E0068]:0)\n   [junit4]    > \tat org.apache.lucene.search.grouping.GroupingSearchTest.compareGroupValue(GroupingSearchTest.java:196)\n   [junit4]    > \tat org.apache.lucene.search.grouping.GroupingSearchTest.testBasic(GroupingSearchTest.java:134)\n   [junit4]    > \tat java.lang.Thread.run(Thread.java:745)\n   [junit4]   2> NOTE: test params are: codec=Asserting(Lucene62): {groupend=BlockTreeOrds(blocksize=128), author=PostingsFormat(name=LuceneVarGapDocFreqInterval), content=Lucene50(blocksize=128), group=PostingsFormat(name=LuceneVarGapDocFreqInterval)}, docValues:{author=DocValuesFormat(name=Lucene54), group=DocValuesFormat(name=Lucene54)}, maxPointsInLeafNode=831, maxMBSortInHeap=5.452843749897674, sim=RandomSimilarity(queryNorm=false,coord=yes): {author=IB SPL-D3(800.0), content=org.apache.lucene.search.similarities.BooleanSimilarity@e9a0cc7, group=DFR I(n)Z(0.3)}, locale=sq-AL, timezone=America/Noronha\n   [junit4]   2> NOTE: Linux 4.1.0-custom2-amd64 amd64/Oracle Corporation 1.8.0_77 (64-bit)/cpus=16,threads=1,free=407190896,total=514850816\n   [junit4]   2> NOTE: All tests run in this JVM: [GroupingSearchTest]\n   [junit4] Completed [1/6 (1!)] on J4 in 1.43s, 2 tests, 1 failure <<< FAILURES!",
    "attachments": {},
    "issue_links": {},
    "comments": [
        {
            "id": "comment-15659613",
            "date": "2016-11-12T12:48:12+0000",
            "content": "Two more reproducing seeds, from https://jenkins.thetaphi.de/job/Lucene-Solr-6.x-Linux/2155/ and https://jenkins.thetaphi.de/job/Lucene-Solr-master-Linux/18259/ respectively:\n\n\n  [junit4] Suite: org.apache.lucene.search.grouping.GroupingSearchTest\n  [junit4]   2> NOTE: reproduce with: ant test  -Dtestcase=GroupingSearchTest -Dtests.method=testBasic -Dtests.seed=74AE3383447106F1 -Dtests.multiplier=3 -Dtests.slow=true -Dtests.locale=kk-KZ -Dtests.timezone=UTC -Dtests.asserts=true -Dtests.file.encoding=UTF-8\n  [junit4] FAILURE 0.34s J1 | GroupingSearchTest.testBasic <<<\n  [junit4]    > Throwable #1: java.lang.AssertionError: expected:<[61 75 74 68 6f 72 33]> but was:<[61 75 74 68 6f 72 31]>\n  [junit4]    > \tat __randomizedtesting.SeedInfo.seed([74AE3383447106F1:DF542E969BAD80DF]:0)\n  [junit4]    > \tat org.apache.lucene.search.grouping.GroupingSearchTest.compareGroupValue(GroupingSearchTest.java:192)\n  [junit4]    > \tat org.apache.lucene.search.grouping.GroupingSearchTest.testBasic(GroupingSearchTest.java:134)\n  [junit4]    > \tat jdk.internal.reflect.NativeMethodAccessorImpl.invoke0(java.base@9-ea/Native Method)\n  [junit4]    > \tat jdk.internal.reflect.NativeMethodAccessorImpl.invoke(java.base@9-ea/NativeMethodAccessorImpl.java:62)\n  [junit4]    > \tat jdk.internal.reflect.DelegatingMethodAccessorImpl.invoke(java.base@9-ea/DelegatingMethodAccessorImpl.java:43)\n  [junit4]    > \tat java.lang.Thread.run(java.base@9-ea/Thread.java:843)\n  [junit4]   2> NOTE: test params are: codec=Asserting(Lucene62): {groupend=TestBloomFilteredLucenePostings(BloomFilteringPostingsFormat(Lucene50(blocksize=128))), author=PostingsFormat(name=Direct), content=PostingsFormat(name=Direct), group=PostingsFormat(name=LuceneVarGapFixedInterval)}, docValues:{author=DocValuesFormat(name=Lucene54), group=DocValuesFormat(name=Asserting)}, maxPointsInLeafNode=1809, maxMBSortInHeap=6.397949246619173, sim=RandomSimilarity(queryNorm=true,coord=no): {author=IB SPL-L2, content=org.apache.lucene.search.similarities.BooleanSimilarity@7bd73c, group=DFR GL1}, locale=kk-KZ, timezone=UTC\n  [junit4]   2> NOTE: Linux 4.4.0-42-generic i386/Oracle Corporation 9-ea (32-bit)/cpus=12,threads=1,free=42184584,total=67108864\n  [junit4]   2> NOTE: All tests run in this JVM: [GroupingSearchTest]\n  [junit4] Completed [1/6 (1!)] on J1 in 0.77s, 2 tests, 1 failure <<< FAILURES!\n\n\n\n\n  [junit4] Suite: org.apache.lucene.search.grouping.GroupingSearchTest\n  [junit4]   2> NOTE: reproduce with: ant test  -Dtestcase=GroupingSearchTest -Dtests.method=testBasic -Dtests.seed=26E177E5E4FC0BCB -Dtests.multiplier=3 -Dtests.slow=true -Dtests.locale=da -Dtests.timezone=Indian/Maldives -Dtests.asserts=true -Dtests.file.encoding=UTF-8\n  [junit4] FAILURE 0.04s J1 | GroupingSearchTest.testBasic <<<\n  [junit4]    > Throwable #1: java.lang.AssertionError: expected:<[61 75 74 68 6f 72 33]> but was:<[61 75 74 68 6f 72 31]>\n  [junit4]    > \tat __randomizedtesting.SeedInfo.seed([26E177E5E4FC0BCB:8D1B6AF03B208DE5]:0)\n  [junit4]    > \tat org.apache.lucene.search.grouping.GroupingSearchTest.compareGroupValue(GroupingSearchTest.java:192)\n  [junit4]    > \tat org.apache.lucene.search.grouping.GroupingSearchTest.testBasic(GroupingSearchTest.java:134)\n  [junit4]    > \tat java.lang.Thread.run(Thread.java:745)\n  [junit4]   2> NOTE: test params are: codec=Asserting(Lucene70): {groupend=TestBloomFilteredLucenePostings(BloomFilteringPostingsFormat(Lucene50(blocksize=128))), author=PostingsFormat(name=Memory), content=FSTOrd50, group=PostingsFormat(name=Memory)}, docValues:{author=DocValuesFormat(name=Asserting), group=DocValuesFormat(name=Asserting)}, maxPointsInLeafNode=609, maxMBSortInHeap=5.218009810094228, sim=RandomSimilarity(queryNorm=true): {author=IB LL-L3(800.0), content=org.apache.lucene.search.similarities.BooleanSimilarity@19fb6cb6, group=DFR I(ne)B3(800.0)}, locale=da, timezone=Indian/Maldives\n  [junit4]   2> NOTE: Linux 4.4.0-42-generic amd64/Oracle Corporation 1.8.0_102 (64-bit)/cpus=12,threads=1,free=453467488,total=508887040\n  [junit4]   2> NOTE: All tests run in this JVM: [AllGroupHeadsCollectorTest, AllGroupsCollectorTest, GroupingSearchTest]\n  [junit4] Completed [4/6 (1!)] on J1 in 0.10s, 2 tests, 1 failure <<< FAILURES!\n\n ",
            "author": "Steve Rowe"
        },
        {
            "id": "comment-15659821",
            "date": "2016-11-12T15:33:42+0000",
            "content": "I'll look into this ... ",
            "author": "Michael McCandless"
        },
        {
            "id": "comment-15659833",
            "date": "2016-11-12T15:42:26+0000",
            "content": "OK this is due to the addition of BooleanSimilarity (LUCENE-5867), because this test (illegally) assumes the similarity will score the documents in a certain order, and we randomly pick a similarity.  I'll push a fix to force it to use BM25Similarity. ",
            "author": "Michael McCandless"
        },
        {
            "id": "comment-15659836",
            "date": "2016-11-12T15:44:02+0000",
            "content": "Commit 8466cc77baf12f53bc0e00bb3c88b11339140105 in lucene-solr's branch refs/heads/branch_6x from Mike McCandless\n[ https://git-wip-us.apache.org/repos/asf?p=lucene-solr.git;h=8466cc7 ]\n\nLUCENE-7557: use BM25Similarity for this test ",
            "author": "ASF subversion and git services"
        },
        {
            "id": "comment-15659838",
            "date": "2016-11-12T15:45:34+0000",
            "content": "Commit b0c43d5fd89ba593d7f11bc807a02530e7691280 in lucene-solr's branch refs/heads/master from Mike McCandless\n[ https://git-wip-us.apache.org/repos/asf?p=lucene-solr.git;h=b0c43d5 ]\n\nLUCENE-7557: use BM25Similarity for this test ",
            "author": "ASF subversion and git services"
        }
    ]
}