{
    "id": "LUCENE-3411",
    "title": "TestIndexWriterDelete checkIndex failure",
    "details": {
        "labels": "",
        "priority": "Major",
        "components": [],
        "type": "Bug",
        "fix_versions": [
            "4.9",
            "6.0"
        ],
        "affect_versions": "None",
        "resolution": "Unresolved",
        "status": "Open"
    },
    "description": "hit this on the flexscoring branch: no indexer code is changed here, but the random seeds won't work in trunk... ill supply a patch with my local mods so we can reproduce.",
    "attachments": {
        "LUCENE-3411_localchanges.patch": "https://issues.apache.org/jira/secure/attachment/12492609/LUCENE-3411_localchanges.patch"
    },
    "issue_links": {},
    "comments": [
        {
            "date": "2011-09-01T15:04:37+0000",
            "content": "\n    [junit] Testsuite: org.apache.lucene.index.TestIndexWriterDelete\n    [junit] Testcase: testIndexingThenDeleting(org.apache.lucene.index.TestIndexWriterDelete):\tCaused an ERROR\n    [junit] CheckIndex failed\n    [junit] java.lang.RuntimeException: CheckIndex failed\n    [junit] \tat org.apache.lucene.util._TestUtil.checkIndex(_TestUtil.java:161)\n    [junit] \tat org.apache.lucene.util._TestUtil.checkIndex(_TestUtil.java:147)\n    [junit] \tat org.apache.lucene.store.MockDirectoryWrapper.close(MockDirectoryWrapper.java:488)\n    [junit] \tat org.apache.lucene.index.TestIndexWriterDelete.testIndexingThenDeleting(TestIndexWriterDelete.java:941)\n    [junit] \tat org.apache.lucene.util.LuceneTestCaseRunner.runChild(LuceneTestCaseRunner.java:148)\n    [junit] \tat org.apache.lucene.util.LuceneTestCaseRunner.runChild(LuceneTestCaseRunner.java:50)\n    [junit] \n    [junit] \n    [junit] Tests run: 19, Failures: 0, Errors: 1, Time elapsed: 23.776 sec\n    [junit] \n    [junit] ------------- Standard Output ---------------\n    [junit] CheckIndex failed\n    [junit] Segments file=segments_1 numSegments=2 version=4.0 format=FORMAT_4_0 [Lucene 4.0]\n    [junit]   1 of 2: name=_2 docCount=45482\n    [junit]     codec=SegmentCodecs [codecs=[Memory], provider=RandomCodecProvider: {field=Memory, content=MockVariableIntBlock(baseBlockSize=20), id=Pulsing(freqCutoff=5 minBlockSize=92 maxBlockSize=263), body=MockSep, contents=MockDocValuesCodec, value=Standard(minBlockSize=65 maxBlockSize=188), city=MockRandom}]\n    [junit]     compound=true\n    [junit]     hasProx=true\n    [junit]     numFiles=2\n    [junit]     size (MB)=2,256\n    [junit]     diagnostics = {optimize=false, mergeFactor=2, os.version=2.6.38-10-generic, os=Linux, lucene.version=4.0-SNAPSHOT, source=merge, os.arch=amd64, java.version=1.6.0_24, java.vendor=Sun Microsystems Inc.}\n    [junit]     no deletions\n    [junit]     test: open reader.........OK\n    [junit]     test: fields..............OK [1 fields]\n    [junit]     test: field norms.........OK [1 fields]\n    [junit]     test: terms, freq, prox...ERROR: java.lang.RuntimeException: term [31 39]: doc 45482 >= maxDoc 45482\n    [junit] java.lang.RuntimeException: term [31 39]: doc 45482 >= maxDoc 45482\n    [junit] \tat org.apache.lucene.index.CheckIndex.testTermIndex(CheckIndex.java:778)\n    [junit] \tat org.apache.lucene.index.CheckIndex.checkIndex(CheckIndex.java:569)\n    [junit] \tat org.apache.lucene.util._TestUtil.checkIndex(_TestUtil.java:157)\n    [junit] \tat org.apache.lucene.util._TestUtil.checkIndex(_TestUtil.java:147)\n    [junit] \tat org.apache.lucene.store.MockDirectoryWrapper.close(MockDirectoryWrapper.java:488)\n    [junit] \tat org.apache.lucene.index.TestIndexWriterDelete.testIndexingThenDeleting(TestIndexWriterDelete.java:941)\n    [junit] \tat sun.reflect.NativeMethodAccessorImpl.invoke0(Native Method)\n    [junit] \tat sun.reflect.NativeMethodAccessorImpl.invoke(NativeMethodAccessorImpl.java:39)\n    [junit] \tat sun.reflect.DelegatingMethodAccessorImpl.invoke(DelegatingMethodAccessorImpl.java:25)\n    [junit] \tat java.lang.reflect.Method.invoke(Method.java:597)\n    [junit] \tat org.junit.runners.model.FrameworkMethod$1.runReflectiveCall(FrameworkMethod.java:44)\n    [junit] \tat org.junit.internal.runners.model.ReflectiveCallable.run(ReflectiveCallable.java:15)\n    [junit] \tat org.junit.runners.model.FrameworkMethod.invokeExplosively(FrameworkMethod.java:41)\n    [junit] \tat org.junit.internal.runners.statements.InvokeMethod.evaluate(InvokeMethod.java:20)\n    [junit] \tat org.junit.rules.TestWatchman$1.evaluate(TestWatchman.java:48)\n    [junit] \tat org.junit.internal.runners.statements.RunBefores.evaluate(RunBefores.java:28)\n    [junit] \tat org.junit.internal.runners.statements.RunAfters.evaluate(RunAfters.java:31)\n    [junit] \tat org.junit.runners.BlockJUnit4ClassRunner.runChild(BlockJUnit4ClassRunner.java:76)\n    [junit] \tat org.apache.lucene.util.LuceneTestCaseRunner.runChild(LuceneTestCaseRunner.java:148)\n    [junit] \tat org.apache.lucene.util.LuceneTestCaseRunner.runChild(LuceneTestCaseRunner.java:50)\n    [junit] \tat org.junit.runners.ParentRunner$3.run(ParentRunner.java:193)\n    [junit] \tat org.junit.runners.ParentRunner$1.schedule(ParentRunner.java:52)\n    [junit] \tat org.junit.runners.ParentRunner.runChildren(ParentRunner.java:191)\n    [junit] \tat org.junit.runners.ParentRunner.access$000(ParentRunner.java:42)\n    [junit] \tat org.junit.runners.ParentRunner$2.evaluate(ParentRunner.java:184)\n    [junit] \tat org.junit.internal.runners.statements.RunBefores.evaluate(RunBefores.java:28)\n    [junit] \tat org.junit.internal.runners.statements.RunAfters.evaluate(RunAfters.java:31)\n    [junit] \tat org.junit.runners.ParentRunner.run(ParentRunner.java:236)\n    [junit] \tat junit.framework.JUnit4TestAdapter.run(JUnit4TestAdapter.java:39)\n    [junit] \tat org.apache.tools.ant.taskdefs.optional.junit.JUnitTestRunner.run(JUnitTestRunner.java:420)\n    [junit] \tat org.apache.tools.ant.taskdefs.optional.junit.JUnitTestRunner.launch(JUnitTestRunner.java:911)\n    [junit] \tat org.apache.tools.ant.taskdefs.optional.junit.JUnitTestRunner.main(JUnitTestRunner.java:743)\n    [junit]     test: stored fields.......OK [0 total field count; avg 0 fields per doc]\n    [junit]     test: term vectors........OK [0 total vector count; avg 0 term/freq vector fields per doc]\n    [junit]     test: DocValues........OK [0 total doc Count; Num DocValues Fields 0\n    [junit] FAILED\n    [junit]     WARNING: fixIndex() would remove reference to this segment; full exception:\n    [junit] java.lang.RuntimeException: Term Index test failed\n    [junit] \tat org.apache.lucene.index.CheckIndex.checkIndex(CheckIndex.java:584)\n    [junit] \tat org.apache.lucene.util._TestUtil.checkIndex(_TestUtil.java:157)\n    [junit] \tat org.apache.lucene.util._TestUtil.checkIndex(_TestUtil.java:147)\n    [junit] \tat org.apache.lucene.store.MockDirectoryWrapper.close(MockDirectoryWrapper.java:488)\n    [junit] \tat org.apache.lucene.index.TestIndexWriterDelete.testIndexingThenDeleting(TestIndexWriterDelete.java:941)\n    [junit] \tat sun.reflect.NativeMethodAccessorImpl.invoke0(Native Method)\n    [junit] \tat sun.reflect.NativeMethodAccessorImpl.invoke(NativeMethodAccessorImpl.java:39)\n    [junit] \tat sun.reflect.DelegatingMethodAccessorImpl.invoke(DelegatingMethodAccessorImpl.java:25)\n    [junit] \tat java.lang.reflect.Method.invoke(Method.java:597)\n    [junit] \tat org.junit.runners.model.FrameworkMethod$1.runReflectiveCall(FrameworkMethod.java:44)\n    [junit] \tat org.junit.internal.runners.model.ReflectiveCallable.run(ReflectiveCallable.java:15)\n    [junit] \tat org.junit.runners.model.FrameworkMethod.invokeExplosively(FrameworkMethod.java:41)\n    [junit] \tat org.junit.internal.runners.statements.InvokeMethod.evaluate(InvokeMethod.java:20)\n    [junit] \tat org.junit.rules.TestWatchman$1.evaluate(TestWatchman.java:48)\n    [junit] \tat org.junit.internal.runners.statements.RunBefores.evaluate(RunBefores.java:28)\n    [junit] \tat org.junit.internal.runners.statements.RunAfters.evaluate(RunAfters.java:31)\n    [junit] \tat org.junit.runners.BlockJUnit4ClassRunner.runChild(BlockJUnit4ClassRunner.java:76)\n    [junit] \tat org.apache.lucene.util.LuceneTestCaseRunner.runChild(LuceneTestCaseRunner.java:148)\n    [junit] \tat org.apache.lucene.util.LuceneTestCaseRunner.runChild(LuceneTestCaseRunner.java:50)\n    [junit] \tat org.junit.runners.ParentRunner$3.run(ParentRunner.java:193)\n    [junit] \tat org.junit.runners.ParentRunner$1.schedule(ParentRunner.java:52)\n    [junit] \tat org.junit.runners.ParentRunner.runChildren(ParentRunner.java:191)\n    [junit] \tat org.junit.runners.ParentRunner.access$000(ParentRunner.java:42)\n    [junit] \tat org.junit.runners.ParentRunner$2.evaluate(ParentRunner.java:184)\n    [junit] \tat org.junit.internal.runners.statements.RunBefores.evaluate(RunBefores.java:28)\n    [junit] \tat org.junit.internal.runners.statements.RunAfters.evaluate(RunAfters.java:31)\n    [junit] \tat org.junit.runners.ParentRunner.run(ParentRunner.java:236)\n    [junit] \tat junit.framework.JUnit4TestAdapter.run(JUnit4TestAdapter.java:39)\n    [junit] \tat org.apache.tools.ant.taskdefs.optional.junit.JUnitTestRunner.run(JUnitTestRunner.java:420)\n    [junit] \tat org.apache.tools.ant.taskdefs.optional.junit.JUnitTestRunner.launch(JUnitTestRunner.java:911)\n    [junit] \tat org.apache.tools.ant.taskdefs.optional.junit.JUnitTestRunner.main(JUnitTestRunner.java:743)\n    [junit] \n    [junit]   2 of 2: name=_3 docCount=22741\n    [junit]     codec=SegmentCodecs [codecs=[Memory], provider=RandomCodecProvider: {field=Memory, content=MockVariableIntBlock(baseBlockSize=20), id=Pulsing(freqCutoff=5 minBlockSize=92 maxBlockSize=263), body=MockSep, contents=MockDocValuesCodec, value=Standard(minBlockSize=65 maxBlockSize=188), city=MockRandom}]\n    [junit]     compound=true\n    [junit]     hasProx=true\n    [junit]     numFiles=2\n    [junit]     size (MB)=1,128\n    [junit]     diagnostics = {os.version=2.6.38-10-generic, os=Linux, lucene.version=4.0-SNAPSHOT, source=flush, os.arch=amd64, java.version=1.6.0_24, java.vendor=Sun Microsystems Inc.}\n    [junit]     no deletions\n    [junit]     test: open reader.........OK\n    [junit]     test: fields..............OK [1 fields]\n    [junit]     test: field norms.........OK [1 fields]\n    [junit]     test: terms, freq, prox...OK [21 terms; 477561 terms/docs pairs; 477561 tokens]\n    [junit]     test: stored fields.......OK [0 total field count; avg 0 fields per doc]\n    [junit]     test: term vectors........OK [0 total vector count; avg 0 term/freq vector fields per doc]\n    [junit]     test: DocValues........OK [0 total doc Count; Num DocValues Fields 0\n    [junit] \n    [junit] WARNING: 1 broken segments (containing 45482 documents) detected\n    [junit] \n    [junit] ------------- ---------------- ---------------\n    [junit] ------------- Standard Error -----------------\n    [junit] NOTE: reproduce with: ant test -Dtestcase=TestIndexWriterDelete -Dtestmethod=testIndexingThenDeleting -Dtests.seed=-77a5e53649d91be7:-2fa0c072bec00b06:-29ee9869203d1ce3\n    [junit] NOTE: test params are: codec=RandomCodecProvider: {field=Memory, content=MockVariableIntBlock(baseBlockSize=20), id=Pulsing(freqCutoff=5 minBlockSize=92 maxBlockSize=263), body=MockSep, contents=MockDocValuesCodec, value=Standard(minBlockSize=65 maxBlockSize=188), city=MockRandom}, sim=RandomSimilarityProvider(queryNorm=false,coord=true): {field=DFR P1, content=DFR I(F)L1, id=DFR I(n)B2, body=IB LL-D2, contents=DFR BeB2, value=DFR I(F)B1, city=DFR I(F)L1, country=DFR I(ne)B1}, locale=fr_LU, timezone=Australia/Victoria\n    [junit] NOTE: all tests run in this JVM:\n    [junit] [TestDemo, TestDocument, Test2BPostings, TestAddIndexes, TestBinaryTerms, TestCompoundFile, TestFieldInfos, TestFlushByRamOrCountsPolicy, TestIndexReaderOnDiskFull, TestIndexWriterDelete]\n    [junit] NOTE: Linux 2.6.38-10-generic amd64/Sun Microsystems Inc. 1.6.0_24 (64-bit)/cpus=8,threads=1,free=137491864,total=274792448\n    [junit] ------------- ---------------- ---------------\n\n ",
            "author": "Robert Muir",
            "id": "comment-13095333"
        },
        {
            "date": "2011-09-01T15:08:02+0000",
            "content": "here are my local changes for reference, but i can't even reproduce this one locally.... ",
            "author": "Robert Muir",
            "id": "comment-13095334"
        },
        {
            "date": "2011-11-14T10:35:00+0000",
            "content": "this is spooky, robert did you ever reproduce this? I am going to mark this as fixVersion 4.0 so we don't forget about it. ",
            "author": "Simon Willnauer",
            "id": "comment-13149546"
        },
        {
            "date": "2013-07-23T18:44:24+0000",
            "content": "Bulk move 4.4 issues to 4.5 and 5.0 ",
            "author": "Steve Rowe",
            "id": "comment-13716942"
        },
        {
            "date": "2014-04-16T12:54:28+0000",
            "content": "Move issue to Lucene 4.9. ",
            "author": "Uwe Schindler",
            "id": "comment-13970762"
        }
    ]
}