{
    "id": "LUCENE-2813",
    "title": "TestIndexWriterDelete fails randomly",
    "details": {
        "labels": "",
        "priority": "Major",
        "components": [],
        "type": "Bug",
        "fix_versions": [
            "3.1",
            "4.0-ALPHA"
        ],
        "affect_versions": "4.0-ALPHA",
        "resolution": "Fixed",
        "status": "Closed"
    },
    "description": "10 out of 9 runs with that see fail on my trunk:\n\nant test-core -Dtestcase=TestIndexWriterDelete -Dtestmethod=testErrorAfterApplyDeletes -Dtests.seed=4269712067829708991:1888184886355172227 -Dtests.codec=randomPerField\n\n\nwith this result:\n\n\njunit-sequential:\n    [junit] Testsuite: org.apache.lucene.index.TestIndexWriterDelete\n    [junit] Tests run: 1, Failures: 2, Errors: 0, Time elapsed: 1.725 sec\n    [junit] \n    [junit] ------------- Standard Output ---------------\n    [junit] NOTE: reproduce with: ant test -Dtestcase=TestIndexWriterDelete -Dtestmethod=testErrorAfterApplyDeletes -Dtests.seed=4269712067829708991:1888184886355172227 -Dtests.codec=randomPerField\n    [junit] NOTE: test params are: codec=RandomCodecProvider: {id=Standard, contents=SimpleText, city=MockSep}, locale=ar_QA, timezone=VST\n    [junit] ------------- ---------------- ---------------\n    [junit] ------------- Standard Error -----------------\n    [junit] NOTE: all tests run in this JVM:\n    [junit] [TestIndexWriterDelete]\n    [junit] ------------- ---------------- ---------------\n    [junit] Testcase: testErrorAfterApplyDeletes(org.apache.lucene.index.TestIndexWriterDelete):\tFAILED\n    [junit] \n    [junit] junit.framework.AssertionFailedError: \n    [junit] \tat org.apache.lucene.index.TestIndexWriterDelete.testErrorAfterApplyDeletes(TestIndexWriterDelete.java:736)\n    [junit] \tat org.apache.lucene.util.LuceneTestCase$LuceneTestCaseRunner.runChild(LuceneTestCase.java:1043)\n    [junit] \tat org.apache.lucene.util.LuceneTestCase$LuceneTestCaseRunner.runChild(LuceneTestCase.java:981)\n    [junit] \n    [junit] \n    [junit] Testcase: testErrorAfterApplyDeletes(org.apache.lucene.index.TestIndexWriterDelete):\tFAILED\n    [junit] ConcurrentMergeScheduler hit unhandled exceptions\n    [junit] junit.framework.AssertionFailedError: ConcurrentMergeScheduler hit unhandled exceptions\n    [junit] \tat org.apache.lucene.util.LuceneTestCase.tearDown(LuceneTestCase.java:503)\n    [junit] \tat org.apache.lucene.util.LuceneTestCase$LuceneTestCaseRunner.runChild(LuceneTestCase.java:1043)\n    [junit] \tat org.apache.lucene.util.LuceneTestCase$LuceneTestCaseRunner.runChild(LuceneTestCase.java:981)\n    [junit] \n    [junit] \n    [junit] Test org.apache.lucene.index.TestIndexWriterDelete FAILED",
    "attachments": {
        "output.txt": "https://issues.apache.org/jira/secure/attachment/12466159/output.txt",
        "LUCENE-2813.patch": "https://issues.apache.org/jira/secure/attachment/12466161/LUCENE-2813.patch"
    },
    "issue_links": {},
    "comments": [
        {
            "date": "2010-12-13T18:01:49+0000",
            "content": "Hmm I can't reproduce this, neither w/ that seed nor w/ the while1 tester.  Not good that we have a repro bug.\n\nThat assertion trip means that the mock-failure the test tries to throw failed to throw.\n\nAlso, what's up w/ the additional CMS unhandled exc failure?  You don't see any other exceptions printed for CMS threads?\n\nI just committed some verbosity \u2013 can you make a failure happen w/ -Dtests.verbose=true and post the output? ",
            "author": "Michael McCandless",
            "id": "comment-12970926"
        },
        {
            "date": "2010-12-13T18:37:44+0000",
            "content": "we should dig deeper. i reproduced trivially on the mac.\n\ni tried windows 32bit, 64bit, linux 32bit, all with 500 iterations, this test never fails.\n\nfirst try on the mac: boom\n\nDarwin new-host.home 10.4.0 Darwin Kernel Version 10.4.0: Fri Apr 23 18:28:53 PDT 2010; root:xnu-1504.7.4~1/RELEASE_I386 i386 i386\nJava(TM) SE Runtime Environment (build 1.6.0_20-b02-279-10M3065)\nJava HotSpot(TM) 64-Bit Server VM (build 16.3-b01-279, mixed mode) ",
            "author": "Robert Muir",
            "id": "comment-12970945"
        },
        {
            "date": "2010-12-13T18:45:34+0000",
            "content": "output with -Dtests.verbose=true ",
            "author": "Robert Muir",
            "id": "comment-12970948"
        },
        {
            "date": "2010-12-13T18:56:49+0000",
            "content": "OK thanks for the output Robert.\n\nIt's a test bug \u2013 the mock failure was throwing into a merge thread instead of the main thread.  Can you try the attached patch? ",
            "author": "Michael McCandless",
            "id": "comment-12970958"
        },
        {
            "date": "2010-12-13T19:03:57+0000",
            "content": "Patch works here, i tried 100 times with Simon's seed, then 100 times normally... no problems. ",
            "author": "Robert Muir",
            "id": "comment-12970964"
        },
        {
            "date": "2010-12-13T19:06:24+0000",
            "content": "Test only bug. ",
            "author": "Michael McCandless",
            "id": "comment-12970966"
        },
        {
            "date": "2010-12-13T22:44:14+0000",
            "content": "i tried windows 32bit, 64bit, linux 32bit, all with 500 iterations, this test never fails.\nweird thing - I was just gonna dig deeper but you fixed it already  thanks mike & robert...\n\nsimon ",
            "author": "Simon Willnauer",
            "id": "comment-12971061"
        },
        {
            "date": "2011-03-30T15:50:12+0000",
            "content": "Bulk close for 3.1 ",
            "author": "Grant Ingersoll",
            "id": "comment-13013395"
        }
    ]
}