{
    "id": "LUCENE-7161",
    "title": "TestMoreLikeThis.testMultiFieldShouldReturnPerFieldBooleanQuery assertion error",
    "details": {
        "resolution": "Unresolved",
        "affect_versions": "None",
        "components": [],
        "labels": "",
        "fix_versions": [
            "6.7",
            "7.0"
        ],
        "priority": "Major",
        "status": "Reopened",
        "type": "Bug"
    },
    "description": "I just hit this unrelated but reproducible on master #cc75be53f9b3b86ec59cb93896c4fd5a9a5926b2 while tweaking earth's radius:\n\n\n   [junit4] Suite: org.apache.lucene.queries.mlt.TestMoreLikeThis\n   [junit4]   2> NOTE: reproduce with: ant test  -Dtestcase=TestMoreLikeThis -Dtests.method=testMultiFieldShouldReturnPerFieldBooleanQuery -Dtests.seed=794526110651C8E6 -Dtests.locale=es-HN -Dtests.timezone=Brazil/West -Dtests.asserts=true -Dtests.file.encoding=US-ASCII\n   [junit4] FAILURE 0.25s | TestMoreLikeThis.testMultiFieldShouldReturnPerFieldBooleanQuery <<<\n   [junit4]    > Throwable #1: java.lang.AssertionError\n   [junit4]    > \tat __randomizedtesting.SeedInfo.seed([794526110651C8E6:1DF67ED7BBBF4E1D]:0)\n   [junit4]    > \tat org.apache.lucene.queries.mlt.TestMoreLikeThis.testMultiFieldShouldReturnPerFieldBooleanQuery(TestMoreLikeThis.java:320)\n   [junit4]    > \tat java.lang.Thread.run(Thread.java:745)\n   [junit4]   2> NOTE: test params are: codec=CheapBastard, sim=ClassicSimilarity, locale=es-HN, timezone=Brazil/West\n   [junit4]   2> NOTE: Linux 3.13.0-71-generic amd64/Oracle Corporation 1.8.0_60 (64-bit)/cpus=8,threads=1,free=409748864,total=504889344\n   [junit4]   2> NOTE: All tests run in this JVM: [TestMoreLikeThis]\n   [junit4] Completed [1/1 (1!)] in 0.45s, 1 test, 1 failure <<< FAILURES!\n   [junit4] \n   [junit4] \n   [junit4] Tests with failures [seed: 794526110651C8E6]:\n   [junit4]   - org.apache.lucene.queries.mlt.TestMoreLikeThis.testMultiFieldShouldReturnPerFieldBooleanQuery\n\n\n\nLikely related to LUCENE-6954?",
    "attachments": {},
    "issue_links": {},
    "comments": [
        {
            "id": "comment-15229960",
            "author": "Tommaso Teofili",
            "date": "2016-04-07T09:10:55+0000",
            "content": "thanks Mike for reporting, I'll take a look. "
        },
        {
            "id": "comment-15231955",
            "author": "Tommaso Teofili",
            "date": "2016-04-08T09:59:56+0000",
            "content": "I've managed to reproduce it with ant clean test -Dtests.seed=794526110651C8E6 without any change on geo stuff on plain master. The mentioned test is the one introduced with LUCENE-6954. "
        },
        {
            "id": "comment-15245379",
            "author": "ASF subversion and git services",
            "date": "2016-04-18T09:48:12+0000",
            "content": "Commit 4751b83c977962a1c0904260e8cb977ed7aa2fc5 in lucene-solr's branch refs/heads/master from Tommaso Teofili\n[ https://git-wip-us.apache.org/repos/asf?p=lucene-solr.git;h=4751b83 ]\n\nLUCENE-7161 - give enough similar docs for mlt to match "
        },
        {
            "id": "comment-15245383",
            "author": "ASF subversion and git services",
            "date": "2016-04-18T09:49:58+0000",
            "content": "Commit a62752699aa2759b6aaee1fcafb5923ce36e1969 in lucene-solr's branch refs/heads/branch_6x from Tommaso Teofili\n[ https://git-wip-us.apache.org/repos/asf?p=lucene-solr.git;h=a627526 ]\n\nLUCENE-7161 - give enough similar docs for mlt to match\n(cherry picked from commit 4751b83) "
        },
        {
            "id": "comment-15275768",
            "author": "Steve Rowe",
            "date": "2016-05-08T22:23:04+0000",
            "content": "Still getting failures at the same assertion, here's the ones I found since the  commits on this issue:\n\n\nBuild: http://jenkins.thetaphi.de/job/Lucene-Solr-6.x-MacOSX/112/\nJava: 64bit/jdk1.8.0 -XX:-UseCompressedOops -XX:+UseSerialGC\n\n  [junit4] Suite: org.apache.lucene.queries.mlt.TestMoreLikeThis\n  [junit4]   2> NOTE: reproduce with: ant test  -Dtestcase=TestMoreLikeThis -Dtests.method=testMultiFieldShouldReturnPerFieldBooleanQuery -Dtests.seed=25E751FED53FC993 -Dtests.slow=true -Dtests.locale=sq-AL -Dtests.timezone=Indian/Christmas -Dtests.asserts=true -Dtests.file.encoding=UTF-8\n  [junit4] FAILURE 0.11s J0 | TestMoreLikeThis.testMultiFieldShouldReturnPerFieldBooleanQuery <<<\n  [junit4]    > Throwable #1: java.lang.AssertionError\n  [junit4]    > \tat __randomizedtesting.SeedInfo.seed([25E751FED53FC993:4154093868D14F68]:0)\n  [junit4]    > \tat org.apache.lucene.queries.mlt.TestMoreLikeThis.testMultiFieldShouldReturnPerFieldBooleanQuery(TestMoreLikeThis.java:320)\n  [junit4]    > \tat java.lang.Thread.run(Thread.java:745)\n  [junit4]   2> NOTE: test params are: codec=Asserting(Lucene60): {weDontSell=PostingsFormat(name=LuceneVarGapDocFreqInterval), weSell=PostingsFormat(name=Asserting), text=PostingsFormat(name=LuceneVarGapDocFreqInterval), type=PostingsFormat(name=Memory doPackFST= true)}, docValues:{}, maxPointsInLeafNode=661, maxMBSortInHeap=5.444169477800975, sim=RandomSimilarity(queryNorm=false,coord=crazy): {weDontSell=DFR I(F)3(800.0), weSell=IB LL-D1, text=DFR I(ne)LZ(0.3), type=IB SPL-DZ(0.3)}, locale=sq-AL, timezone=Indian/Christmas\n  [junit4]   2> NOTE: Mac OS X 10.11.4 x86_64/Oracle Corporation 1.8.0_72 (64-bit)/cpus=3,threads=1,free=36894360,total=54788096\n  [junit4]   2> NOTE: All tests run in this JVM: [TestFunctionQueryExplanations, TermsQueryTest, TestDocValuesFieldSources, TestLongNormValueSource, TestCustomScoreQuery, TestFunctionQuerySort, TestBoostedQuery, TestMoreLikeThis]\n  [junit4] Completed [13/20 (1!)] on J0 in 0.42s, 6 tests, 1 failure <<< FAILURES!\n\n\n\n\nBuild: http://jenkins.thetaphi.de/job/Lucene-Solr-6.x-Linux/597/\nJava: 32bit/jdk1.8.0_92 -client -XX:+UseParallelGC\n\n  [junit4] Suite: org.apache.lucene.queries.mlt.TestMoreLikeThis\n  [junit4]   2> NOTE: reproduce with: ant test  -Dtestcase=TestMoreLikeThis -Dtests.method=testMultiFieldShouldReturnPerFieldBooleanQuery -Dtests.seed=60AAD450C5F7A579 -Dtests.multiplier=3 -Dtests.slow=true -Dtests.locale=sr-Latn-BA -Dtests.timezone=America/St_Vincent -Dtests.asserts=true -Dtests.file.encoding=UTF-8\n  [junit4] FAILURE 0.14s J2 | TestMoreLikeThis.testMultiFieldShouldReturnPerFieldBooleanQuery <<<\n  [junit4]    > Throwable #1: java.lang.AssertionError\n  [junit4]    > \tat __randomizedtesting.SeedInfo.seed([60AAD450C5F7A579:4198C9678192382]:0)\n  [junit4]    > \tat org.apache.lucene.queries.mlt.TestMoreLikeThis.testMultiFieldShouldReturnPerFieldBooleanQuery(TestMoreLikeThis.java:320)\n  [junit4]    > \tat java.lang.Thread.run(Thread.java:745)\n  [junit4]   2> NOTE: test params are: codec=Lucene60, sim=ClassicSimilarity, locale=sr-Latn-BA, timezone=America/St_Vincent\n  [junit4]   2> NOTE: Linux 4.4.0-21-generic i386/Oracle Corporation 1.8.0_92 (32-bit)/cpus=12,threads=1,free=28813616,total=48234496\n  [junit4]   2> NOTE: All tests run in this JVM: [TestMoreLikeThis]\n  [junit4] Completed [1/20 (1!)] on J2 in 0.89s, 6 tests, 1 failure <<< FAILURES!\n\n\n\n\nBuild: http://jenkins.sarowe.net/job/Lucene-Solr-tests-master/6738/\n\n  [junit4] Suite: org.apache.lucene.queries.mlt.TestMoreLikeThis\n  [junit4]   2> NOTE: download the large Jenkins line-docs file by running 'ant get-jenkins-line-docs' in the lucene directory.\n  [junit4]   2> NOTE: reproduce with: ant test  -Dtestcase=TestMoreLikeThis -Dtests.method=testMultiFieldShouldReturnPerFieldBooleanQuery -Dtests.seed=E467DF1643BE90EA -Dtests.slow=true -Dtests.linedocsfile=/home/jenkins/lucene-data/enwiki.random.lines.txt -Dtests.locale=et-EE -Dtests.timezone=America/Porto_Acre -Dtests.asserts=true -Dtests.file.encoding=UTF-8\n  [junit4] FAILURE 0.81s J2 | TestMoreLikeThis.testMultiFieldShouldReturnPerFieldBooleanQuery <<<\n  [junit4]    > Throwable #1: java.lang.AssertionError\n  [junit4]    > \tat __randomizedtesting.SeedInfo.seed([E467DF1643BE90EA:80D487D0FE501611]:0)\n  [junit4]    > \tat org.apache.lucene.queries.mlt.TestMoreLikeThis.testMultiFieldShouldReturnPerFieldBooleanQuery(TestMoreLikeThis.java:320)\n  [junit4]    > \tat java.lang.Thread.run(Thread.java:745)\n  [junit4]   2> NOTE: test params are: codec=Asserting(Lucene60): {weDontSell=FST50, weSell=TestBloomFilteredLucenePostings(BloomFilteringPostingsFormat(Lucene50(blocksize=128))), text=FST50, type=PostingsFormat(name=MockRandom)}, docValues:{}, maxPointsInLeafNode=98, maxMBSortInHeap=5.027511093192969, sim=RandomSimilarity(queryNorm=true,coord=no): {weDontSell=DFR I(n)L3(800.0), weSell=IB LL-DZ(0.3), text=DFR GL2, type=DFR I(ne)B3(800.0)}, locale=et-EE, timezone=America/Porto_Acre\n  [junit4]   2> NOTE: Linux 4.1.0-custom2-amd64 amd64/Oracle Corporation 1.8.0_77 (64-bit)/cpus=16,threads=1,free=440250896,total=514850816\n  [junit4]   2> NOTE: All tests run in this JVM: [TestFunctionQueryExplanations, TestFieldScoreQuery, TestMoreLikeThis]\n  [junit4] Completed [13/20 (1!)] on J2 in 1.86s, 6 tests, 1 failure <<< FAILURES!\n\n "
        },
        {
            "id": "comment-15292721",
            "author": "ASF subversion and git services",
            "date": "2016-05-20T05:04:33+0000",
            "content": "Commit 1aceb67e28136f80b31d965916cf518c4d397de7 in lucene-solr's branch refs/heads/master from Tommaso Teofili\n[ https://git-wip-us.apache.org/repos/asf?p=lucene-solr.git;h=1aceb67 ]\n\nLUCENE-7161 - mitigate not enough docs test issue while looking for  a better solution "
        },
        {
            "id": "comment-15305153",
            "author": "Steve Rowe",
            "date": "2016-05-28T03:59:24+0000",
            "content": "Policeman Jenkins found a reproducing seed http://jenkins.thetaphi.de/job/Lucene-Solr-master-Linux/16845/:\n\n\nChecking out Revision 2391b5b81dfade413d70d26da63e85cbd7245bf2 (refs/remotes/origin/master)\n[...]\n  [junit4] Suite: org.apache.lucene.queries.mlt.TestMoreLikeThis\n  [junit4]   2> NOTE: reproduce with: ant test  -Dtestcase=TestMoreLikeThis -Dtests.method=testMultiFieldShouldReturnPerFieldBooleanQuery -Dtests.seed=12E0331668C5EB5 -Dtests.multiplier=3 -Dtests.slow=true -Dtests.locale=he-IL -Dtests.timezone=America/Goose_Bay -Dtests.asserts=true -Dtests.file.encoding=UTF-8\n  [junit4] FAILURE 0.30s J2 | TestMoreLikeThis.testMultiFieldShouldReturnPerFieldBooleanQuery <<<\n  [junit4]    > Throwable #1: java.lang.AssertionError\n  [junit4]    > \tat __randomizedtesting.SeedInfo.seed([12E0331668C5EB5:659D5BF7DB62D84E]:0)\n  [junit4]    > \tat org.apache.lucene.queries.mlt.TestMoreLikeThis.testMultiFieldShouldReturnPerFieldBooleanQuery(TestMoreLikeThis.java:319)\n  [junit4]    > \tat java.lang.Thread.run(Thread.java:745)\n  [junit4]   2> NOTE: test params are: codec=Asserting(Lucene62): {weDontSell=PostingsFormat(name=Memory doPackFST= true), weSell=PostingsFormat(name=MockRandom), text=PostingsFormat(name=Memory doPackFST= true), type=PostingsFormat(name=MockRandom)}, docValues:{}, maxPointsInLeafNode=1575, maxMBSortInHeap=5.238800842479083, sim=ClassicSimilarity, locale=he-IL, timezone=America/Goose_Bay\n  [junit4]   2> NOTE: Linux 4.4.0-21-generic i386/Oracle Corporation 1.8.0_92 (32-bit)/cpus=12,threads=1,free=3718352,total=16252928\n  [junit4]   2> NOTE: All tests run in this JVM: [TestSortedSetFieldSource, TestValueSources, TestFieldScoreQuery, TestMoreLikeThis]\n  [junit4] Completed [9/20 (1!)] on J2 in 0.53s, 6 tests, 1 failure <<< FAILURES!\n\n "
        },
        {
            "id": "comment-15325865",
            "author": "Michael McCandless",
            "date": "2016-06-11T14:03:21+0000",
            "content": "Tommaso Teofili this didn't get backported to 6.x I think? "
        },
        {
            "id": "comment-15325874",
            "author": "Tommaso Teofili",
            "date": "2016-06-11T14:24:43+0000",
            "content": "correct. "
        },
        {
            "id": "comment-15325949",
            "author": "Michael McCandless",
            "date": "2016-06-11T16:41:58+0000",
            "content": "Oh, intentionally not backported?  How come? "
        },
        {
            "id": "comment-15325950",
            "author": "ASF subversion and git services",
            "date": "2016-06-11T16:42:56+0000",
            "content": "Commit 270d3859abad184e5ac1180f5e2c837a5cf0e038 in lucene-solr's branch refs/heads/branch_6x from Tommaso Teofili\n[ https://git-wip-us.apache.org/repos/asf?p=lucene-solr.git;h=270d385 ]\n\nLUCENE-7161 - mitigate not enough docs test issue while looking for  a better solution "
        },
        {
            "id": "comment-15325951",
            "author": "Tommaso Teofili",
            "date": "2016-06-11T16:43:16+0000",
            "content": "done, backported to branch_6x too. "
        },
        {
            "id": "comment-15325953",
            "author": "Michael McCandless",
            "date": "2016-06-11T16:54:21+0000",
            "content": "Ahh, thanks! "
        },
        {
            "id": "comment-15348017",
            "author": "Tommaso Teofili",
            "date": "2016-06-24T08:49:46+0000",
            "content": "yet another failure: http://jenkins.thetaphi.de/job/Lucene-Solr-master-Solaris/660/testReport/junit/org.apache.lucene.queries.mlt/TestMoreLikeThis/testMultiFieldShouldReturnPerFieldBooleanQuery/ "
        },
        {
            "id": "comment-15395985",
            "author": "Steve Rowe",
            "date": "2016-07-27T16:59:18+0000",
            "content": "Yet another failure, from https://builds.apache.org/job/Lucene-Solr-SmokeRelease-master/549/:\n\n\n  [smoker]    [junit4] Suite: org.apache.lucene.queries.mlt.TestMoreLikeThis\n  [smoker]    [junit4]   2> NOTE: reproduce with: ant test  -Dtestcase=TestMoreLikeThis -Dtests.method=testMultiFieldShouldReturnPerFieldBooleanQuery -Dtests.seed=3FA5C26ECE58C917 -Dtests.multiplier=2 -Dtests.locale=es-PA -Dtests.timezone=US/Central -Dtests.asserts=true -Dtests.file.encoding=ISO-8859-1\n  [smoker]    [junit4] FAILURE 0.46s J0 | TestMoreLikeThis.testMultiFieldShouldReturnPerFieldBooleanQuery <<<\n  [smoker]    [junit4]    > Throwable #1: java.lang.AssertionError\n  [smoker]    [junit4]    > \tat __randomizedtesting.SeedInfo.seed([3FA5C26ECE58C917:5B169AA873B64FEC]:0)\n  [smoker]    [junit4]    > \tat org.apache.lucene.queries.mlt.TestMoreLikeThis.testMultiFieldShouldReturnPerFieldBooleanQuery(TestMoreLikeThis.java:319)\n  [smoker]    [junit4]    > \tat java.lang.Thread.run(Thread.java:745)\n  [smoker]    [junit4]   2> NOTE: leaving temporary files on disk at: /x1/jenkins/jenkins-slave/workspace/Lucene-Solr-SmokeRelease-master/lucene/build/smokeTestRelease/tmp/unpack/lucene-7.0.0/build/queries/test/J0/temp/lucene.queries.mlt.TestMoreLikeThis_3FA5C26ECE58C917-001\n  [smoker]    [junit4]   2> NOTE: test params are: codec=Lucene62, sim=ClassicSimilarity, locale=es-PA, timezone=US/Central\n  [smoker]    [junit4]   2> NOTE: Linux 3.13.0-85-generic amd64/Oracle Corporation 1.8.0_74 (64-bit)/cpus=4,threads=1,free=269139656,total=342360064\n  [smoker]    [junit4]   2> NOTE: All tests run in this JVM: [TermsQueryTest, TestFunctionRangeQuery, TestCustomScoreQuery, TestFunctionQuerySort, TestMoreLikeThis]\n  [smoker]    [junit4] Completed [16/20 (1!)] on J0 in 0.92s, 6 tests, 1 failure <<< FAILURES!\n\n "
        },
        {
            "id": "comment-15395990",
            "author": "Steve Rowe",
            "date": "2016-07-27T17:01:03+0000",
            "content": "That job's history is gone; here's the info from the email sent to the dev list:\n\n\n  [junit4] Suite: org.apache.lucene.queries.mlt.TestMoreLikeThis\n  [junit4]   2> NOTE: reproduce with: ant test  -Dtestcase=TestMoreLikeThis -Dtests.method=testMultiFieldShouldReturnPerFieldBooleanQuery -Dtests.seed=116FB7FCD72BFF28 -Dtests.slow=true -Dtests.locale=th -Dtests.timezone=Africa/Ouagadougou -Dtests.asserts=true -Dtests.file.encoding=ISO-8859-1\n  [junit4] FAILURE 0.65s J1 | TestMoreLikeThis.testMultiFieldShouldReturnPerFieldBooleanQuery <<<\n  [junit4]    > Throwable #1: java.lang.AssertionError\n  [junit4]    > \tat __randomizedtesting.SeedInfo.seed([116FB7FCD72BFF28:75DCEF3A6AC579D3]:0)\n  [junit4]    > \tat org.apache.lucene.queries.mlt.TestMoreLikeThis.testMultiFieldShouldReturnPerFieldBooleanQuery(TestMoreLikeThis.java:319)\n  [junit4]    > \tat java.lang.Thread.run(Thread.java:745)\n  [junit4]   2> NOTE: test params are: codec=Asserting(Lucene62): {weDontSell=PostingsFormat(name=Memory doPackFST= true), weSell=TestBloomFilteredLucenePostings(BloomFilteringPostingsFormat(Lucene50(blocksize=128))), text=PostingsFormat(name=Memory doPackFST= true), type=FSTOrd50}, docValues:{}, maxPointsInLeafNode=20, maxMBSortInHeap=5.65984835937346, sim=RandomSimilarity(queryNorm=false,coord=no): {weDontSell=DFR I(F)BZ(0.3), weSell=IB SPL-LZ(0.3), text=DFR I(ne)B3(800.0), type=DFR I(F)LZ(0.3)}, locale=th, timezone=Africa/Ouagadougou\n  [junit4]   2> NOTE: SunOS 5.11 amd64/Oracle Corporation 1.8.0_92 (64-bit)/cpus=3,threads=1,free=35281856,total=67108864\n  [junit4]   2> NOTE: All tests run in this JVM: [TestMoreLikeThis]\n  [junit4] Completed [1/20 (1!)] on J1 in 2.67s, 6 tests, 1 failure <<< FAILURES!\n\n "
        },
        {
            "id": "comment-15402279",
            "author": "Steve Rowe",
            "date": "2016-08-01T15:52:36+0000",
            "content": "My Jenkins found a seed on branch_6x:\n\n\n   [junit4] Suite: org.apache.lucene.queries.mlt.TestMoreLikeThis\n   [junit4]   2> NOTE: download the large Jenkins line-docs file by running 'ant get-jenkins-line-docs' in the lucene directory.\n   [junit4]   2> NOTE: reproduce with: ant test  -Dtestcase=TestMoreLikeThis -Dtests.method=testMultiFieldShouldReturnPerFieldBooleanQuery -Dtests.seed=F41FAA899068BC32 -Dtests.slow=true -Dtests.linedocsfile=/home/jenkins/lucene-data/enwiki.random.lines.txt -Dtests.locale=es -Dtests.timezone=Indian/Antananarivo -Dtests.asserts=true -Dtests.file.encoding=UTF-8\n   [junit4] FAILURE 1.78s J8 | TestMoreLikeThis.testMultiFieldShouldReturnPerFieldBooleanQuery <<<\n   [junit4]    > Throwable #1: java.lang.AssertionError\n   [junit4]    > \tat __randomizedtesting.SeedInfo.seed([F41FAA899068BC32:90ACF24F2D863AC9]:0)\n   [junit4]    > \tat org.apache.lucene.queries.mlt.TestMoreLikeThis.testMultiFieldShouldReturnPerFieldBooleanQuery(TestMoreLikeThis.java:319)\n   [junit4]    > \tat java.lang.Thread.run(Thread.java:745)\n   [junit4]   2> NOTE: test params are: codec=Asserting(Lucene62): {weDontSell=PostingsFormat(name=Memory doPackFST= true), weSell=PostingsFormat(name=Asserting), text=PostingsFormat(name=Memory doPackFST= true), type=PostingsFormat(name=MockRandom)}, docValues:{}, maxPointsInLeafNode=387, maxMBSortInHeap=5.426220147465891, sim=ClassicSimilarity, locale=es, timezone=Indian/Antananarivo\n   [junit4]   2> NOTE: Linux 4.1.0-custom2-amd64 amd64/Oracle Corporation 1.8.0_77 (64-bit)/cpus=16,threads=1,free=418951904,total=514850816\n   [junit4]   2> NOTE: All tests run in this JVM: [TestFunctionQueryExplanations, BoostingQueryTest, TestMoreLikeThis]\n   [junit4] Completed [7/20 (1!)] on J8 in 2.30s, 6 tests, 1 failure <<< FAILURES!\n\n "
        },
        {
            "id": "comment-15417694",
            "author": "Steve Rowe",
            "date": "2016-08-11T18:11:24+0000",
            "content": "My Jenkins found another seed on branch_6x, reproduces for me on master too:\n\n\n   [junit4] Suite: org.apache.lucene.queries.mlt.TestMoreLikeThis\n   [junit4]   2> NOTE: download the large Jenkins line-docs file by running 'ant get-jenkins-line-docs' in the lucene directory.\n   [junit4]   2> NOTE: reproduce with: ant test  -Dtestcase=TestMoreLikeThis -Dtests.method=testMultiFieldShouldReturnPerFieldBooleanQuery -Dtests.seed=C802AA860A1EAE50 -Dtests.slow=true -Dtests.linedocsfile=/home/jenkins/lucene-data/enwiki.random.lines.txt -Dtests.locale=hi -Dtests.timezone=MST7MDT -Dtests.asserts=true -Dtests.file.encoding=US-ASCII\n   [junit4] FAILURE 0.92s J1 | TestMoreLikeThis.testMultiFieldShouldReturnPerFieldBooleanQuery <<<\n   [junit4]    > Throwable #1: java.lang.AssertionError\n   [junit4]    > \tat __randomizedtesting.SeedInfo.seed([C802AA860A1EAE50:ACB1F240B7F028AB]:0)\n   [junit4]    > \tat org.apache.lucene.queries.mlt.TestMoreLikeThis.testMultiFieldShouldReturnPerFieldBooleanQuery(TestMoreLikeThis.java:319)\n   [junit4]    > \tat java.lang.Thread.run(Thread.java:745)\n   [junit4]   2> NOTE: test params are: codec=HighCompressionCompressingStoredFields(storedFieldsFormat=CompressingStoredFieldsFormat(compressionMode=HIGH_COMPRESSION, chunkSize=24521, maxDocsPerChunk=816, blockSize=707), termVectorsFormat=CompressingTermVectorsFormat(compressionMode=HIGH_COMPRESSION, chunkSize=24521, blockSize=707)), sim=ClassicSimilarity, locale=hi, timezone=MST7MDT\n   [junit4]   2> NOTE: Linux 4.1.0-custom2-amd64 amd64/Oracle Corporation 1.8.0_77 (64-bit)/cpus=16,threads=1,free=376756384,total=514850816\n   [junit4]   2> NOTE: All tests run in this JVM: [TestPayloadSpans, TestMoreLikeThis]\n   [junit4] Completed [18/20 (1!)] on J1 in 1.76s, 6 tests, 1 failure <<< FAILURES!\n\n "
        },
        {
            "id": "comment-15418936",
            "author": "Michael McCandless",
            "date": "2016-08-12T14:44:36+0000",
            "content": "Do we have a sense of whether these ongoing failures are a test bug or a problem with LUCENE-6954?  Maybe we should revert LUCENE-6954 for now? "
        },
        {
            "id": "comment-15420914",
            "author": "ASF subversion and git services",
            "date": "2016-08-15T12:32:40+0000",
            "content": "Commit 25370cd7e03b19e14b37feac2cace9aa3ae150fa in lucene-solr's branch refs/heads/master from Robert Muir\n[ https://git-wip-us.apache.org/repos/asf?p=lucene-solr.git;h=25370cd ]\n\nLUCENE-7161: disable flaky test "
        },
        {
            "id": "comment-15420916",
            "author": "ASF subversion and git services",
            "date": "2016-08-15T12:33:58+0000",
            "content": "Commit 7df2a9e2667c91aac74aac843049724b2690afac in lucene-solr's branch refs/heads/branch_6x from Robert Muir\n[ https://git-wip-us.apache.org/repos/asf?p=lucene-solr.git;h=7df2a9e ]\n\nLUCENE-7161: disable flaky test "
        },
        {
            "id": "comment-15421077",
            "author": "ASF subversion and git services",
            "date": "2016-08-15T14:45:12+0000",
            "content": "Commit d7f4e25a1dd9e0f62db72fce6192e5481775c7c0 in lucene-solr's branch refs/heads/master from Robert Muir\n[ https://git-wip-us.apache.org/repos/asf?p=lucene-solr.git;h=d7f4e25 ]\n\nLUCENE-7161: remove unused import "
        },
        {
            "id": "comment-15421081",
            "author": "ASF subversion and git services",
            "date": "2016-08-15T14:46:27+0000",
            "content": "Commit b2c983cef1caed06e76e5198f251a90e5cb34a42 in lucene-solr's branch refs/heads/branch_6x from Robert Muir\n[ https://git-wip-us.apache.org/repos/asf?p=lucene-solr.git;h=b2c983c ]\n\nLUCENE-7161: remove unused import "
        },
        {
            "id": "comment-15439088",
            "author": "Michael McCandless",
            "date": "2016-08-26T14:06:22+0000",
            "content": "Bulk move of still open issues from 6.2 to 6.3. "
        },
        {
            "id": "comment-16495411",
            "author": "Alessandro Benedetti",
            "date": "2018-05-30T16:41:44+0000",
            "content": "While refactoring the MoreLikeThis[1] \u00a0I just found this test awaiting fix\u00a0\n ( \u00a0@AwaitsFix(bugUrl = \"https://issues.apache.org/jira/browse/LUCENE-7161\")\n public void testMultiFieldShouldReturnPerFieldBooleanQuery\u00a0)\u00a0\n\nHappy to help, where can I find a seed to reproduce and debug the test failure ?\n I tried the test seeds in this Jira, but all of them succeeds on my local machine\u00a0\n e.g.\n\nant test -Dtestcase=TestMoreLikeThis -Dtests.method=testMultiFieldShouldReturnPerFieldBooleanQuery -Dtests.seed=C802AA860A1EAE50 -Dtests.slow=true -Dtests.linedocsfile=/home/jenkins/lucene-data/enwiki.random.lines.txt -Dtests.locale=hi -Dtests.timezone=MST7MDT -Dtests.asserts=true -Dtests.file.encoding=US-ASCII\n\n[1]\u00a0https://issues.apache.org/jira/browse/LUCENE-8326 "
        },
        {
            "id": "comment-16496438",
            "author": "Alessandro Benedetti",
            "date": "2018-05-31T12:11:05+0000",
            "content": "Just tried on current master all the seeds that had problem in various branches here :\n\n\n794526110651C8E6 - OK\n25E751FED53FC993 - OK\n60AAD450C5F7A579 - OK\nE467DF1643BE90EA - OK\n12E0331668C5EB5 - OK\n3FA5C26ECE58C917- OK\n116FB7FCD72BFF28 - OK\nF41FAA899068BC32 - OK\nC802AA860A1EAE50 - OK\n\nI also tried myself to run the test various times, with different random seeds, not able to reproduce any failure.\nIs anybody able to reproduce this issue anymore ?\nI would be more than happy to debug it and fix it. "
        },
        {
            "id": "comment-16516012",
            "author": "Erick Erickson",
            "date": "2018-06-18T16:56:26+0000",
            "content": "This test hasn't failed in over 4 weeks, OK to remove AwaitsFix? "
        },
        {
            "id": "comment-16516328",
            "author": "Alessandro Benedetti",
            "date": "2018-06-18T20:53:11+0000",
            "content": "I agree with this, happy to review and debug the issue if we are able to reproduce it again. "
        }
    ]
}