{
    "id": "LUCENE-2118",
    "title": "Intermittent failure in TestIndexWriterMergePolicy.testMaxBufferedDocsChange",
    "details": {
        "labels": "",
        "priority": "Minor",
        "components": [
            "core/index"
        ],
        "type": "Bug",
        "fix_versions": [
            "3.1",
            "4.0-ALPHA"
        ],
        "affect_versions": "3.1",
        "resolution": "Fixed",
        "status": "Closed"
    },
    "description": "Last night's build failed from it: http://hudson.zones.apache.org/hudson/job/Lucene-trunk/1019/changes\n\nHere's the exc:\n\n\n    [junit] Testcase: testMaxBufferedDocsChange(org.apache.lucene.index.TestIndexWriterMergePolicy):\tFAILED\n    [junit] maxMergeDocs=2147483647; numSegments=11; upperBound=10; mergeFactor=10\n    [junit] junit.framework.AssertionFailedError: maxMergeDocs=2147483647; numSegments=11; upperBound=10; mergeFactor=10\n    [junit] \tat org.apache.lucene.index.TestIndexWriterMergePolicy.checkInvariants(TestIndexWriterMergePolicy.java:234)\n    [junit] \tat org.apache.lucene.index.TestIndexWriterMergePolicy.testMaxBufferedDocsChange(TestIndexWriterMergePolicy.java:164)\n    [junit] \tat org.apache.lucene.util.LuceneTestCase.runBare(LuceneTestCase.java:208)\n\n\n\nTest doesn't fail if I run on opensolaris nor os X machines...",
    "attachments": {
        "LUCENE-2118.patch": "https://issues.apache.org/jira/secure/attachment/12459366/LUCENE-2118.patch"
    },
    "issue_links": {},
    "comments": [
        {
            "date": "2010-01-03T15:32:45+0000",
            "content": "Robert hit this:\n\n\n   [junit] Testsuite: org.apache.lucene.index.TestIndexWriterMergePolicy\n   [junit] Tests run: 6, Failures: 1, Errors: 0, Time elapsed: 0.731 sec\n   [junit]\n   [junit] Testcase:\ntestMaxBufferedDocsChange(org.apache.lucene.index.TestIndexWriterMergePolicy):\nFAILED\n   [junit] maxMergeDocs=2147483647; numSegments=11; upperBound=10;\nmergeFactor=10; segs=_65:c5950 _5t:c10->_32 _5u:c10->_32 _5v:c10->_32\n_5w:c10->_32 _5x:c10->_32 _5y:c10->_32 _5z:c10->_32 _60:c10->_32\n_61:c10->_32 62:c8->_32 _64:c2->_62\n   [junit] junit.framework.AssertionFailedError:\nmaxMergeDocs=2147483647; numSegments=11; upperBound=10;\nmergeFactor=10; segs=_65:c5950 _5t:c10->_32 _5u:c10->_32 _5v:c10->_32\n_5w:c10->_32 _5x:c10->_32 _5y:c10->_32 _5z:c10->_32 _60:c10->_32\n_61:c10->_32 _62:c8->_32 _64:c2->_62\n   [junit]     at\norg.apache.lucene.index.TestIndexWriterMergePolicy.checkInvariants(TestIndexWriterMergePolicy.java:234)\n   [junit]     at\norg.apache.lucene.index.TestIndexWriterMergePolicy.testMaxBufferedDocsChange(TestIndexWriterMergePolicy.java:164)\n   [junit]     at\norg.apache.lucene.util.LuceneTestCase.runBare(LuceneTestCase.java:212)\n\n ",
            "author": "Michael McCandless",
            "id": "comment-12795982"
        },
        {
            "date": "2010-08-07T21:48:37+0000",
            "content": "I found the root cause here; it's a rare case, due to shared doc stores.  Whenever the merge must merge doc stores and at least 1 segment is referencing the currently open shared doc stores, IW must flush.  It's an \"unusual\" flush because it's triggered by the right merge and not maxBuffereDocs/RAM being consumed.\n\nWhen this happens we fail to check for newly required merges, which can then leave the index in a state where it needs a merge, causing this failure.\n\nI can't repro this failure, but I think very likely this is the cause.  The fix is to call updatePendingMerges in the two places where we do these \"unusual\" flushes.  I'll commit shortly. ",
            "author": "Michael McCandless",
            "id": "comment-12896287"
        },
        {
            "date": "2010-08-23T13:04:44+0000",
            "content": "Alas this issue still happens.  I just hit this on trunk:\n\n\n    [junit] Testsuite: org.apache.lucene.index.TestIndexWriterMergePolicy\n    [junit] Testcase: testMaxBufferedDocsChange(org.apache.lucene.index.TestIndexWriterMergePolicy):\tFAILED\n    [junit] maxMergeDocs=2147483647; numSegments=11; upperBound=10; mergeFactor=10; segs=_65:c5950 _5t:c10->_32 _5u:c10->_32 _5v:c10->_32 _5w:c10->_32\n      _5x:c10->_32 _5y:c10->_32 _5z:c10->_32 _60:c10->_32 _61:c10->_32 _62:c1->_32 _63:c9->_62\n    [junit] junit.framework.AssertionFailedError: maxMergeDocs=2147483647; numSegments=11; upperBound=10; mergeFactor=10; segs=_65:c5950 _5t:c10->_32\n      _5u:c10->_32 _5v:c10->_32 _5w:c10->_32 _5x:c10->_32 _5y:c10->_32 _5z:c10->_32 _60:c10->_32 _61:c10->_32 _62:c1->_32 _63:c9->_62\n    [junit] \tat org.apache.lucene.index.TestIndexWriterMergePolicy.checkInvariants(TestIndexWriterMergePolicy.java:251)\n    [junit] \tat org.apache.lucene.index.TestIndexWriterMergePolicy.testMaxBufferedDocsChange(TestIndexWriterMergePolicy.java:177)\n    [junit] \tat org.apache.lucene.util.LuceneTestCase.runBare(LuceneTestCase.java:385)\n    [junit] \tat org.apache.lucene.util.LuceneTestCase.run(LuceneTestCase.java:377)\n\n ",
            "author": "Michael McCandless",
            "id": "comment-12901381"
        },
        {
            "date": "2010-09-07T09:19:31+0000",
            "content": "Steven A Rowe just hit this again, on trunk:\n\n\nNOTE: random codec of testcase 'testMaxBufferedDocsChange' was: MockSep\nNOTE: random locale of testcase 'testMaxBufferedDocsChange' was: en_PH\nNOTE: random timezone of testcase 'testMaxBufferedDocsChange' was: America/Indianapolis\nNOTE: random seed of testcase 'testMaxBufferedDocsChange' was: 4118460220441676374\n\njunit.framework.AssertionFailedError: maxMergeDocs=2147483647; numSegments=11; upperBound=10; mergeFactor=10; segs=_65:c5950 _5t:c10->_32 _5u:c10->_32 _5v:c10->_32 _5w:c10->_32 _5x:c10->_32 _5y:c10->_32 _5z:c10->_32 _60:c10->_32 _61:c10->_32 _62:c1->_32 _63:c9->_62\n       at org.apache.lucene.index.TestIndexWriterMergePolicy.checkInvariants(TestIndexWriterMergePolicy.java:251)\n       at org.apache.lucene.index.TestIndexWriterMergePolicy.testMaxBufferedDocsChange(TestIndexWriterMergePolicy.java:177)\n       at sun.reflect.NativeMethodAccessorImpl.invoke0(Native Method)\n       at sun.reflect.NativeMethodAccessorImpl.invoke(NativeMethodAccessorImpl.java:39)\n       at sun.reflect.DelegatingMethodAccessorImpl.invoke(DelegatingMethodAccessorImpl.java:25)\n       at org.apache.lucene.util.LuceneTestCase.runBare(LuceneTestCase.java:395)\n       at org.apache.lucene.util.LuceneTestCase.run(LuceneTestCase.java:387)\n       at org.junit.internal.runners.JUnit38ClassRunner.run(JUnit38ClassRunner.java:83)\n       at org.junit.runners.Suite.runChild(Suite.java:128)\n       at org.junit.runners.Suite.runChild(Suite.java:24)\n       at org.junit.runners.ParentRunner$3.run(ParentRunner.java:193)\n       at org.junit.runners.ParentRunner$1.schedule(ParentRunner.java:52)\n       at org.junit.runners.ParentRunner.runChildren(ParentRunner.java:191)\n       at org.junit.runners.ParentRunner.access$000(ParentRunner.java:42)\n       at org.junit.runners.ParentRunner$2.evaluate(ParentRunner.java:184)\n       at org.junit.runners.ParentRunner.run(ParentRunner.java:236)\n       at org.junit.runner.JUnitCore.run(JUnitCore.java:157)\n       at com.intellij.junit4.JUnit4IdeaTestRunner.startRunnerWithArgs(JUnit4IdeaTestRunner.java:94)\n       at com.intellij.rt.execution.junit.JUnitStarter.prepareStreamsAndStart(JUnitStarter.java:192)\n       at com.intellij.rt.execution.junit.JUnitStarter.main(JUnitStarter.java:64)\n       at sun.reflect.NativeMethodAccessorImpl.invoke0(Native Method)\n       at sun.reflect.NativeMethodAccessorImpl.invoke(NativeMethodAccessorImpl.java:39)\n       at com.intellij.rt.execution.application.AppMain.main(AppMain.java:115)\n\n ",
            "author": "Michael McCandless",
            "id": "comment-12906720"
        },
        {
            "date": "2010-10-17T12:41:43+0000",
            "content": "Hudson hit this last night (brancH_3x)\n\n    [junit] Testsuite: org.apache.lucene.index.TestIndexWriterMergePolicy\n    [junit] Testcase: testMaxBufferedDocsChange(org.apache.lucene.index.TestIndexWriterMergePolicy):\tFAILED\n    [junit] maxMergeDocs=2147483647; numSegments=11; upperBound=10; mergeFactor=10; segs=_65:c5950 _5t:c10->_32 _5u:c10->_32 _5v:c10->_32 _5w:c10->_32 _5x:c10->_32 _5y:c10->_32 _5z:c10->_32 _60:c10->_32 _61:c10->_32 _62:c5->_32 _63:c5->_62\n    [junit] junit.framework.AssertionFailedError: maxMergeDocs=2147483647; numSegments=11; upperBound=10; mergeFactor=10; segs=_65:c5950 _5t:c10->_32 _5u:c10->_32 _5v:c10->_32 _5w:c10->_32 _5x:c10->_32 _5y:c10->_32 _5z:c10->_32 _60:c10->_32 _61:c10->_32 _62:c5->_32 _63:c5->_62\n    [junit] \tat org.apache.lucene.util.LuceneTestCase$LuceneTestCaseRunner.runChild(LuceneTestCase.java:770)\n    [junit] \tat org.apache.lucene.util.LuceneTestCase$LuceneTestCaseRunner.runChild(LuceneTestCase.java:737)\n    [junit] \tat org.apache.lucene.index.TestIndexWriterMergePolicy.checkInvariants(TestIndexWriterMergePolicy.java:243)\n    [junit] \tat org.apache.lucene.index.TestIndexWriterMergePolicy.testMaxBufferedDocsChange(TestIndexWriterMergePolicy.java:169)\n    [junit] \n    [junit] \n    [junit] Tests run: 6, Failures: 1, Errors: 0, Time elapsed: 2.31 sec\n    [junit] \n    [junit] ------------- Standard Output ---------------\n    [junit] NOTE: reproduce with: ant test -Dtestcase=TestIndexWriterMergePolicy -Dtestmethod=testMaxBufferedDocsChange -Dtests.seed=5199282654207860248:-4379090235199517829 -Dtests.multiplier=3\n    [junit] NOTE: test params are: locale=is_IS, timezone=Africa/Porto-Novo\n    [junit] ------------- ---------------- ---------------\n    [junit] TEST org.apache.lucene.index.TestIndexWriterMergePolicy FAILED\n\n ",
            "author": "Robert Muir",
            "id": "comment-12921839"
        },
        {
            "date": "2010-11-11T17:37:27+0000",
            "content": "OK I think (again!) I found the root cause here \u2013 patch attached.\n\nBasically the test and LogMergePolicy disagreed on the boundary case of when a segment falls into the minimum level.  Just have to change < to <=. ",
            "author": "Michael McCandless",
            "id": "comment-12931101"
        },
        {
            "date": "2010-11-11T17:46:20+0000",
            "content": "Urgh \u2013 my commit breaks this test case:\n\nant test-core -Dtestcase=TestIndexWriter -Dtestmethod=testOptimizeMaxNumSegments2 -Dtests.seed=6113348674281247226:-4858946393178103452\n\n ",
            "author": "Michael McCandless",
            "id": "comment-12931102"
        },
        {
            "date": "2010-11-11T17:56:11+0000",
            "content": "Ah, I saw this error from \"testMaxBufferedDocsChange\" in testing LUCENE-2680.  Maybe it's not the changes I made in that particular case! ",
            "author": "Jason Rutherglen",
            "id": "comment-12931103"
        },
        {
            "date": "2010-11-11T18:04:45+0000",
            "content": "Slowly, nervously, I again mark this one fixed... ",
            "author": "Michael McCandless",
            "id": "comment-12931110"
        },
        {
            "date": "2011-03-30T15:50:16+0000",
            "content": "Bulk close for 3.1 ",
            "author": "Grant Ingersoll",
            "id": "comment-13013419"
        }
    ]
}