{
    "id": "LUCENE-8112",
    "title": "TestBooleanRewrites.testRandom() failure",
    "details": {
        "labels": "",
        "priority": "Major",
        "resolution": "Fixed",
        "affect_versions": "None",
        "status": "Resolved",
        "type": "Bug",
        "components": [],
        "fix_versions": [
            "master (8.0)"
        ]
    },
    "description": "Reproducing master seed from my Jenkins:\n\n\nChecking out Revision 33f421e798d47da6482ed5ff3c55efe7d8f350f8 (refs/remotes/origin/master)\n[...]\n  [junit4]   2> NOTE: reproduce with: ant test  -Dtestcase=TestBooleanRewrites -Dtests.method=testRandom -Dtests.seed=4D1C151F5CAD94E3 -Dtests.slow=true -Dtests.locale=nn-NO -Dtests.timezone=Africa/Blantyre -Dtests.asserts=true -Dtests.file.encoding=UTF-8\n  [junit4] FAILURE 0.05s J3 | TestBooleanRewrites.testRandom <<<\n  [junit4]    > Throwable #1: java.lang.AssertionError: expected:<1.0016778707504272> but was:<1.2823400497436523>\n  [junit4]    > \tat __randomizedtesting.SeedInfo.seed([4D1C151F5CAD94E3:3F503010EDCD2290]:0)\n  [junit4]    > \tat org.apache.lucene.search.TestBooleanRewrites.assertEquals(TestBooleanRewrites.java:427)\n  [junit4]    > \tat org.apache.lucene.search.TestBooleanRewrites.testRandom(TestBooleanRewrites.java:367)\n  [junit4]    > \tat java.lang.Thread.run(Thread.java:748)\n  [junit4]   2> NOTE: test params are: codec=Lucene70, sim=Asserting(org.apache.lucene.search.similarities.AssertingSimilarity@2b18c523), locale=nn-NO, timezone=Africa/Blantyre\n  [junit4]   2> NOTE: Linux 4.1.0-custom2-amd64 amd64/Oracle Corporation 1.8.0_151 (64-bit)/cpus=16,threads=1,free=412570536,total=514850816",
    "attachments": {},
    "issue_links": {},
    "comments": [
        {
            "id": "comment-16306800",
            "date": "2017-12-30T14:41:47+0000",
            "content": "Thanks Steve. This was a problem with the Axiomatic similarities, which ignored the query boost factor and which I fixed in https://git-wip-us.apache.org/repos/asf?p=lucene-solr.git;h=8dfb019 yesterday. I just checked that the test fails without this commit and passes with it. ",
            "author": "Adrien Grand"
        },
        {
            "id": "comment-16307010",
            "date": "2017-12-31T00:14:43+0000",
            "content": "Crap, sorry for the noise Adrien Grand, I should have tested against HEAD. ",
            "author": "Steve Rowe"
        }
    ]
}