{
    "id": "LUCENE-7100",
    "title": "TestGeoUtils.testGeoRelations failure",
    "details": {
        "resolution": "Unresolved",
        "affect_versions": "None",
        "components": [],
        "labels": "",
        "fix_versions": [],
        "priority": "Major",
        "status": "Open",
        "type": "Bug"
    },
    "description": "Reproduces on current master:\n\n\n   [junit4] Suite: org.apache.lucene.spatial.util.TestGeoUtils\n   [junit4]   1> doc=692 matched but should not with distance error 0.0077156912991745465 on iteration 36\n   [junit4]   1>   lon=27.1404150808589 lat=89.35930714019196 distanceMeters=199031.30581689082 vs radiusMeters=197495.64170233608\n   [junit4]   2> NOTE: reproduce with: ant test  -Dtestcase=TestGeoUtils -Dtests.method=testGeoRelations -Dtests.seed=89BF47F028C05B0 -Dtests.slow=true -Dtests.locale=de-DE -Dtests.timezone=Europe/Vatican -Dtests.asserts=true -Dtests.file.encoding=ISO-8859-1\n   [junit4] FAILURE 0.24s | TestGeoUtils.testGeoRelations <<<\n   [junit4]    > Throwable #1: java.lang.AssertionError: 1 incorrect hits (see above)\n   [junit4]    > \tat __randomizedtesting.SeedInfo.seed([89BF47F028C05B0:CAB8E0CA767B730E]:0)\n   [junit4]    > \tat org.apache.lucene.spatial.util.TestGeoUtils.testGeoRelations(TestGeoUtils.java:543)\n   [junit4]    > \tat java.lang.Thread.run(Thread.java:745)\n   [junit4]   2> NOTE: test params are: codec=Asserting(Lucene60): {}, docValues:{}, maxPointsInLeafNode=1249, maxMBSortInHeap=6.743377596622864, sim=RandomSimilarity(queryNorm=false,coord=yes): {}, locale=de-DE, timezone=Europe/Vatican\n   [junit4]   2> NOTE: Linux 3.13.0-71-generic amd64/Oracle Corporation 1.8.0_60 (64-bit)/cpus=8,threads=1,free=430940200,total=504889344\n   [junit4]   2> NOTE: All tests run in this JVM: [TestGeoUtils]",
    "attachments": {},
    "issue_links": {},
    "comments": []
}