{
    "id": "LUCENE-8079",
    "title": "TestTopFieldCollectorEarlyTermination.testEarlyTermination() failures",
    "details": {
        "labels": "",
        "priority": "Major",
        "resolution": "Fixed",
        "affect_versions": "None",
        "status": "Closed",
        "type": "Bug",
        "components": [],
        "fix_versions": [
            "7.2",
            "master (8.0)"
        ]
    },
    "description": "From https://jenkins.thetaphi.de/job/Lucene-Solr-master-Linux/21037/, reproduces for me:\n\n\nChecking out Revision eb434dc47ac96e27676006216dd308d8f45beb81 (refs/remotes/origin/master)\n[...]\n   [junit4] Suite: org.apache.lucene.search.TestTopFieldCollectorEarlyTermination\n   [junit4]   2> NOTE: reproduce with: ant test  -Dtestcase=TestTopFieldCollectorEarlyTermination -Dtests.method=testEarlyTermination -Dtests.seed=A2B037B1E5851227 -Dtests.multiplier=3 -Dtests.slow=true -Dtests.locale=ar-EG -Dtests.timezone=Australia/Tasmania -Dtests.asserts=true -Dtests.file.encoding=US-ASCII\n   [junit4] FAILURE 4.90s J1 | TestTopFieldCollectorEarlyTermination.testEarlyTermination <<<\n   [junit4]    > Throwable #1: java.lang.AssertionError\n   [junit4]    > \tat __randomizedtesting.SeedInfo.seed([A2B037B1E5851227:6D2776EEDDE98224]:0)\n   [junit4]    > \tat org.apache.lucene.search.TestTopFieldCollectorEarlyTermination.doTestEarlyTermination(TestTopFieldCollectorEarlyTermination.java:159)\n   [junit4]    > \tat org.apache.lucene.search.TestTopFieldCollectorEarlyTermination.testEarlyTermination(TestTopFieldCollectorEarlyTermination.java:113)\n   [junit4]    > \tat java.base/jdk.internal.reflect.NativeMethodAccessorImpl.invoke0(Native Method)\n   [junit4]    > \tat java.base/jdk.internal.reflect.NativeMethodAccessorImpl.invoke(NativeMethodAccessorImpl.java:62)\n   [junit4]    > \tat java.base/jdk.internal.reflect.DelegatingMethodAccessorImpl.invoke(DelegatingMethodAccessorImpl.java:43)\n   [junit4]    > \tat java.base/java.lang.reflect.Method.invoke(Method.java:564)\n   [junit4]    > \tat java.base/java.lang.Thread.run(Thread.java:844)\n   [junit4]   2> NOTE: leaving temporary files on disk at: /home/jenkins/workspace/Lucene-Solr-master-Linux/lucene/build/core/test/J1/temp/lucene.search.TestTopFieldCollectorEarlyTermination_A2B037B1E5851227-001\n   [junit4]   2> NOTE: test params are: codec=CheapBastard, sim=Asserting(org.apache.lucene.search.similarities.AssertingSimilarity@4752ab49), locale=ar-EG, timezone=Australia/Tasmania\n   [junit4]   2> NOTE: Linux 4.10.0-40-generic amd64/Oracle Corporation 10-ea (64-bit)/cpus=8,threads=1,free=238915120,total=291504128\n\n\n\nalso reproduces for me, from https://jenkins.thetaphi.de/job/Lucene-Solr-master-Linux/21035/:\n\n\nChecking out Revision 41644bdcdcc0734115ce08ec24d6b408e1f8cf28 (refs/remotes/origin/master)\n[...]\n   [junit4] Suite: org.apache.lucene.search.TestTopFieldCollectorEarlyTermination\n   [junit4]   2> NOTE: reproduce with: ant test  -Dtestcase=TestTopFieldCollectorEarlyTermination -Dtests.method=testEarlyTermination -Dtests.seed=71B0072AA2373F2F -Dtests.multiplier=3 -Dtests.slow=true -Dtests.locale=ro-RO -Dtests.timezone=NZ -Dtests.asserts=true -Dtests.file.encoding=ISO-8859-1\n   [junit4] FAILURE 1.61s J1 | TestTopFieldCollectorEarlyTermination.testEarlyTermination <<<\n   [junit4]    > Throwable #1: java.lang.AssertionError\n   [junit4]    > \tat __randomizedtesting.SeedInfo.seed([71B0072AA2373F2F:BE2746759A5BAF2C]:0)\n   [junit4]    > \tat org.apache.lucene.search.TestTopFieldCollectorEarlyTermination.doTestEarlyTermination(TestTopFieldCollectorEarlyTermination.java:159)\n   [junit4]    > \tat org.apache.lucene.search.TestTopFieldCollectorEarlyTermination.testEarlyTermination(TestTopFieldCollectorEarlyTermination.java:113)\n   [junit4]    > \tat java.lang.Thread.run(Thread.java:748)\n   [junit4]   2> NOTE: test params are: codec=Asserting(Lucene70): {s=PostingsFormat(name=Direct)}, docValues:{ndv2=DocValuesFormat(name=Direct), ndv1=DocValuesFormat(name=Lucene70), s=DocValuesFormat(name=Asserting)}, maxPointsInLeafNode=842, maxMBSortInHeap=5.4000947262877155, sim=Asserting(org.apache.lucene.search.similarities.AssertingSimilarity@5b316450), locale=ro-RO, timezone=NZ\n   [junit4]   2> NOTE: Linux 4.10.0-40-generic amd64/Oracle Corporation 1.8.0_144 (64-bit)/cpus=8,threads=1,free=397344552,total=536870912\n\n\n\nAnd finally, also reproduces for me, from https://jenkins.thetaphi.de/job/Lucene-Solr-master-Linux/21017/ (the job log has expired, so I couldn't look up the commit sha):\n\n\n  [junit4] Suite: org.apache.lucene.search.TestTopFieldCollectorEarlyTermination\n  [junit4]   2> NOTE: reproduce with: ant test  -Dtestcase=TestTopFieldCollectorEarlyTermination -Dtests.method=testEarlyTermination -Dtests.seed=DCC750ADB3BCC43F -Dtests.multiplier=3 -Dtests.slow=true -Dtests.locale=ur-IN -Dtests.timezone=PLT -Dtests.asserts=true -Dtests.file.encoding=ISO-8859-1\n  [junit4] FAILURE 6.00s J0 | TestTopFieldCollectorEarlyTermination.testEarlyTermination <<<\n  [junit4]    > Throwable #1: java.lang.AssertionError\n  [junit4]    > \tat __randomizedtesting.SeedInfo.seed([DCC750ADB3BCC43F:135011F28BD0543C]:0)\n  [junit4]    > \tat org.apache.lucene.search.TestTopFieldCollectorEarlyTermination.doTestEarlyTermination(TestTopFieldCollectorEarlyTermination.java:159)\n  [junit4]    > \tat org.apache.lucene.search.TestTopFieldCollectorEarlyTermination.testEarlyTermination(TestTopFieldCollectorEarlyTermination.java:113)\n  [junit4]    > \tat java.base/jdk.internal.reflect.NativeMethodAccessorImpl.invoke0(Native Method)\n  [junit4]    > \tat java.base/jdk.internal.reflect.NativeMethodAccessorImpl.invoke(NativeMethodAccessorImpl.java:62)\n  [junit4]    > \tat java.base/jdk.internal.reflect.DelegatingMethodAccessorImpl.invoke(DelegatingMethodAccessorImpl.java:43)\n  [junit4]    > \tat java.base/java.lang.reflect.Method.invoke(Method.java:564)\n  [junit4]    > \tat java.base/java.lang.Thread.run(Thread.java:844)\n  [junit4]   2> NOTE: leaving temporary files on disk at: /home/jenkins/workspace/Lucene-Solr-master-Linux/lucene/build/core/test/J0/temp/lucene.search.TestTopFieldCollectorEarlyTermination_DCC750ADB3BCC43F-001\n  [junit4]   2> NOTE: test params are: codec=Asserting(Lucene70): {s=BlockTreeOrds(blocksize=128)}, docValues:{ndv2=DocValuesFormat(name=Lucene70), ndv1=DocValuesFormat(name=Direct), s=DocValuesFormat(name=Asserting)}, maxPointsInLeafNode=1043, maxMBSortInHeap=6.1759458091376, sim=Asserting(org.apache.lucene.search.similarities.AssertingSimilarity@55a5bb87), locale=ur-IN, timezone=PLT\n  [junit4]   2> NOTE: Linux 4.10.0-37-generic amd64/Oracle Corporation 10-ea (64-bit)/cpus=8,threads=1,free=484421216,total=536870912",
    "attachments": {},
    "issue_links": {},
    "comments": [
        {
            "id": "comment-16279433",
            "date": "2017-12-06T00:31:44+0000",
            "content": "This test was introduced by LUCENE-8059.\n\ngit bisect says the first failing commit for the DCC750ADB3BCC43F seed failure, above, is 01d12777, which was committed under LUCENE-8068.  I'll go link there now. ",
            "author": "Steve Rowe"
        },
        {
            "id": "comment-16279807",
            "date": "2017-12-06T08:01:32+0000",
            "content": "Commit 32ffea6f2eefa892a9692ddd0815cbc0d8eea4bd in lucene-solr's branch refs/heads/master from Jim Ferenczi\n[ https://git-wip-us.apache.org/repos/asf?p=lucene-solr.git;h=32ffea6 ]\n\nLUCENE-8079: Fix test bug ",
            "author": "ASF subversion and git services"
        },
        {
            "id": "comment-16279810",
            "date": "2017-12-06T08:02:33+0000",
            "content": "Commit b548f0be61efb5f67136882dfd3225edf5a720a9 in lucene-solr's branch refs/heads/branch_7x from Jim Ferenczi\n[ https://git-wip-us.apache.org/repos/asf?p=lucene-solr.git;h=b548f0b ]\n\nLUCENE-8079: Fix test bug ",
            "author": "ASF subversion and git services"
        },
        {
            "id": "comment-16279812",
            "date": "2017-12-06T08:04:02+0000",
            "content": "Thanks Steve Rowe, it was a test bug. I pushed a fix in master and 7x. ",
            "author": "Jim Ferenczi"
        },
        {
            "id": "comment-16279907",
            "date": "2017-12-06T09:27:52+0000",
            "content": "this is a test bug, off by one:\n\n\ndiff --git a/lucene/core/src/test/org/apache/lucene/search/TestTopFieldCollectorEarlyTermination.java b/lucene/core/src/test/org/apache/lucene/search/TestTopFieldCollectorEarlyTermination.java\nindex f225d0cc58..4b891de679 100644\n--- a/lucene/core/src/test/org/apache/lucene/search/TestTopFieldCollectorEarlyTermination.java\n+++ b/lucene/core/src/test/org/apache/lucene/search/TestTopFieldCollectorEarlyTermination.java\n@@ -154,7 +154,7 @@ public class TestTopFieldCollectorEarlyTermination extends LuceneTestCase {\n         TopDocs td2 = collector2.topDocs();\n \n         assertFalse(collector1.isEarlyTerminated());\n-        if (trackMaxScore == false && paging == false && maxSegmentSize >= numHits && query instanceof MatchAllDocsQuery) {\n+        if (trackMaxScore == false && paging == false && maxSegmentSize > numHits && query instanceof MatchAllDocsQuery) {\n           // Make sure that we sometimes early terminate\n           assertTrue(collector2.isEarlyTerminated());\n         }\n\n\n\nI will push a fix soon. /cc Adrien Grand\n\nThis test was introduced by LUCENE-8059.\ngit bisect says the first failing commit for the DCC750ADB3BCC43F seed failure, above, is 01d12777, which was committed under LUCENE-8068. I'll go link there now.\n\nthis bisects to my commit since it does new fancy random things in the RandomIndexWriter. Thanks anyway Steve Rowe for the ping. ",
            "author": "Simon Willnauer"
        },
        {
            "id": "comment-16279916",
            "date": "2017-12-06T09:32:08+0000",
            "content": "ah nevermind jim fixed it already I didn't refresh the page before commenting. ",
            "author": "Simon Willnauer"
        },
        {
            "id": "comment-16279917",
            "date": "2017-12-06T09:32:20+0000",
            "content": "Jim pushed a fix for it earlier, we should be good now. ",
            "author": "Adrien Grand"
        }
    ]
}