{
    "id": "LUCENE-7172",
    "title": "TestGeoPointQuery.testEquals() failure",
    "details": {
        "resolution": "Unresolved",
        "affect_versions": "6.0",
        "components": [
            "modules/spatial"
        ],
        "labels": "",
        "fix_versions": [],
        "priority": "Major",
        "status": "Open",
        "type": "Bug"
    },
    "description": "My Jenkins found a reproducing seed on branch_6_0 (reproduces for me at commit 48c80f91b8e5cd9b3a9b48e6184bd53e7619e7e3 ):\n\n\nChecking out Revision 48c80f91b8e5cd9b3a9b48e6184bd53e7619e7e3 (refs/remotes/origin/branch_6_0)\n[...]\n   [junit4] Suite: org.apache.lucene.spatial.geopoint.search.TestGeoPointQuery\n   [junit4]   2> NOTE: download the large Jenkins line-docs file by running 'ant get-jenkins-line-docs' in the lucene directory.\n   [junit4]   2> NOTE: reproduce with: ant test  -Dtestcase=TestGeoPointQuery -Dtests.method=testEquals -Dtests.seed=D800ACFE15AF78C3 -Dtests.slow=true -Dtests.linedocsfile=/home/jenkins/lucene-data/enwiki.random.lines.txt -Dtests.locale=fr -Dtests.timezone=Antarctica/McMurdo -Dtests.asserts=true -Dtests.file.encoding=UTF-8\n   [junit4] ERROR   0.04s J0 | TestGeoPointQuery.testEquals <<<\n   [junit4]    > Throwable #1: java.lang.IllegalArgumentException: radiusMeters 10000.0 exceeds maxRadius [7173.540691622848] at location [89.96774344373529 30.77343747893633]\n   [junit4]    > \tat __randomizedtesting.SeedInfo.seed([D800ACFE15AF78C3:DC6FFF65DB9628C1]:0)\n   [junit4]    > \tat org.apache.lucene.spatial.geopoint.search.GeoPointDistanceQuery.<init>(GeoPointDistanceQuery.java:78)\n   [junit4]    > \tat org.apache.lucene.spatial.geopoint.search.GeoPointDistanceQuery.<init>(GeoPointDistanceQuery.java:66)\n   [junit4]    > \tat org.apache.lucene.spatial.geopoint.search.TestGeoPointQuery.newDistanceQuery(TestGeoPointQuery.java:77)\n   [junit4]    > \tat org.apache.lucene.spatial.util.BaseGeoPointTestCase.testEquals(BaseGeoPointTestCase.java:863)\n   [junit4]    > \tat java.lang.Thread.run(Thread.java:745)\n   [junit4] IGNOR/A 0.00s J0 | TestGeoPointQuery.testRandomBig\n   [junit4]    > Assumption #1: 'nightly' test group is disabled (@Nightly())\n   [junit4]   2> NOTE: test params are: codec=CheapBastard, sim=ClassicSimilarity, locale=fr, timezone=Antarctica/McMurdo\n   [junit4]   2> NOTE: Linux 4.1.0-custom2-amd64 amd64/Oracle Corporation 1.8.0_45 (64-bit)/cpus=16,threads=1,free=488354960,total=522190848\n   [junit4]   2> NOTE: All tests run in this JVM: [TestGeoPointQuery]\n   [junit4] Completed [2/2 (1!)] on J0 in 5.19s, 28 tests, 1 error, 1 skipped <<< FAILURES!",
    "attachments": {},
    "issue_links": {},
    "comments": [
        {
            "id": "comment-15224649",
            "author": "Michael McCandless",
            "date": "2016-04-04T17:58:52+0000",
            "content": "Looks like a silly test bug ... Robert Muir has removed the odd max radius limitation for 6.1. "
        }
    ]
}