{
    "id": "LUCENE-4737",
    "title": "\"Who tests the tester\" tests sometimes fail under IBM J9",
    "details": {
        "components": [],
        "fix_versions": [
            "4.2",
            "6.0"
        ],
        "affect_versions": "None",
        "priority": "Major",
        "labels": "",
        "type": "Bug",
        "resolution": "Fixed",
        "status": "Closed"
    },
    "description": "Curiously, the tests only seem to fail when I run \"ant test\" from lucene/core.  No \"Reproduce with\" line is printed ... and if I run the failing tests alone, they do not fail.\n\nThe failures look like this:\n\n[junit4:junit4] Suite: org.apache.lucene.util.junitcompat.TestFailIfDirectoryNotClosed\n[junit4:junit4] FAILURE 0.02s J2 | TestFailIfDirectoryNotClosed.testFailIfDirectoryNotClosed <<<\n[junit4:junit4]    > Throwable #1: java.lang.AssertionError: expected:<1> but was:<0>\n[junit4:junit4]    > \tat org.junit.Assert.fail(Assert.java:93)\n[junit4:junit4]    > \tat org.junit.Assert.failNotEquals(Assert.java:647)\n[junit4:junit4]    > \tat org.junit.Assert.assertEquals(Assert.java:128)\n[junit4:junit4]    > \tat org.junit.Assert.assertEquals(Assert.java:472)\n[junit4:junit4]    > \tat org.junit.Assert.assertEquals(Assert.java:456)\n[junit4:junit4]    > \tat org.apache.lucene.util.junitcompat.TestFailIfDirectoryNotClosed.testFailIfDirectoryNotClosed(TestFailIfDirectoryNotClosed.java:41)\n[junit4:junit4]    > \tat sun.reflect.NativeMethodAccessorImpl.invoke0(Native Method)\n[junit4:junit4]    > \tat sun.reflect.NativeMethodAccessorImpl.invoke(NativeMethodAccessorImpl.java:60)\n[junit4:junit4]    > \tat sun.reflect.DelegatingMethodAccessorImpl.invoke(DelegatingMethodAccessorImpl.java:37)\n[junit4:junit4]    > \tat java.lang.reflect.Method.invoke(Method.java:611)\n[junit4:junit4]    > \tat org.junit.runners.model.FrameworkMethod$1.runReflectiveCall(FrameworkMethod.java:45)\n[junit4:junit4]    > \tat org.junit.internal.runners.model.ReflectiveCallable.run(ReflectiveCallable.java:15)\n[junit4:junit4]    > \tat org.junit.runners.model.FrameworkMethod.invokeExplosively(FrameworkMethod.java:42)\n[junit4:junit4]    > \tat org.junit.internal.runners.statements.InvokeMethod.evaluate(InvokeMethod.java:20)\n[junit4:junit4]    > \tat org.junit.internal.runners.statements.RunBefores.evaluate(RunBefores.java:28)\n[junit4:junit4]    > \tat org.junit.internal.runners.statements.RunAfters.evaluate(RunAfters.java:30)\n[junit4:junit4]    > \tat com.carrotsearch.randomizedtesting.rules.SystemPropertiesRestoreRule$1.evaluate(SystemPropertiesRestoreRule.java:53)\n[junit4:junit4]    > \tat org.junit.rules.RunRules.evaluate(RunRules.java:18)\n[junit4:junit4]    > \tat org.junit.runners.ParentRunner.runLeaf(ParentRunner.java:263)\n[junit4:junit4]    > \tat org.junit.runners.BlockJUnit4ClassRunner.runChild(BlockJUnit4ClassRunner.java:68)\n[junit4:junit4]    > \tat org.junit.runners.BlockJUnit4ClassRunner.runChild(BlockJUnit4ClassRunner.java:47)\n[junit4:junit4]    > \tat org.junit.runners.ParentRunner$3.run(ParentRunner.java:231)\n[junit4:junit4]    > \tat org.junit.runners.ParentRunner$1.schedule(ParentRunner.java:60)\n[junit4:junit4]    > \tat org.junit.runners.ParentRunner.runChildren(ParentRunner.java:229)\n[junit4:junit4]    > \tat org.junit.runners.ParentRunner.access$000(ParentRunner.java:50)\n[junit4:junit4]    > \tat org.junit.runners.ParentRunner$2.evaluate(ParentRunner.java:222)\n[junit4:junit4]    > \tat org.junit.runners.ParentRunner.run(ParentRunner.java:300)\n[junit4:junit4]    > \tat com.carrotsearch.ant.tasks.junit4.slave.SlaveMain.execute(SlaveMain.java:180)\n[junit4:junit4]    > \tat com.carrotsearch.ant.tasks.junit4.slave.SlaveMain.main(SlaveMain.java:275)\n[junit4:junit4]    > \tat com.carrotsearch.ant.tasks.junit4.slave.SlaveMainSafe.main(SlaveMainSafe.java:12)\n[junit4:junit4] Completed on J2 in 0.02s, 1 test, 1 failure <<< FAILURES!\n\n\n\nAnd at the end of \"ant test\" I see:\n\n[junit4:junit4] Tests with failures (first 10 out of 34):\n[junit4:junit4]   - org.apache.lucene.store.TestLockFactory (suite)\n[junit4:junit4]   - org.apache.lucene.util.junitcompat.TestCodecReported.testCorrectCodecReported\n[junit4:junit4]   - org.apache.lucene.index.TestIndexWriterReader (suite)\n[junit4:junit4]   - org.apache.lucene.util.junitcompat.TestFailIfDirectoryNotClosed.testFailIfDirectoryNotClosed\n[junit4:junit4]   - org.apache.lucene.util.junitcompat.TestSetupTeardownChaining.testSetupChaining\n[junit4:junit4]   - org.apache.lucene.util.junitcompat.TestSetupTeardownChaining.testTeardownChaining\n[junit4:junit4]   - org.apache.lucene.codecs.compressing.TestCompressingStoredFieldsFormat (suite)\n[junit4:junit4]   - org.apache.lucene.util.junitcompat.TestLeaveFilesIfTestFails.testLeaveFilesIfTestFails\n[junit4:junit4]   - org.apache.lucene.util.junitcompat.TestReproduceMessage.testFailureBeforeClass\n[junit4:junit4]   - org.apache.lucene.util.junitcompat.TestReproduceMessage.testFailureInitializer\n\n\n\nJava version is:\n\n\njava version \"1.6.0\"\nJava(TM) SE Runtime Environment (build pxa6460sr9fp2ifix-20111111_05(SR9 FP2+IV03622+IV02378+IZ99243+IZ97310+IV00707))\nIBM J9 VM (build 2.4, JRE 1.6.0 IBM J9 2.4 Linux amd64-64 jvmxa6460sr9-20111111_94827 (JIT enabled, AOT enabled)\nJ9VM - 20111111_094827\nJIT  - r9_20101028_17488ifx45\nGC   - 20101027_AA)\nJCL  - 20110727_04",
    "attachments": {
        "j9log.txt": "https://issues.apache.org/jira/secure/attachment/12567352/j9log.txt"
    },
    "issue_links": {},
    "comments": [
        {
            "date": "2013-01-30T15:46:36+0000",
            "content": "I wonder if this issue is the same cause as LUCENE-4646 ... that is also a \"who tests the tester\" test ... ",
            "author": "Michael McCandless",
            "id": "comment-13566556"
        },
        {
            "date": "2013-01-31T08:36:46+0000",
            "content": "You don't see the reproduce line because they are not tests that extend from LuceneTest* base - they cannot be because this class cannot run recursively nested. I'm looking. ",
            "author": "Dawid Weiss",
            "id": "comment-13567463"
        },
        {
            "date": "2013-01-31T09:03:32+0000",
            "content": "Mike I've committed a patch that should display the cause of these in revision 1440882 (on trunk). Could you re-run and attach the execution log? I think the root of the problem is those thread leaks which I cannot reproduce but which will cause false failures in those tests (because they run a nested test and don't expect any unusual issues with it). ",
            "author": "Dawid Weiss",
            "id": "comment-13567475"
        },
        {
            "date": "2013-01-31T09:04:11+0000",
            "content": "[trunk commit] Dawid Weiss\nhttp://svn.apache.org/viewvc?view=revision&revision=1440882\n\nLUCENE-4737: be more verbose and print stdout/stderr when a nested test fails. I suspect all these are related to thread leaks on J9 which I cannot reproduce but this should reveal the cause of the problem. ",
            "author": "Commit Tag Bot",
            "id": "comment-13567476"
        },
        {
            "date": "2013-01-31T12:27:18+0000",
            "content": "OK I re-ran \"ant test\" after updating, in lucene/core ... attaching full output. ",
            "author": "Michael McCandless",
            "id": "comment-13567584"
        },
        {
            "date": "2013-01-31T22:23:51+0000",
            "content": "Duplicate of LUCENE-4646 ",
            "author": "Dawid Weiss",
            "id": "comment-13568186"
        },
        {
            "date": "2013-05-10T10:32:57+0000",
            "content": "Closed after release. ",
            "author": "Uwe Schindler",
            "id": "comment-13653777"
        }
    ]
}