{
    "id": "LUCENE-7805",
    "title": "TestRandomChains.testRandomChainsWithLargeStrings() failures",
    "details": {
        "labels": "",
        "priority": "Major",
        "resolution": "Unresolved",
        "affect_versions": "None",
        "status": "Open",
        "type": "Bug",
        "components": [],
        "fix_versions": []
    },
    "description": "My Jenkins found a reproducing master seed, looks like FlattenGraphFilter is where the problem happens:\n\n\nChecking out Revision 680f4d7fd378868254786107de92a894758f667c (refs/remotes/origin/master)\n[...]\n   [junit4] Suite: org.apache.lucene.analysis.core.TestRandomChains\n   [junit4]   2> TEST FAIL: useCharFilter=false text='\\u0003J\\u522f  nwqbl  uwtps  ob zdyokom ){0'\n   [junit4]   2> Exception from random analyzer: \n   [junit4]   2> charfilters=\n   [junit4]   2>   org.apache.lucene.analysis.charfilter.HTMLStripCharFilter(java.io.StringReader@3ab617ae, [])\n   [junit4]   2>   org.apache.lucene.analysis.charfilter.HTMLStripCharFilter(org.apache.lucene.analysis.charfilter.HTMLStripCharFilter@23e3c717)\n   [junit4]   2> tokenizer=\n   [junit4]   2>   org.apache.lucene.analysis.ngram.NGramTokenizer(9, 43)\n   [junit4]   2> filters=\n   [junit4]   2>   org.apache.lucene.analysis.miscellaneous.CodepointCountFilter(ValidatingTokenFilter@6b4708ea term=,bytes=[],startOffset=0,endOffset=0,positionIncrement=1,positionLength=1,type=word, 33, 44)\n   [junit4]   2>   org.apache.lucene.analysis.shingle.ShingleFilter(ValidatingTokenFilter@5533fb25 term=,bytes=[],startOffset=0,endOffset=0,positionIncrement=1,positionLength=1,type=word, <EMAIL>)\n   [junit4]   2>   org.apache.lucene.analysis.core.FlattenGraphFilter(ValidatingTokenFilter@4ef4c44 term=,bytes=[],startOffset=0,endOffset=0,positionIncrement=1,positionLength=1,type=word)\n   [junit4]   2>   org.apache.lucene.analysis.miscellaneous.KeepWordFilter(ValidatingTokenFilter@15baa1c7 term=,bytes=[],startOffset=0,endOffset=0,positionIncrement=1,positionLength=1,type=word, [akbnucwt, vrkwm, jtomhk, jxgmfalr])\n   [junit4]   2> offsetsAreCorrect=true\n   [junit4]   2> NOTE: reproduce with: ant test  -Dtestcase=TestRandomChains -Dtests.method=testRandomChainsWithLargeStrings -Dtests.seed=E9460213902F2F82 -Dtests.slow=true -Dtests.locale=fi-FI -Dtests.timezone=Europe/Malta -Dtests.asserts=true -Dtests.file.encoding=US-ASCII\n   [junit4] FAILURE 0.19s J7 | TestRandomChains.testRandomChainsWithLargeStrings <<<\n   [junit4]    > Throwable #1: java.lang.AssertionError: outputEndNode=3 vs inputTo=2\n   [junit4]    > \tat __randomizedtesting.SeedInfo.seed([E9460213902F2F82:831DBD02C9610F71]:0)\n   [junit4]    > \tat org.apache.lucene.analysis.core.FlattenGraphFilter.incrementToken(FlattenGraphFilter.java:335)\n   [junit4]    > \tat org.apache.lucene.analysis.ValidatingTokenFilter.incrementToken(ValidatingTokenFilter.java:67)\n   [junit4]    > \tat org.apache.lucene.analysis.FilteringTokenFilter.incrementToken(FilteringTokenFilter.java:51)\n   [junit4]    > \tat org.apache.lucene.analysis.ValidatingTokenFilter.incrementToken(ValidatingTokenFilter.java:67)\n   [junit4]    > \tat org.apache.lucene.analysis.BaseTokenStreamTestCase.checkAnalysisConsistency(BaseTokenStreamTestCase.java:731)\n   [junit4]    > \tat org.apache.lucene.analysis.BaseTokenStreamTestCase.checkRandomData(BaseTokenStreamTestCase.java:642)\n   [junit4]    > \tat org.apache.lucene.analysis.BaseTokenStreamTestCase.checkRandomData(BaseTokenStreamTestCase.java:540)\n   [junit4]    > \tat org.apache.lucene.analysis.core.TestRandomChains.testRandomChainsWithLargeStrings(TestRandomChains.java:880)\n   [junit4]    > \tat java.lang.Thread.run(Thread.java:745)\n   [junit4]   2> NOTE: test params are: codec=Asserting(Lucene70): {dummy=PostingsFormat(name=LuceneVarGapFixedInterval)}, docValues:{}, maxPointsInLeafNode=807, maxMBSortInHeap=5.007333045299232, sim=RandomSimilarity(queryNorm=true): {}, locale=fi-FI, timezone=Europe/Malta\n   [junit4]   2> NOTE: Linux 4.1.0-custom2-amd64 amd64/Oracle Corporation 1.8.0_77 (64-bit)/cpus=16,threads=1,free=492062472,total=525336576",
    "attachments": {},
    "issue_links": {},
    "comments": [
        {
            "id": "comment-15984922",
            "date": "2017-04-26T14:36:56+0000",
            "content": "Another reproducing failure from my Jenkins, this one on branch_6x, no FlattenGraphFilter here though:\n\n\nChecking out Revision b90bfaba1f065598033b60f0ba5ffaa40053eb42 (refs/remotes/origin/branch_6x)\n[...]\n   [junit4] Suite: org.apache.lucene.analysis.core.TestRandomChains\n   [junit4]   2> TEST FAIL: useCharFilter=false text='\\u26a7\\u26e4\\u26e7\\u2672\\u2694\\u2604\\u26a5\\u26d1 \\u0566\\u054e\\u057d\\u0553\\u057f\\u0549 os\\uecda\\ud92c\\udcd2  fhyysvvo vzebx \\u30b2\\u30d7\\u30d8\\u30dd\\u30e3\\u30f5\\u30ea\\u30dd\\u30f7\\u30ae\\u30e6\\u30c9 \\uaa3e\\uaa1a\\uaa5b\\uaa43\\uaa49\\uaa53\\uaa19\\uaa4f\\uaa5c gvrfm fe '\n   [junit4]   2> Exception from random analyzer: \n   [junit4]   2> charfilters=\n   [junit4]   2>   org.apache.lucene.analysis.charfilter.HTMLStripCharFilter(java.io.StringReader@24cfdcc4)\n   [junit4]   2>   org.apache.lucene.analysis.fa.PersianCharFilter(org.apache.lucene.analysis.charfilter.HTMLStripCharFilter@12dc3e69)\n   [junit4]   2> tokenizer=\n   [junit4]   2>   org.apache.lucene.analysis.standard.UAX29URLEmailTokenizer(org.apache.lucene.util.AttributeFactory$1@cf373344)\n   [junit4]   2> filters=\n   [junit4]   2>   org.apache.lucene.analysis.gl.GalicianMinimalStemFilter(ValidatingTokenFilter@aec428a term=,bytes=[],startOffset=0,endOffset=0,positionIncrement=1,positionLength=1,type=word,flags=0,payload=null,keyword=false)\n   [junit4]   2>   org.apache.lucene.analysis.miscellaneous.KeywordRepeatFilter(ValidatingTokenFilter@79bef7cf term=,bytes=[],startOffset=0,endOffset=0,positionIncrement=1,positionLength=1,type=word,flags=0,payload=null,keyword=false)\n   [junit4]   2>   org.apache.lucene.analysis.cjk.CJKBigramFilter(ValidatingTokenFilter@55fed8e4 term=,bytes=[],startOffset=0,endOffset=0,positionIncrement=1,positionLength=1,type=word,flags=0,payload=null,keyword=false, 20)\n   [junit4]   2>   org.apache.lucene.analysis.shingle.ShingleFilter(ValidatingTokenFilter@226ff415 term=,bytes=[],startOffset=0,endOffset=0,positionIncrement=1,positionLength=1,type=word,flags=0,payload=null,keyword=false, 32)\n   [junit4]   2> offsetsAreCorrect=false\n   [junit4]   2> NOTE: reproduce with: ant test  -Dtestcase=TestRandomChains -Dtests.method=testRandomChainsWithLargeStrings -Dtests.seed=19C23372FBAA95FB -Dtests.slow=true -Dtests.locale=bg -Dtests.timezone=Pacific/Ponape -Dtests.asserts=true -Dtests.file.encoding=UTF-8\n   [junit4] ERROR   0.47s J7 | TestRandomChains.testRandomChainsWithLargeStrings <<<\n   [junit4]    > Throwable #1: java.lang.IllegalArgumentException: startOffset must be non-negative, and endOffset must be >= startOffset; got startOffset=41,endOffset=40\n   [junit4]    > \tat __randomizedtesting.SeedInfo.seed([19C23372FBAA95FB:73998C63A2E4B508]:0)\n   [junit4]    > \tat org.apache.lucene.analysis.tokenattributes.PackedTokenAttributeImpl.setOffset(PackedTokenAttributeImpl.java:110)\n   [junit4]    > \tat org.apache.lucene.analysis.shingle.ShingleFilter.incrementToken(ShingleFilter.java:345)\n   [junit4]    > \tat org.apache.lucene.analysis.ValidatingTokenFilter.incrementToken(ValidatingTokenFilter.java:67)\n   [junit4]    > \tat org.apache.lucene.analysis.BaseTokenStreamTestCase.checkAnalysisConsistency(BaseTokenStreamTestCase.java:730)\n   [junit4]    > \tat org.apache.lucene.analysis.BaseTokenStreamTestCase.checkRandomData(BaseTokenStreamTestCase.java:641)\n   [junit4]    > \tat org.apache.lucene.analysis.BaseTokenStreamTestCase.checkRandomData(BaseTokenStreamTestCase.java:539)\n   [junit4]    > \tat org.apache.lucene.analysis.core.TestRandomChains.testRandomChainsWithLargeStrings(TestRandomChains.java:880)\n   [junit4]    > \tat java.lang.Thread.run(Thread.java:745)\n   [junit4]   2> NOTE: test params are: codec=Asserting(Lucene62): {dummy=PostingsFormat(name=Memory doPackFST= true)}, docValues:{}, maxPointsInLeafNode=920, maxMBSortInHeap=6.66438430375091, sim=RandomSimilarity(queryNorm=false,coord=crazy): {}, locale=bg, timezone=Pacific/Ponape\n   [junit4]   2> NOTE: Linux 4.1.0-custom2-amd64 amd64/Oracle Corporation 1.8.0_77 (64-bit)/cpus=16,threads=1,free=383185632,total=512229376\n\n ",
            "author": "Steve Rowe"
        },
        {
            "id": "comment-16019756",
            "date": "2017-05-22T16:18:39+0000",
            "content": "Another reproducing failure from ASF Jenkins https://builds.apache.org/job/Lucene-Solr-NightlyTests-6.6/9/ - reproduces for me on master:\n\n\n   [junit4] Suite: org.apache.lucene.analysis.core.TestRandomChains\n   [junit4]   2> TEST FAIL: useCharFilter=true text='<p>\\\\\\\"< \\ud83c\\udc7f\\ud83c\\udc50 kyxgfmsyozqzqq \\u2c77\\u2c7c\\u2c74\\u2c68 tgwqqnkz mj'\n   [junit4]   2> Exception from random analyzer: \n   [junit4]   2> charfilters=\n   [junit4]   2>   org.apache.lucene.analysis.fa.PersianCharFilter(java.io.StringReader@1429de93)\n   [junit4]   2>   org.apache.lucene.analysis.pattern.PatternReplaceCharFilter(a, <HANGUL>, org.apache.lucene.analysis.fa.PersianCharFilter@4cf58820)\n   [junit4]   2> tokenizer=\n   [junit4]   2>   org.apache.lucene.analysis.standard.UAX29URLEmailTokenizer(org.apache.lucene.util.AttributeFactory$1@c798683c)\n   [junit4]   2> filters=\n   [junit4]   2>   org.apache.lucene.analysis.miscellaneous.CodepointCountFilter(ValidatingTokenFilter@25c3f003 term=,bytes=[],startOffset=0,endOffset=0,positionIncrement=1,positionLength=1,type=word, 17, 31)\n   [junit4]   2>   org.apache.lucene.analysis.shingle.ShingleFilter(ValidatingTokenFilter@7611d032 term=,bytes=[],startOffset=0,endOffset=0,positionIncrement=1,positionLength=1,type=word)\n   [junit4]   2>   org.apache.lucene.analysis.core.FlattenGraphFilter(ValidatingTokenFilter@19064e70 term=,bytes=[],startOffset=0,endOffset=0,positionIncrement=1,positionLength=1,type=word)\n   [junit4]   2> offsetsAreCorrect=true\n   [junit4]   2> NOTE: download the large Jenkins line-docs file by running 'ant get-jenkins-line-docs' in the lucene directory.\n   [junit4]   2> NOTE: reproduce with: ant test  -Dtestcase=TestRandomChains -Dtests.method=testRandomChainsWithLargeStrings -Dtests.seed=E35CB6A9A0ADFBB8 -Dtests.multiplier=2 -Dtests.nightly=true -Dtests.slow=true -Dtests.linedocsfile=/home/jenkins/jenkins-slave/workspace/Lucene-Solr-NightlyTests-6.6/test-data/enwiki.random.lines.txt -Dtests.locale=es-CR -Dtests.timezone=Asia/Krasnoyarsk -Dtests.asserts=true -Dtests.file.encoding=UTF-8\n   [junit4] FAILURE 23.5s J2 | TestRandomChains.testRandomChainsWithLargeStrings <<<\n   [junit4]    > Throwable #1: java.lang.AssertionError: outputEndNode=3 vs inputTo=2\n   [junit4]    > \tat __randomizedtesting.SeedInfo.seed([E35CB6A9A0ADFBB8:890709B8F9E3DB4B]:0)\n   [junit4]    > \tat org.apache.lucene.analysis.core.FlattenGraphFilter.incrementToken(FlattenGraphFilter.java:335)\n   [junit4]    > \tat org.apache.lucene.analysis.ValidatingTokenFilter.incrementToken(ValidatingTokenFilter.java:67)\n   [junit4]    > \tat org.apache.lucene.analysis.BaseTokenStreamTestCase.checkAnalysisConsistency(BaseTokenStreamTestCase.java:730)\n   [junit4]    > \tat org.apache.lucene.analysis.BaseTokenStreamTestCase.checkRandomData(BaseTokenStreamTestCase.java:641)\n   [junit4]    > \tat org.apache.lucene.analysis.BaseTokenStreamTestCase.checkRandomData(BaseTokenStreamTestCase.java:539)\n   [junit4]    > \tat org.apache.lucene.analysis.core.TestRandomChains.testRandomChainsWithLargeStrings(TestRandomChains.java:880)\n[...]\n   [junit4]   2> NOTE: test params are: codec=Asserting(Lucene62): {dummy=PostingsFormat(name=LuceneVarGapFixedInterval)}, docValues:{}, maxPointsInLeafNode=508, maxMBSortInHeap=7.7739547181262205, sim=RandomSimilarity(queryNorm=true,coord=no): {dummy=DFR I(F)B2}, locale=es-CR, timezone=Asia/Krasnoyarsk\n   [junit4]   2> NOTE: Linux 3.13.0-88-generic amd64/Oracle Corporation 1.8.0_121 (64-bit)/cpus=4,threads=1,free=35313576,total=261619712\n\n ",
            "author": "Steve Rowe"
        },
        {
            "id": "comment-16176371",
            "date": "2017-09-22T12:57:27+0000",
            "content": "Another failure, from https://builds.apache.org/job/Lucene-Solr-NightlyTests-7.x/49 (reproduces for me on master):\n\n\nChecking out Revision dd59822ac94ee0b5cc2bedcac38f60442c1af5e6 (refs/remotes/origin/branch_7x)\n[...]\n   [junit4] Suite: org.apache.lucene.analysis.core.TestRandomChains\n   [junit4]   2> TEST FAIL: useCharFilter=false text=' \\ubc25 \\ud834\\udc6e\\ud834\\udc76\\ud834\\udc3e \\u467e\\ued9e\\u0003#\\ufb63\\u032d \\u2c61\\u2c62\\u2c61\\u2c76\\u2c60\\u2c7f \\u30da\\u30dd\\u30f2\\u30cf\\u30d4 \\u2182\\u2150\\u218f\\u215a\\u2166\\u216b\\u2157\\u215b\\u216a\\u2172\\u215c\\u2165 udb \\ua835\\ua830\\ua833\\ua833\\ua83b\\ua836\\ua834\\ua83b\\ua83a \\udb51\\udff0\\ud85a\\udfde'\n   [junit4]   2> Exception from random analyzer: \n   [junit4]   2> charfilters=\n   [junit4]   2>   org.apache.lucene.analysis.pattern.PatternReplaceCharFilter(a, <KATAKANA>, java.io.StringReader@6a8a3a98)\n   [junit4]   2> tokenizer=\n   [junit4]   2>   org.apache.lucene.analysis.standard.StandardTokenizer()\n   [junit4]   2> filters=\n   [junit4]   2>   org.apache.lucene.analysis.shingle.ShingleFilter(ValidatingTokenFilter@3d7cdb0 term=,bytes=[],startOffset=0,endOffset=0,positionIncrement=1,positionLength=1,type=word,termFrequency=1)\n   [junit4]   2>   org.apache.lucene.analysis.miscellaneous.PatternKeywordMarkerFilter(ValidatingTokenFilter@7001ffb8 term=,bytes=[],startOffset=0,endOffset=0,positionIncrement=1,positionLength=1,type=word,termFrequency=1,keyword=false, a)\n   [junit4]   2>   org.apache.lucene.analysis.cjk.CJKBigramFilter(ValidatingTokenFilter@7398e9e7 term=,bytes=[],startOffset=0,endOffset=0,positionIncrement=1,positionLength=1,type=word,termFrequency=1,keyword=false, -43)\n   [junit4]   2>   org.apache.lucene.analysis.miscellaneous.ASCIIFoldingFilter(ValidatingTokenFilter@6503b497 term=,bytes=[],startOffset=0,endOffset=0,positionIncrement=1,positionLength=1,type=word,termFrequency=1,keyword=false)\n   [junit4]   2> offsetsAreCorrect=false\n   [junit4]   2> NOTE: download the large Jenkins line-docs file by running 'ant get-jenkins-line-docs' in the lucene directory.\n   [junit4]   2> NOTE: reproduce with: ant test  -Dtestcase=TestRandomChains -Dtests.method=testRandomChainsWithLargeStrings -Dtests.seed=5700948A30BC1917 -Dtests.multiplier=2 -Dtests.nightly=true -Dtests.slow=true -Dtests.linedocsfile=/home/jenkins/jenkins-slave/workspace/Lucene-Solr-NightlyTests-7.x/test-data/enwiki.random.lines.txt -Dtests.locale=it-CH -Dtests.timezone=Africa/Luanda -Dtests.asserts=true -Dtests.file.encoding=ISO-8859-1\n   [junit4] ERROR   8.89s J0 | TestRandomChains.testRandomChainsWithLargeStrings <<<\n   [junit4]    > Throwable #1: java.lang.IllegalArgumentException: startOffset must be non-negative, and endOffset must be >= startOffset, and offsets must not go backwards startOffset=24,endOffset=31,lastStartOffset=27 for field 'dummy'\n   [junit4]    > \tat __randomizedtesting.SeedInfo.seed([5700948A30BC1917:3D5B2B9B69F239E4]:0)\n   [junit4]    > \tat org.apache.lucene.index.DefaultIndexingChain$PerField.invert(DefaultIndexingChain.java:767)\n   [junit4]    > \tat org.apache.lucene.index.DefaultIndexingChain.processField(DefaultIndexingChain.java:430)\n   [junit4]    > \tat org.apache.lucene.index.DefaultIndexingChain.processDocument(DefaultIndexingChain.java:392)\n   [junit4]    > \tat org.apache.lucene.index.DocumentsWriterPerThread.updateDocument(DocumentsWriterPerThread.java:239)\n   [junit4]    > \tat org.apache.lucene.index.DocumentsWriter.updateDocument(DocumentsWriter.java:481)\n   [junit4]    > \tat org.apache.lucene.index.IndexWriter.updateDocument(IndexWriter.java:1717)\n   [junit4]    > \tat org.apache.lucene.index.IndexWriter.addDocument(IndexWriter.java:1462)\n   [junit4]    > \tat org.apache.lucene.index.RandomIndexWriter.addDocument(RandomIndexWriter.java:171)\n   [junit4]    > \tat org.apache.lucene.analysis.BaseTokenStreamTestCase.checkRandomData(BaseTokenStreamTestCase.java:650)\n   [junit4]    > \tat org.apache.lucene.analysis.BaseTokenStreamTestCase.checkRandomData(BaseTokenStreamTestCase.java:540)\n   [junit4]    > \tat org.apache.lucene.analysis.core.TestRandomChains.testRandomChainsWithLargeStrings(TestRandomChains.java:883)\n   [junit4]    > \tat java.lang.Thread.run(Thread.java:748)\n[...]\n   [junit4]   2> NOTE: test params are: codec=Lucene70, sim=RandomSimilarity(queryNorm=false): {dummy=DFR I(n)L1}, locale=it-CH, timezone=Africa/Luanda\n   [junit4]   2> NOTE: Linux 3.13.0-88-generic amd64/Oracle Corporation 1.8.0_144 (64-bit)/cpus=4,threads=1,free=185203120,total=275775488\n\n ",
            "author": "Steve Rowe"
        },
        {
            "id": "comment-16489188",
            "date": "2018-05-24T15:14:20+0000",
            "content": "Another reproducing failure from https://jenkins.thetaphi.de/job/Lucene-Solr-master-MacOSX/4654/:\n\n\n   [junit4] Suite: org.apache.lucene.analysis.core.TestRandomChains\n   [junit4]   2> TEST FAIL: useCharFilter=false text='\\u0719\\u4131\\ud44b\\u6c69\\u0640 \\u9930\\udbd0\\udd14\\u1bc7  uwlq buso \\u169a\\u168c\\u169d\\u1697 \\ud800\\udd23 cJI \\u17af\\u17eb \\ud800\\udfad \\u03ad\\uf560z z b \\uacad\\nX   lnhsmof ypvaz dbh hihgk'\n   [junit4]   2> Exception from random analyzer: \n   [junit4]   2> charfilters=\n   [junit4]   2> tokenizer=\n   [junit4]   2>   org.apache.lucene.analysis.standard.ClassicTokenizer()\n   [junit4]   2> filters=\n   [junit4]   2>   org.apache.lucene.analysis.MockSynonymFilter(ValidatingTokenFilter@2a0aa2a5 term=,bytes=[],startOffset=0,endOffset=0,positionIncrement=1,positionLength=1,type=word,termFrequency=1)ConditionalTokenFilter: \n   [junit4]   2>   org.apache.lucene.analysis.shingle.ShingleFilter(OneTimeWrapper@7eb4cb78 term=,bytes=[],startOffset=0,endOffset=0,positionIncrement=1,positionLength=1,type=word,termFrequency=1, 8)\n   [junit4]   2>   org.apache.lucene.analysis.ar.ArabicStemFilter(ValidatingTokenFilter@2853f327 term=,bytes=[],startOffset=0,endOffset=0,positionIncrement=1,positionLength=1,type=word,termFrequency=1,keyword=false)ConditionalTokenFilter: \n   [junit4]   2>   org.apache.lucene.analysis.shingle.ShingleFilter(OneTimeWrapper@32562616 term=,bytes=[],startOffset=0,endOffset=0,positionIncrement=1,positionLength=1,type=word,termFrequency=1,keyword=false, vesj)\n   [junit4]   2> NOTE: reproduce with: ant test  -Dtestcase=TestRandomChains -Dtests.method=testRandomChainsWithLargeStrings -Dtests.seed=4B2538DE118B4F1E -Dtests.slow=true -Dtests.locale=mk-MK -Dtests.timezone=Indian/Comoro -Dtests.asserts=true -Dtests.file.encoding=UTF-8\n   [junit4] ERROR   0.14s J1 | TestRandomChains.testRandomChainsWithLargeStrings <<<\n   [junit4]    > Throwable #1: java.lang.IllegalStateException: last stage: inconsistent endOffset at pos=21: 67 vs 71; token=lnhsmof ypvaz dbh\n   [junit4]    > \tat __randomizedtesting.SeedInfo.seed([4B2538DE118B4F1E:217E87CF48C56FED]:0)\n   [junit4]    > \tat org.apache.lucene.analysis.ValidatingTokenFilter.incrementToken(ValidatingTokenFilter.java:122)\n   [junit4]    > \tat org.apache.lucene.analysis.BaseTokenStreamTestCase.checkAnalysisConsistency(BaseTokenStreamTestCase.java:746)\n   [junit4]    > \tat org.apache.lucene.analysis.BaseTokenStreamTestCase.checkRandomData(BaseTokenStreamTestCase.java:657)\n   [junit4]    > \tat org.apache.lucene.analysis.BaseTokenStreamTestCase.checkRandomData(BaseTokenStreamTestCase.java:559)\n   [junit4]    > \tat org.apache.lucene.analysis.core.TestRandomChains.testRandomChainsWithLargeStrings(TestRandomChains.java:882)\n   [junit4]    > \tat java.base/jdk.internal.reflect.NativeMethodAccessorImpl.invoke0(Native Method)\n   [junit4]    > \tat java.base/jdk.internal.reflect.NativeMethodAccessorImpl.invoke(NativeMethodAccessorImpl.java:62)\n   [junit4]    > \tat java.base/jdk.internal.reflect.DelegatingMethodAccessorImpl.invoke(DelegatingMethodAccessorImpl.java:43)\n   [junit4]    > \tat java.base/java.lang.reflect.Method.invoke(Method.java:564)\n   [junit4]    > \tat java.base/java.lang.Thread.run(Thread.java:844)\n   [junit4]   2> NOTE: test params are: codec=Asserting(Lucene70): {dummy=BlockTreeOrds(blocksize=128)}, docValues:{}, maxPointsInLeafNode=1468, maxMBSortInHeap=6.910135125784358, sim=Asserting(org.apache.lucene.search.similarities.AssertingSimilarity@6fc32a30), locale=mk-MK, timezone=Indian/Comoro\n   [junit4]   2> NOTE: Mac OS X 10.11.6 x86_64/Oracle Corporation 9 (64-bit)/cpus=3,threads=1,free=128110608,total=218628096\n\n ",
            "author": "Steve Rowe"
        }
    ]
}