{
    "id": "LUCENE-8528",
    "title": "Reproducing TestFSTs.testBasicFSA() failure",
    "details": {
        "components": [
            "core/FSTs"
        ],
        "status": "Resolved",
        "resolution": "Fixed",
        "fix_versions": [
            "7.6"
        ],
        "affect_versions": "None",
        "labels": "",
        "priority": "Major",
        "type": "Bug"
    },
    "description": "From https://jenkins.thetaphi.de/job/Lucene-Solr-BadApples-master-Linux/104/:\n\n\nChecking out Revision 8d205ecd1c6a133f7cb9a4352388ec30d00b4bdb (refs/remotes/origin/master)\n[...]\n   [junit4] Suite: org.apache.lucene.util.fst.TestFSTs\n   [junit4]   2> NOTE: reproduce with: ant test  -Dtestcase=TestFSTs -Dtests.method=testBasicFSA -Dtests.seed=82D30036E9484CE9 -Dtests.multiplier=3 -Dtests.slow=true -Dtests.badapples=true -Dtests.locale=ckb-IR -Dtests.timezone=Africa/Malabo -Dtests.asserts=true -Dtests.file.encoding=ISO-8859-1\n   [junit4] FAILURE 0.18s J1 | TestFSTs.testBasicFSA <<<\n   [junit4]    > Throwable #1: java.lang.AssertionError: expected:<24> but was:<22>\n   [junit4]    > \tat __randomizedtesting.SeedInfo.seed([82D30036E9484CE9:5BAEBE18FD0445D5]:0)\n   [junit4]    > \tat org.apache.lucene.util.fst.TestFSTs.testBasicFSA(TestFSTs.java:166)\n   [junit4]    > \tat java.base/jdk.internal.reflect.NativeMethodAccessorImpl.invoke0(Native Method)\n   [junit4]    > \tat java.base/jdk.internal.reflect.NativeMethodAccessorImpl.invoke(NativeMethodAccessorImpl.java:62)\n   [junit4]    > \tat java.base/jdk.internal.reflect.DelegatingMethodAccessorImpl.invoke(DelegatingMethodAccessorImpl.java:43)\n   [junit4]    > \tat java.base/java.lang.reflect.Method.invoke(Method.java:564)\n   [junit4]    > \tat java.base/java.lang.Thread.run(Thread.java:844)\n[...]\n   [junit4]   2> NOTE: test params are: codec=Asserting(Lucene80): {date=PostingsFormat(name=Asserting), field=PostingsFormat(name=Asserting), docid=PostingsFormat(name=LuceneFixedGap), titleTokenized=BlockTreeOrds(blocksize=128), id=PostingsFormat(name=LuceneFixedGap), body=PostingsFormat(name=Asserting), title=PostingsFormat(name=LuceneVarGapFixedInterval)}, docValues:{docid_intDV=DocValuesFormat(name=Lucene70), titleDV=DocValuesFormat(name=Asserting)}, maxPointsInLeafNode=1415, maxMBSortInHeap=5.567002115183062, sim=Asserting(org.apache.lucene.search.similarities.AssertingSimilarity@54396619), locale=ckb-IR, timezone=Africa/Malabo\n   [junit4]   2> NOTE: Linux 4.15.0-36-generic amd64/Oracle Corporation 9.0.4 (64-bit)/cpus=8,threads=1,free=171269088,total=460849152",
    "attachments": {},
    "issue_links": {},
    "comments": [
        {
            "id": "comment-16650118",
            "author": "ASF subversion and git services",
            "content": "Commit 69584f413021e253e63120172e7304f1d7ddacd7 in lucene-solr's branch refs/heads/branch_7x from Dawid Weiss\n[ https://git-wip-us.apache.org/repos/asf?p=lucene-solr.git;h=69584f4 ]\n\nLUCENE-8528: we can't have random outputs on input in a test with fixed assertions (test bug). ",
            "date": "2018-10-15T11:53:46+0000"
        },
        {
            "id": "comment-16650119",
            "author": "ASF subversion and git services",
            "content": "Commit d7fd82c0f8517251d67b0af021d259dffaa4dce6 in lucene-solr's branch refs/heads/master from Dawid Weiss\n[ https://git-wip-us.apache.org/repos/asf?p=lucene-solr.git;h=d7fd82c ]\n\nLUCENE-8528: we can't have random outputs on input in a test with fixed assertions (test bug). ",
            "date": "2018-10-15T11:53:47+0000"
        },
        {
            "id": "comment-16650120",
            "author": "Dawid Weiss",
            "content": "It's a test bug (randomness in the input, hardcoded assertions). ",
            "date": "2018-10-15T11:55:16+0000"
        }
    ]
}