{
    "id": "LUCENE-3356",
    "title": "trunk TestRollingUpdates.testRollingUpdates seed failure",
    "details": {
        "labels": "",
        "priority": "Major",
        "components": [],
        "type": "Bug",
        "fix_versions": [
            "4.0-ALPHA"
        ],
        "affect_versions": "None",
        "resolution": "Fixed",
        "status": "Closed"
    },
    "description": "trunk r1152892\nreproducable: always\n\n\njunit-sequential:\n    [junit] Testsuite: org.apache.lucene.index.TestRollingUpdates\n    [junit] Tests run: 1, Failures: 1, Errors: 0, Time elapsed: 1.168 sec\n    [junit] \n    [junit] ------------- Standard Error -----------------\n    [junit] NOTE: reproduce with: ant test -Dtestcase=TestRollingUpdates -Dtestmethod=testRollingUpdates -Dtests.seed=-5322802004404580273:-4001225075726350391\n    [junit] WARNING: test method: 'testRollingUpdates' left thread running: merge thread: _c(4.0):cv3/2 _h(4.0):cv3 into _k\n    [junit] RESOURCE LEAK: test method: 'testRollingUpdates' left 1 thread(s) running\n    [junit] NOTE: test params are: codec=RandomCodecProvider: {docid=Standard, body=SimpleText, title=MockSep, titleTokenized=Pulsing(freqCutoff=20), date=MockFixedIntBlock(blockSize=1474)}, locale=lv_LV, timezone=Pacific/Fiji\n    [junit] NOTE: all tests run in this JVM:\n    [junit] [TestRollingUpdates]\n    [junit] NOTE: Linux 2.6.39-gentoo amd64/Sun Microsystems Inc. 1.6.0_26 (64-bit)/cpus=8,threads=1,free=128782656,total=158400512\n    [junit] ------------- ---------------- ---------------\n    [junit] Testcase: testRollingUpdates(org.apache.lucene.index.TestRollingUpdates):   FAILED\n    [junit] expected:<20> but was:<21>\n    [junit] junit.framework.AssertionFailedError: expected:<20> but was:<21>\n    [junit]     at org.apache.lucene.index.TestRollingUpdates.testRollingUpdates(TestRollingUpdates.java:76)\n    [junit]     at org.apache.lucene.util.LuceneTestCase$LuceneTestCaseRunner.runChild(LuceneTestCase.java:1522)\n    [junit]     at org.apache.lucene.util.LuceneTestCase$LuceneTestCaseRunner.runChild(LuceneTestCase.java:1427)\n    [junit] \n    [junit] \n    [junit] Test org.apache.lucene.index.TestRollingUpdates FAILED",
    "attachments": {
        "LUCENE-3356.patch": "https://issues.apache.org/jira/secure/attachment/12489186/LUCENE-3356.patch"
    },
    "issue_links": {},
    "comments": [
        {
            "date": "2011-08-03T10:12:03+0000",
            "content": "thanks selckin, there is a problem with IW#numDocs using a MERGE reader to get the deleted docs to calculate the num live docs. I will track this down if this is a more general problem.\n\nsimon ",
            "author": "Simon Willnauer",
            "id": "comment-13078678"
        },
        {
            "date": "2011-08-03T12:48:59+0000",
            "content": "here is a fix for this problem. I simply max out the del counts between the current SI and the pooled SR since deletes in a segment never shrink. ",
            "author": "Simon Willnauer",
            "id": "comment-13078724"
        },
        {
            "date": "2011-08-07T20:16:04+0000",
            "content": "committed, thanks selckin ",
            "author": "Simon Willnauer",
            "id": "comment-13080639"
        }
    ]
}