{
    "id": "LUCENE-3871",
    "title": "Stack traces from failed tests are messed up on ANT 1.7.x",
    "details": {
        "labels": "",
        "priority": "Minor",
        "components": [],
        "type": "Bug",
        "fix_versions": [
            "3.6",
            "4.0-ALPHA"
        ],
        "affect_versions": "None",
        "resolution": "Fixed",
        "status": "Closed"
    },
    "description": "",
    "attachments": {},
    "issue_links": {},
    "comments": [
        {
            "date": "2012-03-14T23:00:11+0000",
            "content": "I can't reproduce this. My stack trace is fine:\n\njunit-sequential:\n    [junit] Testsuite: org.apache.lucene.search.grouping.AllGroupHeadsCollectorTest\n    [junit] Tests run: 1, Failures: 1, Errors: 0, Time elapsed: 4.704 sec\n    [junit]\n    [junit] ------------- Standard Error -----------------\n    [junit] NOTE: reproduce with: ant test -Dtestcase=AllGroupHeadsCollectorTest -Dtestmethod=testRandom -Dtests.seed=-770badc2509\n9b45c:-33bf9d8d527fecf3:-6ba7b68007c53875 -Dtests.multiplier=3 -Dargs=\"-Dfile.encoding=ISO8859-1\"\n    [junit] NOTE: test params are: codec=Lucene40: {sort3=PostingsFormat(name=MockRandom), id=Pulsing40(freqCutoff=9 minBlockSize=\n79 maxBlockSize=251), content=PostingsFormat(name=Memory doPackFST= true), sort2=Lucene40(minBlockSize=12 maxBlockSize=46), sort1=\nPostingsFormat(name=NestedPulsing), group=PostingsFormat(name=NestedPulsing)}, sim=DefaultSimilarity, locale=es_CL, timezone=Ameri\nca/Chicago\n    [junit] NOTE: all tests run in this JVM:\n    [junit] [AllGroupHeadsCollectorTest]\n    [junit] NOTE: Windows 7 6.1 amd64/Oracle Corporation 1.7.0_01 (64-bit)/cpus=8,threads=1,free=155882936,total=226754560\n    [junit] ------------- ---------------- ---------------\n    [junit] Testcase: testRandom(org.apache.lucene.search.grouping.AllGroupHeadsCollectorTest): FAILED\n    [junit] null\n    [junit] junit.framework.AssertionFailedError\n    [junit]     at org.apache.lucene.util.PagedBytes$Reader.fillSliceWithPrefix(PagedBytes.java:212)\n    [junit]     at org.apache.lucene.codecs.lucene40.values.VarDerefBytesImpl$VarDerefSource.getBytes(VarDerefBytesImpl.java:124)\n    [junit]     at org.apache.lucene.search.grouping.dv.DVAllGroupHeadsCollector$GeneralAllGroupHeadsCollector$BR.getGroupValue(DV\nAllGroupHeadsCollector.java:252)\n    [junit]     at org.apache.lucene.search.grouping.dv.DVAllGroupHeadsCollector$GeneralAllGroupHeadsCollector.retrieveGroupHeadAn\ndAddIfNotExist(DVAllGroupHeadsCollector.java:177)\n    [junit]     at org.apache.lucene.search.grouping.AbstractAllGroupHeadsCollector.collect(AbstractAllGroupHeadsCollector.java:10\n3)\n    [junit]     at org.apache.lucene.search.Scorer.score(Scorer.java:60)\n    [junit]     at org.apache.lucene.search.IndexSearcher.search(IndexSearcher.java:508)\n    [junit]     at org.apache.lucene.search.IndexSearcher.search(IndexSearcher.java:297)\n    [junit]     at org.apache.lucene.search.grouping.AllGroupHeadsCollectorTest.testRandom(AllGroupHeadsCollectorTest.java:320)\n    [junit]     at org.apache.lucene.util.LuceneTestCase$SubclassSetupTeardownRule$1.evaluate(LuceneTestCase.java:729)\n    [junit]     at org.apache.lucene.util.LuceneTestCase$InternalSetupTeardownRule$1.evaluate(LuceneTestCase.java:645)\n    [junit]     at org.apache.lucene.util.SystemPropertiesInvariantRule$1.evaluate(SystemPropertiesInvariantRule.java:22)\n    [junit]     at org.apache.lucene.util.LuceneTestCase$TestResultInterceptorRule$1.evaluate(LuceneTestCase.java:556)\n    [junit]     at org.apache.lucene.util.UncaughtExceptionsRule$1.evaluate(UncaughtExceptionsRule.java:51)\n    [junit]     at org.apache.lucene.util.LuceneTestCase$RememberThreadRule$1.evaluate(LuceneTestCase.java:618)\n    [junit]     at org.apache.lucene.util.LuceneTestCaseRunner.runChild(LuceneTestCaseRunner.java:164)\n    [junit]     at org.apache.lucene.util.LuceneTestCaseRunner.runChild(LuceneTestCaseRunner.java:57)\n    [junit]     at org.apache.lucene.util.UncaughtExceptionsRule$1.evaluate(UncaughtExceptionsRule.java:51)\n    [junit]     at org.apache.lucene.util.StoreClassNameRule$1.evaluate(StoreClassNameRule.java:21)\n    [junit]     at org.apache.lucene.util.SystemPropertiesInvariantRule$1.evaluate(SystemPropertiesInvariantRule.java:22)\n    [junit]\n    [junit]\n    [junit] Test org.apache.lucene.search.grouping.AllGroupHeadsCollectorTest FAILED\n\n ",
            "author": "Dawid Weiss",
            "id": "comment-13229730"
        },
        {
            "date": "2012-03-14T23:04:45+0000",
            "content": "May this be caused by ANT? I'm running 1.8.2 and I don't see any weirdness. ",
            "author": "Dawid Weiss",
            "id": "comment-13229735"
        },
        {
            "date": "2012-03-14T23:08:40+0000",
            "content": "Confirmed \u2013 this is some weirdness in ANT 1.7.x. Yet another reason to upgrade to 1.8.x... ",
            "author": "Dawid Weiss",
            "id": "comment-13229736"
        },
        {
            "date": "2012-03-14T23:09:38+0000",
            "content": "This is ANT 1.7.x doing something to stack traces; don't want to know what it does or why... I advocate for making 1.8 a requirement for compilation  ",
            "author": "Dawid Weiss",
            "id": "comment-13229738"
        },
        {
            "date": "2012-03-14T23:17:14+0000",
            "content": "I will upgrade! ",
            "author": "Michael McCandless",
            "id": "comment-13229744"
        },
        {
            "date": "2012-03-15T08:08:34+0000",
            "content": "I dug a little deeper. The problem on ANT 1.7 is caused by broken stack filtering (and the root cause is an assertion inside org.apache.tools.ant.taskdefs.optional.junit.JUnitTestRunner rethrowing the original exception. \n\nI will add a workaround by disabling stack filtering; full stack may be verbose but it is better than a broken stack. ",
            "author": "Dawid Weiss",
            "id": "comment-13229969"
        }
    ]
}