{
    "id": "LUCENE-7469",
    "title": "TestBooleanRewrites.testRandom() failures",
    "details": {
        "resolution": "Fixed",
        "affect_versions": "None",
        "components": [],
        "labels": "",
        "fix_versions": [
            "6.3",
            "7.0"
        ],
        "priority": "Blocker",
        "status": "Closed",
        "type": "Bug"
    },
    "description": "ASF Jenkins found a reproducing seed https://builds.apache.org/job/Lucene-Solr-NightlyTests-master/1122/:\n\n\n   [junit4] Suite: org.apache.lucene.search.TestBooleanRewrites\n   [junit4]   2> NOTE: download the large Jenkins line-docs file by running 'ant get-jenkins-line-docs' in the lucene directory.\n   [junit4]   2> NOTE: reproduce with: ant test  -Dtestcase=TestBooleanRewrites -Dtests.method=testRandom -Dtests.seed=133FC438853637FC -Dtests.multiplier=2 -Dtests.nightly=true -Dtests.slow=true -Dtests.linedocsfile=/home/jenkins/jenkins-slave/workspace/Lucene-Solr-NightlyTests-master/test-data/enwiki.random.lines.txt -Dtests.locale=es-CU -Dtests.timezone=Asia/Aqtobe -Dtests.asserts=true -Dtests.file.encoding=UTF-8\n   [junit4] FAILURE 1.15s J0 | TestBooleanRewrites.testRandom <<<\n   [junit4]    > Throwable #1: java.lang.AssertionError: expected:<22> but was:<11>\n   [junit4]    > \tat __randomizedtesting.SeedInfo.seed([133FC438853637FC:6173E1373456818F]:0)\n   [junit4]    > \tat org.apache.lucene.search.TestBooleanRewrites.assertEquals(TestBooleanRewrites.java:417)\n   [junit4]    > \tat org.apache.lucene.search.TestBooleanRewrites.testRandom(TestBooleanRewrites.java:363)\n   [junit4]    > \tat java.lang.Thread.run(Thread.java:745)\n   [junit4]   2> NOTE: test params are: codec=Asserting(Lucene62): {field=PostingsFormat(name=LuceneVarGapFixedInterval), body=PostingsFormat(name=LuceneVarGapFixedInterval)}, docValues:{}, maxPointsInLeafNode=54, maxMBSortInHeap=7.325003282600543, sim=ClassicSimilarity, locale=es-CU, timezone=Asia/Aqtobe\n   [junit4]   2> NOTE: Linux 3.13.0-85-generic amd64/Oracle Corporation 1.8.0_102 (64-bit)/cpus=4,threads=1,free=195289880,total=335544320\n\n\n\nAlso, from my Jenkins (also reproduces) http://jenkins.sarowe.net/job/Lucene-Solr-Nightly-master/306/consoleText:\n\n\n   [junit4] Suite: org.apache.lucene.search.TestBooleanRewrites\n   [junit4]   2> NOTE: download the large Jenkins line-docs file by running 'ant get-jenkins-line-docs' in the lucene directory.\n   [junit4]   2> NOTE: reproduce with: ant test  -Dtestcase=TestBooleanRewrites -Dtests.method=testRandom -Dtests.seed=B5A6C68D0BDEE665 -Dtests.multiplier=2 -Dtests.nightly=true -Dtests.slow=true -Dtests.linedocsfile=/home/jenkins/lucene-data/enwiki.random.lines.txt -Dtests.locale=nl-NL -Dtests.timezone=America/Boa_Vista -Dtests.asserts=true -Dtests.file.encoding=UTF-8\n   [junit4] FAILURE 0.20s J1  | TestBooleanRewrites.testRandom <<<\n   [junit4]    > Throwable #1: java.lang.AssertionError: expected:<20> but was:<7>\n   [junit4]    >        at __randomizedtesting.SeedInfo.seed([B5A6C68D0BDEE665:C7EAE382BABE5016]:0)\n   [junit4]    >        at org.apache.lucene.search.TestBooleanRewrites.assertEquals(TestBooleanRewrites.java:417)\n   [junit4]    >        at org.apache.lucene.search.TestBooleanRewrites.testRandom(TestBooleanRewrites.java:363)\n   [junit4]    >        at java.lang.Thread.run(Thread.java:745)\n   [junit4]   2> NOTE: leaving temporary files on disk at: /var/lib/jenkins/jobs/Lucene-Solr-Nightly-master/workspace/lucene/build/core/test/J1/temp/lucene.search.TestBooleanRewrites_B5A6C68D0BDEE665-001\n   [junit4]   2> NOTE: test params are: codec=Asserting(Lucene62): {field=PostingsFormat(name=Direct), body=PostingsFormat(name=Direct)}, docValues:{}, maxPointsInLeafNode=938, maxMBSortInHeap=7.896589122913218, sim=RandomSimilarity(queryNorm=false): {field=DFR I(n)L3(800.0), body=DFR I(n)1}, locale=nl-NL, timezone=America/Boa_Vista\n   [junit4]   2> NOTE: Linux 4.1.0-custom2-amd64 amd64/Oracle Corporation 1.8.0_77 (64-bit)/cpus=16,threads=1,free=183739760,total=412614656",
    "attachments": {},
    "issue_links": {},
    "comments": [
        {
            "id": "comment-15533431",
            "author": "Michael McCandless",
            "date": "2016-09-29T17:33:43+0000",
            "content": "Hmm do this repro on 6.x?  Does your Jenkins instance test 6.x.?\n\nI think this should be a blocker. "
        },
        {
            "id": "comment-15533472",
            "author": "Steve Rowe",
            "date": "2016-09-29T17:45:10+0000",
            "content": "Neither seed reproduces for me on branch_6x.\n\nMy Jenkins instance does test 6.x: http://jenkins.sarowe.net/job/Lucene-Solr-tests-6.x/, http://jenkins.sarowe.net/job/Lucene-Solr-Nightly-6.x/, http://jenkins.sarowe.net/job/Lucene-core-weekly-monster-6.x-HDD/. "
        },
        {
            "id": "comment-15533492",
            "author": "Steve Rowe",
            "date": "2016-09-29T17:52:19+0000",
            "content": "From http://markmail.org/message/ymx2idt3ltqjn5t6, Adrien Grand responded to a branch_6x Jenkins failure of the same test:\n\n\nI backed the change out of branch_6x:\nhttps://issues.apache.org/jira/browse/LUCENE-7416. It was not safe on this\nbranch since queryNorm and coords make such simplifications tricky. Sorry\nfor the noise. "
        },
        {
            "id": "comment-15533495",
            "author": "Michael McCandless",
            "date": "2016-09-29T17:53:19+0000",
            "content": "OK thanks Steve Rowe ... hopefully this is trunk only.  I'll upgrade to blocker. "
        },
        {
            "id": "comment-15533538",
            "author": "Adrien Grand",
            "date": "2016-09-29T18:03:48+0000",
            "content": "I can look into it on Monday if nobody beats me to it. "
        },
        {
            "id": "comment-15541725",
            "author": "ASF subversion and git services",
            "date": "2016-10-03T07:10:10+0000",
            "content": "Commit c6f5abaaeb8679a7d8f991681b20a7fbbe2ea4d6 in lucene-solr's branch refs/heads/branch_6x from Adrien Grand\n[ https://git-wip-us.apache.org/repos/asf?p=lucene-solr.git;h=c6f5aba ]\n\nLUCENE-7469: Avoid TestBooleanRewrites test failures due to floating-point inaccuracy issues. "
        },
        {
            "id": "comment-15541726",
            "author": "ASF subversion and git services",
            "date": "2016-10-03T07:10:13+0000",
            "content": "Commit 632d129871ab35a341b9215d3bc99043cb4cc041 in lucene-solr's branch refs/heads/master from Adrien Grand\n[ https://git-wip-us.apache.org/repos/asf?p=lucene-solr.git;h=632d129 ]\n\nLUCENE-7469: Avoid TestBooleanRewrites test failures due to floating-point inaccuracy issues. "
        },
        {
            "id": "comment-15541730",
            "author": "Adrien Grand",
            "date": "2016-10-03T07:11:54+0000",
            "content": "These were floating-point rounding issues since the rewrite may cause operations that compute the score to be simplified or run in a different order. I pushed a fix to the test. "
        },
        {
            "id": "comment-15650329",
            "author": "Shalin Shekhar Mangar",
            "date": "2016-11-09T08:39:27+0000",
            "content": "Closing after 6.3.0 release. "
        },
        {
            "id": "comment-15888188",
            "author": "Adrien Grand",
            "date": "2017-02-28T15:15:10+0000",
            "content": "Reopen to fix the fixVersion. "
        }
    ]
}