{
    "id": "LUCENE-7108",
    "title": "Test2BPoints.test2D() failure",
    "details": {
        "resolution": "Fixed",
        "affect_versions": "None",
        "components": [],
        "labels": "",
        "fix_versions": [
            "6.0",
            "6.1",
            "7.0"
        ],
        "priority": "Major",
        "status": "Closed",
        "type": "Bug"
    },
    "description": "From my Jenkins:\n\nChecking out Revision 3c7e55da3a29224a90a8fc71815a7a52433a6a90 (refs/remotes/origin/master)\n\n\n   [junit4] Suite: org.apache.lucene.index.Test2BPoints\n   [junit4]   1> DIR: /slow/jenkins/HDD-workspaces/Lucene-core-nightly-monster-master/lucene/build/core/test/J3/temp/lucene.index.Test2BPoints_41B6ADF997AA6777-001/2BPoints1D-001\n   [junit4]   1> TEST: now CheckIndex\n   [junit4]   2> NOTE: reproduce with: ant test  -Dtestcase=Test2BPoints -Dtests.method=test2D -Dtests.seed=41B6ADF997AA6777 -Dtests.nightly=true -Dtests.slow=true -Dtests.locale=uk-UA -Dtests.timezone=America/Guyana -Dtests.asserts=true -Dtests.file.encoding=UTF-8\n   [junit4] FAILURE 77421s J3 | Test2BPoints.test2D <<<\n   [junit4]    > Throwable #1: java.lang.AssertionError: expected:<82595525> but was:<0>\n   [junit4]    > \tat __randomizedtesting.SeedInfo.seed([41B6ADF997AA6777:6C131FA9712D2694]:0)\n   [junit4]    > \tat org.apache.lucene.index.Test2BPoints.test2D(Test2BPoints.java:137)\n   [junit4]    > \tat java.lang.Thread.run(Thread.java:745)\n   [junit4]   2> NOTE: leaving temporary files on disk at: /slow/jenkins/HDD-workspaces/Lucene-core-nightly-monster-master/lucene/build/core/test/J3/temp/lucene.index.Test2BPoints_41B6ADF997AA6777-001\n   [junit4]   2> NOTE: test params are: codec=Asserting(Lucene60): {}, docValues:{}, maxPointsInLeafNode=1961, maxMBSortInHeap=6.2420286301663985, sim=ClassicSimilarity, locale=uk-UA, timezone=America/Guyana\n   [junit4]   2> NOTE: Linux 4.1.0-custom2-amd64 amd64/Oracle Corporation 1.8.0_45 (64-bit)/cpus=16,threads=1,free=3014352688,total=6316621824\n   [junit4]   2> NOTE: All tests run in this JVM: [TestField, TestTransactionRollback, TestIndexReaderClose, TestParallelCompositeReader, TestCodecs, TestMaxTermFrequency, TestUnicodeUtil, TestMatchNoDocsQuery, TestDemoParallelLeafReader, TestStressAdvance, TestFSTs, TestDocIdSetBuilder, TestBytesRefHash, TestInfoStream, TestAllFilesDetectTruncation, TestForTooMuchCloning, TestNoMergeScheduler, TestRegexpQuery, TestBoostQuery, TestPrefixRandom, TestTermsEnum2, TestConsistentFieldNumbers, TestExceedMaxTermLength, TestSortRandom, TestReaderClosed, TestSetOnce, TestQueryRescorer, TestStressDeletes, TestRecyclingByteBlockAllocator, TestSearchAfter, TestBooleanQueryVisitSubscorers, TestOfflineSorter, TestReadOnlyIndex, TestLucene50SegmentInfoFormat, TestComplexExplanations, TestTopDocsMerge, TestIndexCommit, TestPrefixInBooleanQuery, TestSleepingLockWrapper, TestIndexWriterUnicode, TestDirectory, TestIndexWriterMerging, Test2BPagedBytes, TestSimilarity2, TestByteBlockPool, TestSloppyMath, TestDocCount, TestBinaryDocument, TestSameScoresWithThreads, TestScorerPerf, TestScoreCachingWrappingScorer, TestIndexWriter, TestPerFieldDocValuesFormat, TestIndexWriterWithThreads, TestIndexWriterExceptions, TestMultiMMap, TestBooleanOr, TestBasics, TestIndexWriterMergePolicy, TestNRTThreads, MultiCollectorTest, TestTermdocPerf, Test2BPositions, TestPackedTokenAttributeImpl, TestGrowableByteArrayDataOutput, TestBlockPostingsFormat3, TestLucene50CompoundFormat, TestLucene50TermVectorsFormat, TestLucene53NormsFormat, TestLucene54DocValuesFormat, TestLucene60PointsFormat, TestFieldType, Test2BPoints]\n   [junit4] Completed [415/415 (1!)] on J3 in 86675.45s, 2 tests, 1 failure <<< FAILURES!",
    "attachments": {},
    "issue_links": {},
    "comments": [
        {
            "id": "comment-15195290",
            "author": "Steve Rowe",
            "date": "2016-03-15T13:26:39+0000",
            "content": "I didn't try to reproduce, in part because of how long it ran - the last hearbeat was:\n\n\n   [junit4] HEARTBEAT J3 PID(29575@localhost): 2016-03-14T22:15:10, stalled for 77406s at: Test2BPoints.test2D\n\n\n\nI run Lucene-core monster tests via ant clean test -Dtests.jvms=4 -Dtests.nightly=true -Dtests.monster=true -Dtests.heapsize=30g (via Jenkins's config).  This failing run took 21 hours to complete.  I expect it will be faster next time - this is the first full run since the new monster tests have run, so the tests' timings will be recorded and should allow the longer-running ones to be started first.\n\nI had to switch away from my 400GB SSD to a 2TB spinning disk because the first time I ran the monster tests after the 2B points and BKD monster tests were added, it ran out of disk space.  I checked a couple times when the last two tests, Test2BPoints.test2D() and Test2BBKDPoints.test2D(), were running on separate JVMs, and the max disk usage I saw was 459GB:\n\n\n[/slow/jenkins/HDD-workspaces/]$ sudo du -s *\n459381964       Lucene-core-nightly-monster-master\n\n "
        },
        {
            "id": "comment-15195303",
            "author": "Michael McCandless",
            "date": "2016-03-15T13:43:28+0000",
            "content": "Whoa, thank you Steve Rowe for running this incredibly heavy test!!  I'll dig! "
        },
        {
            "id": "comment-15195310",
            "author": "Michael McCandless",
            "date": "2016-03-15T13:48:19+0000",
            "content": "This test (both test1D and test2D), and the direct BKD versions (Test2BBKDPoints, also exhaust my SSD: I only run them on spinning magnets as well.\n\nOK I think I see the bug ... it's a silly test bug in the range query.  I'll push a fix shortly. "
        },
        {
            "id": "comment-15195312",
            "author": "ASF subversion and git services",
            "date": "2016-03-15T13:49:16+0000",
            "content": "Commit 3ba7456f7062f263dbb859cbe5d59046450a5371 in lucene-solr's branch refs/heads/master from Mike McCandless\n[ https://git-wip-us.apache.org/repos/asf?p=lucene-solr.git;h=3ba7456 ]\n\nLUCENE-7108: this test was running the wrong range query "
        },
        {
            "id": "comment-15195314",
            "author": "ASF subversion and git services",
            "date": "2016-03-15T13:49:55+0000",
            "content": "Commit 4a4db23362bb0f02723bd3046b23833b89fecbcc in lucene-solr's branch refs/heads/branch_6x from Mike McCandless\n[ https://git-wip-us.apache.org/repos/asf?p=lucene-solr.git;h=4a4db23 ]\n\nLUCENE-7108: this test was running the wrong range query "
        },
        {
            "id": "comment-15195317",
            "author": "ASF subversion and git services",
            "date": "2016-03-15T13:51:11+0000",
            "content": "Commit 845c315ac5a437645e11e3f5873258e21b4d776a in lucene-solr's branch refs/heads/branch_6_0 from Mike McCandless\n[ https://git-wip-us.apache.org/repos/asf?p=lucene-solr.git;h=845c315 ]\n\nLUCENE-7108: this test was running the wrong range query\n\nConflicts:\n\tlucene/core/src/test/org/apache/lucene/index/Test2BPoints.java "
        },
        {
            "id": "comment-15195318",
            "author": "Michael McCandless",
            "date": "2016-03-15T13:51:37+0000",
            "content": "OK I pushed a likely fix for this, but I'll leave this open until someone can confirm that the test now passes  "
        },
        {
            "id": "comment-15195329",
            "author": "Steve Rowe",
            "date": "2016-03-15T13:59:38+0000",
            "content": "I'll run this test with the failing seed. "
        },
        {
            "id": "comment-15201443",
            "author": "Steve Rowe",
            "date": "2016-03-18T13:07:35+0000",
            "content": "I did this, but in the same directory as the one Jenkins uses.  I wasn't quick enough to check on the results before Jenkins started again.  Fortunately, the failing test (and all others) succeeded: http://jenkins.sarowe.net/job/Lucene-core-nightly-monster-master/254/ - took almost 27 hours .  I'll resolve this issue. "
        },
        {
            "id": "comment-15201487",
            "author": "Michael McCandless",
            "date": "2016-03-18T13:44:54+0000",
            "content": "Thanks Steve Rowe!  It also finally passed for me as well. "
        },
        {
            "id": "comment-15279250",
            "author": "Hoss Man",
            "date": "2016-05-10T23:47:59+0000",
            "content": "\nManually correcting fixVersion per Step #S6 of LUCENE-7271 "
        }
    ]
}