{
    "id": "SOLR-7244",
    "title": "reproducible failures for TestDynamicLoading (thai locale)",
    "details": {
        "components": [],
        "type": "Bug",
        "labels": "",
        "fix_versions": [],
        "affect_versions": "None",
        "status": "Resolved",
        "resolution": "Duplicate",
        "priority": "Major"
    },
    "description": "This test with these options fails consistently for me 100% of the time on trunk regardless of seed is choosen...\n\n\nant test  -Dtestcase=TestDynamicLoading -Dtests.method=testDynamicLoading -Dtests.slow=true -Dtests.locale=th_TH_TH_#u-nu-thai -Dtests.asserts=true\n\n\n\n\n   [junit4]   2> NOTE: reproduce with: ant test  -Dtestcase=TestDynamicLoading -Dtests.method=testDynamicLoading -Dtests.seed=18AA725A2C84FD9 -Dtests.slow=true -Dtests.locale=th_TH_TH_#u-nu-thai -Dtests.timezone=Asia/Hovd -Dtests.asserts=true -Dtests.file.encoding=UTF-8\n   [junit4] FAILURE 49.5s J2 | TestDynamicLoading.testDynamicLoading <<<\n   [junit4]    > Throwable #1: java.lang.AssertionError: Could not get expected value  'org.apache.solr.core.RuntimeLibReqHandler' for path 'overlay/requestHandler/\\/runtime/class' full output: {\n   [junit4]    >   \"responseHeader\":{\n   [junit4]    >     \"status\":0,\n   [junit4]    >     \"QTime\":0},\n   [junit4]    >   \"overlay\":{\n   [junit4]    >     \"znodeVersion\":1,\n   [junit4]    >     \"runtimeLib\":{\"colltest\":{\n   [junit4]    >         \"name\":\"colltest\",\n   [junit4]    >         \"version\":1}},\n   [junit4]    >     \"requestHandler\":{\"/test1\":{\n   [junit4]    >         \"name\":\"/test1\",\n   [junit4]    >         \"class\":\"org.apache.solr.core.BlobStoreTestRequestHandler\",\n   [junit4]    >         \"runtimeLib\":true}}}}\n   [junit4]    > \tat __randomizedtesting.SeedInfo.seed([18AA725A2C84FD9:D9C78A725515EA79]:0)\n   [junit4]    > \tat org.apache.solr.core.TestSolrConfigHandler.testForResponseElement(TestSolrConfigHandler.java:399)\n   [junit4]    > \tat org.apache.solr.core.TestDynamicLoading.testDynamicLoading(TestDynamicLoading.java:172)\n   [junit4]    > \tat org.apache.solr.BaseDistributedSearchTestCase$ShardsRepeatRule$ShardsFixedStatement.callStatement(BaseDistributedSearchTestCase.java:958)\n   [junit4]    > \tat org.apache.solr.BaseDistributedSearchTestCase$ShardsRepeatRule$ShardsStatement.evaluate(BaseDistributedSearchTestCase.java:933)\n   [junit4]    > \tat java.lang.Thread.run(Thread.java:745)\n\n\n\n\njava version \"1.8.0_40\"\nJava(TM) SE Runtime Environment (build 1.8.0_40-b25)\nJava HotSpot(TM) 64-Bit Server VM (build 25.40-b25, mixed mode)",
    "attachments": {},
    "issue_links": {},
    "comments": []
}