{
    "id": "SOLR-2159",
    "title": "CloudStateUpdateTest.testCoreRegistration test failure",
    "details": {
        "affect_versions": "4.0-ALPHA",
        "status": "Closed",
        "fix_versions": [
            "4.9",
            "6.0"
        ],
        "components": [
            "Build"
        ],
        "type": "Bug",
        "priority": "Major",
        "labels": "",
        "resolution": "Cannot Reproduce"
    },
    "description": "CloudStateUpdateTest.testCoreRegistration failed in Hudson, with:\n\nexpected:<2> but was:<3>\n\nHere is the stacktrace:\n\n    [junit] Testsuite: org.apache.solr.cloud.CloudStateUpdateTest\n    [junit] Testcase: testCoreRegistration(org.apache.solr.cloud.CloudStateUpdateTest):\tFAILED\n    [junit] expected:<2> but was:<3>\n    [junit] junit.framework.AssertionFailedError: expected:<2> but was:<3>\n    [junit] \tat org.apache.lucene.util.LuceneTestCase$LuceneTestCaseRunner.runChild(LuceneTestCase.java:795)\n    [junit] \tat org.apache.lucene.util.LuceneTestCase$LuceneTestCaseRunner.runChild(LuceneTestCase.java:768)\n    [junit] \tat org.apache.solr.cloud.CloudStateUpdateTest.testCoreRegistration(CloudStateUpdateTest.java:203)\n    [junit] \n    [junit] \n    [junit] Tests run: 1, Failures: 1, Errors: 0, Time elapsed: 18.254 sec\n    [junit] \n    [junit] ------------- Standard Output ---------------\n    [junit] NOTE: reproduce with: ant test -Dtestcase=CloudStateUpdateTest -Dtestmethod=testCoreRegistration -Dtests.seed=3315086210462004965:6080191299009105620\n    [junit] NOTE: test params are: codec=Standard, locale=bg_BG, timezone=CNT\n    [junit] ------------- ---------------- ---------------\n    [junit] ------------- Standard Error -----------------\n    [junit] 2010-10-15 2:01:28 org.apache.solr.core.CoreContainer register\n    [junit] SEVERE: \n    [junit] org.apache.zookeeper.KeeperException$ConnectionLossException: KeeperErrorCode = ConnectionLoss for /collections/collection1/shards/127.0.0.1:1662_solr_\n    [junit] \tat org.apache.zookeeper.KeeperException.create(KeeperException.java:90)\n    [junit] \tat org.apache.zookeeper.KeeperException.create(KeeperException.java:42)\n    [junit] \tat org.apache.zookeeper.ZooKeeper.create(ZooKeeper.java:637)\n    [junit] \tat org.apache.solr.common.cloud.SolrZkClient.makePath(SolrZkClient.java:348)\n    [junit] \tat org.apache.solr.common.cloud.SolrZkClient.makePath(SolrZkClient.java:309)\n    [junit] \tat org.apache.solr.common.cloud.SolrZkClient.makePath(SolrZkClient.java:371)\n    [junit] \tat org.apache.solr.cloud.ZkController.addZkShardsNode(ZkController.java:155)\n    [junit] \tat org.apache.solr.cloud.ZkController.register(ZkController.java:474)\n    [junit] \tat org.apache.solr.core.CoreContainer.register(CoreContainer.java:515)\n    [junit] \tat org.apache.solr.core.CoreContainer.load(CoreContainer.java:408)\n    [junit] \tat org.apache.solr.core.CoreContainer.load(CoreContainer.java:289)\n    [junit] \tat org.apache.solr.core.CoreContainer$Initializer.initialize(CoreContainer.java:213)\n    [junit] \tat org.apache.solr.cloud.CloudStateUpdateTest.setUp(CloudStateUpdateTest.java:124)\n    [junit] \tat sun.reflect.GeneratedMethodAccessor1.invoke(Unknown Source)\n    [junit] \tat sun.reflect.DelegatingMethodAccessorImpl.invoke(DelegatingMethodAccessorImpl.java:43)\n    [junit] \tat java.lang.reflect.Method.invoke(Method.java:616)\n    [junit] \tat org.junit.runners.model.FrameworkMethod$1.runReflectiveCall(FrameworkMethod.java:44)\n    [junit] \tat org.junit.internal.runners.model.ReflectiveCallable.run(ReflectiveCallable.java:15)\n    [junit] \tat org.junit.runners.model.FrameworkMethod.invokeExplosively(FrameworkMethod.java:41)\n    [junit] \tat org.junit.internal.runners.statements.RunBefores.evaluate(RunBefores.java:27)\n    [junit] \tat org.junit.internal.runners.statements.RunAfters.evaluate(RunAfters.java:31)\n    [junit] \tat org.junit.runners.BlockJUnit4ClassRunner.runChild(BlockJUnit4ClassRunner.java:76)\n    [junit] \tat org.apache.lucene.util.LuceneTestCase$LuceneTestCaseRunner.runChild(LuceneTestCase.java:795)\n    [junit] \tat org.apache.lucene.util.LuceneTestCase$LuceneTestCaseRunner.runChild(LuceneTestCase.java:768)\n    [junit] \tat org.junit.runners.ParentRunner$3.run(ParentRunner.java:193)\n    [junit] \tat org.junit.runners.ParentRunner$1.schedule(ParentRunner.java:52)\n    [junit] \tat org.junit.runners.ParentRunner.runChildren(ParentRunner.java:191)\n    [junit] \tat org.junit.runners.ParentRunner.access$000(ParentRunner.java:42)\n    [junit] \tat org.junit.runners.ParentRunner$2.evaluate(ParentRunner.java:184)\n    [junit] \tat org.junit.internal.runners.statements.RunBefores.evaluate(RunBefores.java:28)\n    [junit] \tat org.junit.internal.runners.statements.RunAfters.evaluate(RunAfters.java:31)\n    [junit] \tat org.junit.runners.ParentRunner.run(ParentRunner.java:236)\n    [junit] \tat junit.framework.JUnit4TestAdapter.run(JUnit4TestAdapter.java:39)\n    [junit] \tat org.apache.tools.ant.taskdefs.optional.junit.JUnitTestRunner.run(JUnitTestRunner.java:421)\n    [junit] \tat org.apache.tools.ant.taskdefs.optional.junit.JUnitTestRunner.launch(JUnitTestRunner.java:912)\n    [junit] \tat org.apache.tools.ant.taskdefs.optional.junit.JUnitTestRunner.main(JUnitTestRunner.java:743)\n    [junit] 2010-10-15 2:01:29 org.apache.log4j.Category error\n    [junit] SEVERE: Unexpected Exception: \n    [junit] java.nio.channels.CancelledKeyException\n    [junit] \tat sun.nio.ch.SelectionKeyImpl.ensureValid(SelectionKeyImpl.java:73)\n    [junit] \tat sun.nio.ch.SelectionKeyImpl.interestOps(SelectionKeyImpl.java:77)\n    [junit] \tat org.apache.zookeeper.server.NIOServerCnxn.sendBuffer(NIOServerCnxn.java:417)\n    [junit] \tat org.apache.zookeeper.server.NIOServerCnxn.sendResponse(NIOServerCnxn.java:1508)\n    [junit] \tat org.apache.zookeeper.server.FinalRequestProcessor.processRequest(FinalRequestProcessor.java:367)\n    [junit] \tat org.apache.zookeeper.server.SyncRequestProcessor.flush(SyncRequestProcessor.java:161)\n    [junit] \tat org.apache.zookeeper.server.SyncRequestProcessor.run(SyncRequestProcessor.java:98)\n    [junit] 2010-10-15 2:01:29 org.apache.log4j.Category error\n    [junit] SEVERE: Unexpected Exception: \n    [junit] java.nio.channels.CancelledKeyException\n    [junit] \tat sun.nio.ch.SelectionKeyImpl.ensureValid(SelectionKeyImpl.java:73)\n    [junit] \tat sun.nio.ch.SelectionKeyImpl.interestOps(SelectionKeyImpl.java:77)\n    [junit] \tat org.apache.zookeeper.server.NIOServerCnxn.sendBuffer(NIOServerCnxn.java:417)\n    [junit] \tat org.apache.zookeeper.server.NIOServerCnxn.sendResponse(NIOServerCnxn.java:1508)\n    [junit] \tat org.apache.zookeeper.server.FinalRequestProcessor.processRequest(FinalRequestProcessor.java:171)\n    [junit] \tat org.apache.zookeeper.server.SyncRequestProcessor.run(SyncRequestProcessor.java:135)\n    [junit] 2010-10-15 2:01:29 org.apache.log4j.Category error\n    [junit] SEVERE: Unexpected Exception: \n    [junit] java.nio.channels.CancelledKeyException\n    [junit] \tat sun.nio.ch.SelectionKeyImpl.ensureValid(SelectionKeyImpl.java:73)\n    [junit] \tat sun.nio.ch.SelectionKeyImpl.interestOps(SelectionKeyImpl.java:77)\n    [junit] \tat org.apache.zookeeper.server.NIOServerCnxn.sendBuffer(NIOServerCnxn.java:417)\n    [junit] \tat org.apache.zookeeper.server.NIOServerCnxn.sendResponse(NIOServerCnxn.java:1508)\n    [junit] \tat org.apache.zookeeper.server.FinalRequestProcessor.processRequest(FinalRequestProcessor.java:171)\n    [junit] \tat org.apache.zookeeper.server.SyncRequestProcessor.run(SyncRequestProcessor.java:135)\n    [junit] ------------- ---------------- ---------------\n    [junit] TEST org.apache.solr.cloud.CloudStateUpdateTest FAILED",
    "attachments": {},
    "issue_links": {},
    "comments": [
        {
            "author": "Mark Miller",
            "id": "comment-12922146",
            "date": "2010-10-18T16:49:36+0000",
            "content": "I tried bumping up the number of retries on this - was only 4*50ms = 200ms. Brought that up to 500ms for now - will see if this pops up again. "
        },
        {
            "author": "Steve Rowe",
            "id": "comment-13717287",
            "date": "2013-07-23T18:47:44+0000",
            "content": "Bulk move 4.4 issues to 4.5 and 5.0 "
        },
        {
            "author": "Uwe Schindler",
            "id": "comment-13971103",
            "date": "2014-04-16T12:57:10+0000",
            "content": "Move issue to Solr 4.9. "
        },
        {
            "author": "Cao Manh Dat",
            "id": "comment-15594413",
            "date": "2016-10-21T07:59:12+0000",
            "content": "I ran the test for 100 times and can not find a failed one. The implementation code changes a lot over 6 years, so I think we can close this issue here. If the error happen again we can open another ticket with an updated tests.seed. "
        }
    ]
}