{
    "id": "SOLR-9586",
    "title": "TestSolrCloudWithDelegationTokens fails regularly on Jenkins runs",
    "details": {
        "components": [],
        "type": "Bug",
        "labels": "",
        "fix_versions": [],
        "affect_versions": "None",
        "status": "Open",
        "resolution": "Unresolved",
        "priority": "Major"
    },
    "description": "Mainly on Windows, sometimes on Solaris.  Failing seeds don't reproduce on a Mac.",
    "attachments": {},
    "issue_links": {},
    "comments": [
        {
            "date": "2016-10-01T08:17:01+0000",
            "author": "Alan Woodward",
            "content": "Failures all look the same, too:\n\nBuild: https://jenkins.thetaphi.de/job/Lucene-Solr-master-Windows/6150/\nJava: 64bit/jdk1.8.0_102 -XX:+UseCompressedOops -XX:+UseParallelGC\n\n1 tests failed.\nFAILED:  org.apache.solr.cloud.TestSolrCloudWithDelegationTokens.testDelegationTokenCancelFail\n\nError Message:\nexpected:<200> but was:<404>\n\nStack Trace:\njava.lang.AssertionError: expected:<200> but was:<404>\n\tat __randomizedtesting.SeedInfo.seed([908960D234414F75:F83655F8E4DB5D99]:0)\n\tat org.junit.Assert.fail(Assert.java:93)\n\tat org.junit.Assert.failNotEquals(Assert.java:647)\n\tat org.junit.Assert.assertEquals(Assert.java:128)\n\tat org.junit.Assert.assertEquals(Assert.java:472)\n\tat org.junit.Assert.assertEquals(Assert.java:456)\n\tat org.apache.solr.cloud.TestSolrCloudWithDelegationTokens.cancelDelegationToken(TestSolrCloudWithDelegationTokens.java:137)\n\tat org.apache.solr.cloud.TestSolrCloudWithDelegationTokens.testDelegationTokenCancelFail(TestSolrCloudWithDelegationTokens.java:282)\n\n\n\n\nGregory Chanan could you take a look? ",
            "id": "comment-15538154"
        },
        {
            "date": "2016-10-13T11:49:51+0000",
            "author": "Alan Woodward",
            "content": "Windows failures are being tracked separately in SOLR-9630.\n\nThe Solaris failures all include the following error message:\n\n [junit4]   2> 2721267 ERROR (qtp420425466-53641) [    ] o.a.h.s.t.d.ZKDelegationTokenSecretManager No node in path [/ZKDTSMTokensRoot/DT_2]\n  [junit4]   2> 2721268 ERROR (qtp1039230947-53649) [    ] o.a.h.s.t.d.ZKDelegationTokenSecretManager No node in path [/ZKDTSMTokensRoot/DT_2]\n  [junit4]   2> 2721280 ERROR (qtp420425466-53643) [    ] o.a.h.s.t.d.ZKDelegationTokenSecretManager No node in path [/ZKDTSMTokensRoot/DT_3]\n \n\n\nGoogling for this error message is unhelpful... ",
            "id": "comment-15571689"
        },
        {
            "date": "2016-10-13T12:05:13+0000",
            "author": "Ishan Chattopadhyaya",
            "content": "Unless Greg gets to it before me, I'll take a look at it during the week of 24th. ",
            "id": "comment-15571720"
        }
    ]
}