{
    "id": "SOLR-9401",
    "title": "TestPKIAuthenticationPlugin NPE",
    "details": {
        "components": [],
        "type": "Bug",
        "labels": "",
        "fix_versions": [
            "6.5",
            "7.0"
        ],
        "affect_versions": "None",
        "status": "Closed",
        "resolution": "Fixed",
        "priority": "Major"
    },
    "description": "Failure from my Jenkins, doesn't reproduce for me (this is tests-failures.txt):\n\n  2> Creating dataDir: /var/lib/jenkins/jobs/Lucene-Solr-tests-master/workspace/solr/build/solr-core/test/J7/temp/solr.security.TestPKIAuthenticationPlugi\nn_7AC33B2240CB767D-001/init-core-data-001\n  2> 14521 INFO  (SUITE-TestPKIAuthenticationPlugin-seed#[7AC33B2240CB767D]-worker) [    ] o.a.s.SolrTestCaseJ4 Randomized ssl (false) and clientAuth (fal\nse) via: @org.apache.solr.util.RandomizeSSL(reason=, ssl=NaN, value=NaN, clientAuth=NaN)\n  2> 14540 INFO  (TEST-TestPKIAuthenticationPlugin.test-seed#[7AC33B2240CB767D]) [    ] o.a.s.SolrTestCaseJ4 ###Starting test\n  2> 15553 ERROR (TEST-TestPKIAuthenticationPlugin.test-seed#[7AC33B2240CB767D]) [    ] o.a.s.s.PKIAuthenticationPlugin No SolrAuth header present\n  2> 15843 ERROR (TEST-TestPKIAuthenticationPlugin.test-seed#[7AC33B2240CB767D]) [    ] o.a.s.s.PKIAuthenticationPlugin Invalid key request timestamp: 9 ,\n received timestamp: 1470760833176 , TTL: 5000\n  2> 15843 INFO  (TEST-TestPKIAuthenticationPlugin.test-seed#[7AC33B2240CB767D]) [    ] o.a.s.SolrTestCaseJ4 ###Ending test\n  2> NOTE: download the large Jenkins line-docs file by running 'ant get-jenkins-line-docs' in the lucene directory.\n  2> NOTE: reproduce with: ant test  -Dtestcase=TestPKIAuthenticationPlugin -Dtests.method=test -Dtests.seed=7AC33B2240CB767D -Dtests.slow=true -Dtests.li\nnedocsfile=/home/jenkins/lucene-data/enwiki.random.lines.txt -Dtests.locale=cs -Dtests.timezone=Europe/Tirane -Dtests.asserts=true -Dtests.file.encoding=U\nTF-8\n[12:40:32.094] ERROR   1.35s J7  | TestPKIAuthenticationPlugin.test <<<\n   > Throwable #1: java.lang.NullPointerException\n   >    at __randomizedtesting.SeedInfo.seed([7AC33B2240CB767D:F29704F8EE371B85]:0)\n   >    at org.apache.solr.security.TestPKIAuthenticationPlugin.test(TestPKIAuthenticationPlugin.java:144)\n[...]\n  2> 15867 INFO  (SUITE-TestPKIAuthenticationPlugin-seed#[7AC33B2240CB767D]-worker) [    ] o.a.s.SolrTestCaseJ4 ###deleteCore\n  2> NOTE: leaving temporary files on disk at: /var/lib/jenkins/jobs/Lucene-Solr-tests-master/workspace/solr/build/solr-core/test/J7/temp/solr.security.TestPKIAuthenticationPlugin_7AC33B2240CB767D-001\n  2> NOTE: test params are: codec=Asserting(Lucene62): {}, docValues:{}, maxPointsInLeafNode=752, maxMBSortInHeap=5.390190554185364, sim=RandomSimilarity(queryNorm=true): {}, locale=cs, timezone=Europe/Tirane\n  2> NOTE: Linux 4.1.0-custom2-amd64 amd64/Oracle Corporation 1.8.0_77 (64-bit)/cpus=16,threads=1,free=255922760,total=336592896\n  2> NOTE: All tests run in this JVM: [TestIndexingPerformance, TestPKIAuthenticationPlugin]",
    "attachments": {
        "SOLR-9401.patch": "https://issues.apache.org/jira/secure/attachment/12855066/SOLR-9401.patch"
    },
    "issue_links": {},
    "comments": [
        {
            "date": "2016-08-09T17:28:26+0000",
            "author": "Steve Rowe",
            "content": "Looking through recent dev mailing list posts, the only mention I can find of this failure is from Shai Erera three months ago during the 5.5.1 release vote http://asfmail.lucidworks.io/mail_files/lucene-dev/201605.mbox/%3cCALfq-2Qguqo=X=on8_8s2z8KVmPbPXTLwUbkfwHDZ1XfiEoZjQ@mail.gmail.com%3e:\n\n\nWhen I ran the smoke tester for the first time, I encountered this test\nfailure:\n\n\n[junit4] Suite: org.apache.solr.security.TestPKIAuthenticationPlugin\n[junit4] 2> Creating dataDir:\n/tmp/smoke_lucene_5.5.1_c08f17bca0d9cbf516874d13d221ab100e5b7d58_3/unpack/solr-5.5.1/solr/build/solr-core/test/J3/temp/solr.security.TestPKIAuthenticationPlugin_4643E7DFA3C28AD5-001/init-core-data-001\n[junit4] 2> 48028 INFO\n(SUITE-TestPKIAuthenticationPlugin-seed#[4643E7DFA3C28AD5]-worker) [ ]\no.a.s.SolrTestCaseJ4 Randomized ssl (true) and clientAuth (false)\n[junit4] 2> 48031 INFO\n(TEST-TestPKIAuthenticationPlugin.test-seed#[4643E7DFA3C28AD5]) [ ]\no.a.s.SolrTestCaseJ4 ###Starting test\n[junit4] 2> 48323 ERROR\n(TEST-TestPKIAuthenticationPlugin.test-seed#[4643E7DFA3C28AD5]) [ ]\no.a.s.s.PKIAuthenticationPlugin No SolrAuth header present\n[junit4] 2> 48377 ERROR\n(TEST-TestPKIAuthenticationPlugin.test-seed#[4643E7DFA3C28AD5]) [ ]\no.a.s.s.PKIAuthenticationPlugin Invalid key\n[junit4] 2> 48377 INFO\n(TEST-TestPKIAuthenticationPlugin.test-seed#[4643E7DFA3C28AD5]) [ ]\no.a.s.SolrTestCaseJ4 ###Ending test\n[junit4] 2> NOTE: reproduce with: ant test\n-Dtestcase=TestPKIAuthenticationPlugin -Dtests.method=test\n-Dtests.seed=4643E7DFA3C28AD5 -Dtests.locale=ja-JP\n-Dtests.timezone=Australia/Lindeman -Dtests.asserts=true\n-Dtests.file.encoding=US-ASCII\n[junit4] ERROR 0.35s J3 | TestPKIAuthenticationPlugin.test <<<\n[junit4] > Throwable #1: java.lang.NullPointerException\n[junit4] > at\n__randomizedtesting.SeedInfo.seed([4643E7DFA3C28AD5:CE17D8050D3EE72D]:0)\n[junit4] > at\norg.apache.solr.security.TestPKIAuthenticationPlugin.test(TestPKIAuthenticationPlugin.java:156)\n[junit4] > at java.lang.Thread.run(Thread.java:745)\n[junit4] 2> 48379 INFO\n(SUITE-TestPKIAuthenticationPlugin-seed#[4643E7DFA3C28AD5]-worker) [ ]\no.a.s.SolrTestCaseJ4 ###deleteCore\n[junit4] 2> NOTE: leaving temporary files on disk at:\n/tmp/smoke_lucene_5.5.1_c08f17bca0d9cbf516874d13d221ab100e5b7d58_3/unpack/solr-5.5.1/solr/build/solr-core/test/J3/temp/solr.security.TestPKIAuthenticationPlugin_4643E7DFA3C28AD5-001\n[junit4] 2> NOTE: test params are: codec=Asserting(Lucene54): {},\ndocValues:{}, sim=DefaultSimilarity, locale=ja-JP,\ntimezone=Australia/Lindeman\n[junit4] 2> NOTE: Linux 4.2.0-30-generic amd64/Oracle Corporation 1.7.0_80\n(64-bit)/cpus=8,threads=1,free=161219560,total=432537600\n[junit4] 2> NOTE: All tests run in this JVM: [TestAtomicUpdateErrorCases,\nTestDefaultStatsCache, TestFiltering, PluginInfoTest,\nHdfsWriteToMultipleCollectionsTest, DistributedFacetPivotSmallAdvancedTest,\nConnectionManagerTest, TestJoin, ShardRoutingTest,\nWrapperMergePolicyFactoryTest, IndexSchemaRuntimeFieldTest,\nTestClassNameShortening, SimpleCollectionCreateDeleteTest,\nTestManagedResource, BigEndianAscendingWordDeserializerTest,\nHdfsRestartWhileUpdatingTest, TestSolrDeletionPolicy1, TestConfigReload,\nTestSolrJ, TestIndexingPerformance, TestInitQParser,\nAlternateDirectoryTest, TestConfigOverlay, TestCSVResponseWriter,\nSpatialRPTFieldTypeTest, SolrIndexSplitterTest, DistributedVersionInfoTest,\nTestSmileRequest, TestPKIAuthenticationPlugin]\n\n\n\nSecond time it passed. I didn't have time to dig into the failure, so I\ncan't tell if it should hold off the release. What do you think? ",
            "id": "comment-15413881"
        },
        {
            "date": "2017-02-27T18:28:34+0000",
            "author": "Steve Rowe",
            "content": "This has been showing up on Jenkins-s, including mine, every once in a while.  I beasted it a few hundred times and it happens on my box about 5% of the time.\n\nLooking at the beasting failures, I noticed that the following is always present in the logs just before the NPE triggers a test failure (below is from https://jenkins.thetaphi.de/job/Lucene-Solr-6.x-Windows/750/consoleText):\n\n\n   [junit4]   2> 403449 ERROR (TEST-TestPKIAuthenticationPlugin.test-seed#[D2BF175262C5311]) [    ] o.a.s.s.PKIAuthenticationPlugin Invalid key request timestamp: 1488029294206 , received timestamp: 1488029300727 , TTL: 5000\n\n\n\nIn short, the NPEs are triggered because the 5 second TTL has expired (which is itself weird - what the hell is taking so long???), causing PKIAuthenticationPlugin.doAuthenticate() to skip the code path that would pull the user principal from the headers and populate it on the request (line #134 below).  As a result, when test code attempts to verify that the user principal on the request has the appropriate value, the NPE is triggered.\n\nPKIAuthenticationPlugin.java\n 92:   public boolean doAuthenticate(ServletRequest request, ServletResponse response, FilterChain filterChain) throws Exception {\n[...]\n 99:     long receivedTime = System.currentTimeMillis();\n100:     String header = ((HttpServletRequest) request).getHeader(HEADER);\n[...]\n108:     List<String> authInfo = StrUtils.splitWS(header, false);\n[...]\n115:     String nodeName = authInfo.get(0);\n116:     String cipher = authInfo.get(1);\n117: \n118:     PKIHeaderData decipher = decipherHeader(nodeName, cipher);\n[...]\n124:     if ((receivedTime - decipher.timestamp) > MAX_VALIDITY) {\n125:       log.error(\"Invalid key request timestamp: {} , received timestamp: {} , TTL: {}\", decipher.timestamp, receivedTime, MAX_VALIDITY);\n126:         filterChain.doFilter(request, response);\n127:         return true;\n128:     }\n129: \n130:     final Principal principal = \"$\".equals(decipher.userName) ?\n131:         SU :\n132:         new BasicUserPrincipal(decipher.userName);\n133: \n134:     filterChain.doFilter(getWrapper((HttpServletRequest) request, principal), response);\n135:     return true;\n136:   }\n\n\n\nWhy doesn't the overridden doAuthenticate() follow the contract laid out in its superclass's javadocs, i.e. throw an exception on error?:\n\n\n  /**\n   * This method attempts to authenticate the request. Upon a successful authentication, this\n   * must call the next filter in the filter chain and set the user principal of the request,\n   * or else, upon an error or an authentication failure, throw an exception.\n[...]\n   * @throws Exception any exception thrown during the authentication, e.g. PrivilegedActionException\n  public abstract boolean doAuthenticate(ServletRequest request, ServletResponse response,\n      FilterChain filterChain) throws Exception;\n\n\n\nMAX_VALIDITY could maybe be modified by the test class (via sysprop pikiauth.ttl) to wait around longer:\n\nPKIAuthenticationPlugin.java\n63:  private final int MAX_VALIDITY = Integer.parseInt(System.getProperty(\"pkiauth.ttl\", \"5000\"));\n\n\n\nBut that ^^ feels hackish.  Seems like client code should react to timeouts like this by retrying at least once?\n\nI'm not sure which path is correct.  Ping Noble Paul , who AFAICT wrote most of this code, and Jan H\u00f8ydahl, who was asking on the dev list about one of these failures the other day. ",
            "id": "comment-15886272"
        },
        {
            "date": "2017-02-28T03:38:20+0000",
            "author": "Noble Paul",
            "content": "The test should retry if no principal is returned.  ",
            "id": "comment-15887191"
        },
        {
            "date": "2017-02-28T06:02:06+0000",
            "author": "Noble Paul",
            "content": "retry so that timeout is taken care of ",
            "id": "comment-15887352"
        },
        {
            "date": "2017-02-28T06:20:58+0000",
            "author": "Steve Rowe",
            "content": "Still getting NPEs with the patch on the first iteration before the retry is attempted, e.g.:\n\n\n   [junit4] ERROR   7.74s | TestPKIAuthenticationPlugin.test <<<\n   [junit4]    > Throwable #1: java.lang.NullPointerException\n   [junit4]    >        at __randomizedtesting.SeedInfo.seed([64FDA0C26386B4F:8E1BE5D688C406B7]:0)\n   [junit4]    >        at org.apache.solr.security.TestPKIAuthenticationPlugin.run(TestPKIAuthenticationPlugin.java:166)\n   [junit4]    >        at org.apache.solr.security.TestPKIAuthenticationPlugin.test(TestPKIAuthenticationPlugin.java:101)\n\n\n\nMaybe add an assert that the user principal is not null before testing for the expected principal name, something like?:\n\n\n \nassertNotNull(((HttpServletRequest) wrappedRequestByFilter.get()).getUserPrincipal());\n\n ",
            "id": "comment-15887369"
        },
        {
            "date": "2017-02-28T13:22:46+0000",
            "author": "Steve Rowe",
            "content": "Still getting NPEs with the latest patch, Noble Paul, because the request headers aren't updated (e.g. by re-creation) before retrying - currently retrying just re-examines the same unchanged request.  ",
            "id": "comment-15887988"
        },
        {
            "date": "2017-02-28T18:08:14+0000",
            "author": "Noble Paul",
            "content": "can u share the new failure stacktrace? ",
            "id": "comment-15888578"
        },
        {
            "date": "2017-02-28T18:40:23+0000",
            "author": "Steve Rowe",
            "content": "\n   [junit4]   2> 6377 ERROR (TEST-TestPKIAuthenticationPlugin.test-seed#[5C3D870A565F6F53]) [    ] o.a.s.s.PKIAuthenticationPlugin Invalid key request timestamp: 1488287736283 , received timestamp: 1488287741616 , TTL: 5000\n[...]\n   [junit4] FAILURE 6.05s | TestPKIAuthenticationPlugin.test <<<\n   [junit4]    > Throwable #1: java.lang.AssertionError: No principal obtained\n   [junit4]    >        at __randomizedtesting.SeedInfo.seed([5C3D870A565F6F53:D469B8D0F8A302AB]:0)\n   [junit4]    >        at org.apache.solr.security.TestPKIAuthenticationPlugin.run(TestPKIAuthenticationPlugin.java:169)\n   [junit4]    >        at org.apache.solr.security.TestPKIAuthenticationPlugin.test(TestPKIAuthenticationPlugin.java:101)\n\n\n\nNote that doAuthenticate() was only invoked once, and so the TTL was exceeded only once, even though retry loop executed 3 times.  One way to fix: move the lambda execution to be inside of the retry loop. ",
            "id": "comment-15888622"
        },
        {
            "date": "2017-03-01T06:29:46+0000",
            "author": "Noble Paul",
            "content": "my bad , the run() method was invoked outside of the for loop ",
            "id": "comment-15889594"
        },
        {
            "date": "2017-03-01T15:00:07+0000",
            "author": "Steve Rowe",
            "content": "+1, LGTM, 300 beasting iterations passed on my box using the latest patch. ",
            "id": "comment-15890319"
        },
        {
            "date": "2017-03-02T10:20:30+0000",
            "author": "ASF subversion and git services",
            "content": "Commit f57d829fa051e96b10a430f5e54017e58e5c8101 in lucene-solr's branch refs/heads/master from Noble Paul\n[ https://git-wip-us.apache.org/repos/asf?p=lucene-solr.git;h=f57d829 ]\n\nSOLR-9401: NPE in TestPKIAuthenticationPlugin. tests would retry for timeout ",
            "id": "comment-15892003"
        },
        {
            "date": "2017-03-02T10:52:58+0000",
            "author": "ASF subversion and git services",
            "content": "Commit c1b0e32df011f9cc3b95400cb64b363903e0fff4 in lucene-solr's branch refs/heads/branch_6x from Noble Paul\n[ https://git-wip-us.apache.org/repos/asf?p=lucene-solr.git;h=c1b0e32 ]\n\nSOLR-9401: NPE in TestPKIAuthenticationPlugin. tests would retry for timeout ",
            "id": "comment-15892053"
        },
        {
            "date": "2017-03-02T12:41:15+0000",
            "author": "ASF subversion and git services",
            "content": "Commit dea29d12f7c320b19c65ba2fc32687d111e4a07d in lucene-solr's branch refs/heads/branch_6x from Noble Paul\n[ https://git-wip-us.apache.org/repos/asf?p=lucene-solr.git;h=dea29d1 ]\n\nSOLR-9401: NPE in TestPKIAuthenticationPlugin. tests would retry for timeout ",
            "id": "comment-15892172"
        },
        {
            "date": "2017-03-02T12:56:39+0000",
            "author": "Steve Rowe",
            "content": "Looks like the timestamp in the header isn't being updated on retry, so retry due to exceeded TTL will always fail?: From https://jenkins.thetaphi.de/job/Lucene-Solr-master-Windows/6429/:\n\n\n  [junit4]   2> 80196 ERROR (TEST-TestPKIAuthenticationPlugin.test-seed#[4FFA59D74D1DF2B7]) [    ] o.a.s.s.PKIAuthenticationPlugin Invalid key request timestamp: 1488454415787 , received timestamp: 1488454421527 , TTL: 5000\n  [junit4]   2> 80197 ERROR (TEST-TestPKIAuthenticationPlugin.test-seed#[4FFA59D74D1DF2B7]) [    ] o.a.s.s.PKIAuthenticationPlugin Invalid key request timestamp: 1488454415787 , received timestamp: 1488454421544 , TTL: 5000\n  [junit4]   2> 80198 ERROR (TEST-TestPKIAuthenticationPlugin.test-seed#[4FFA59D74D1DF2B7]) [    ] o.a.s.s.PKIAuthenticationPlugin Invalid key request timestamp: 1488454415787 , received timestamp: 1488454421544 , TTL: 5000\n  [junit4]   2> 80198 INFO  (TEST-TestPKIAuthenticationPlugin.test-seed#[4FFA59D74D1DF2B7]) [    ] o.a.s.SolrTestCaseJ4 ###Ending test\n  [junit4]   2> NOTE: reproduce with: ant test  -Dtestcase=TestPKIAuthenticationPlugin -Dtests.method=test -Dtests.seed=4FFA59D74D1DF2B7 -Dtests.slow=true -Dtests.locale=ar-SY -Dtests.timezone=CST -Dtests.asserts=true -Dtests.file.encoding=Cp1252\n  [junit4] FAILURE 5.89s J1 | TestPKIAuthenticationPlugin.test <<<\n  [junit4]    > Throwable #1: java.lang.AssertionError: No principal obtained\n  [junit4]    > \tat __randomizedtesting.SeedInfo.seed([4FFA59D74D1DF2B7:C7AE660DE3E19F4F]:0)\n  [junit4]    > \tat org.apache.solr.security.TestPKIAuthenticationPlugin.run(TestPKIAuthenticationPlugin.java:178)\n  [junit4]    > \tat org.apache.solr.security.TestPKIAuthenticationPlugin.test(TestPKIAuthenticationPlugin.java:104)\n\n ",
            "id": "comment-15892195"
        },
        {
            "date": "2017-03-02T12:59:06+0000",
            "author": "Noble Paul",
            "content": "Is it after the latest commit?  ",
            "id": "comment-15892198"
        },
        {
            "date": "2017-03-02T13:11:35+0000",
            "author": "Steve Rowe",
            "content": "From https://jenkins.thetaphi.de/job/Lucene-Solr-master-Windows/6429/:\n\n\nChecking out Revision f57d829fa051e96b10a430f5e54017e58e5c8101 (refs/remotes/origin/master)\n\n\n\nSo: yes, that is the master commit on this issue. ",
            "id": "comment-15892220"
        },
        {
            "date": "2017-03-02T19:27:29+0000",
            "author": "Noble Paul",
            "content": "failures noted again ",
            "id": "comment-15892843"
        },
        {
            "date": "2017-03-03T12:24:30+0000",
            "author": "Steve Rowe",
            "content": "Noble's offline description of the latest patch:\n\nWhile testing I realized that the time consuming part of the test was creating a new public key. We may not need to do the retry if we precreate the key.  Even on a fast machine it took almost 2 seconds. I've posted a new patch which undo all the new changes and create the public key in adavance.\n\nI beasted the latest patch for 300 iterations and there were no failures: +1\n\nOne small recommendation: move the creation of the key to be with test #4 - right now it's with test #3, even though its first and only use is in test #4.\n\n\n113:    //test 3 . No user request . Request originated from Solr\n114:    PublicKey key = new CryptoKeys.RSAKeyPair().getPublicKey();\n...\n128:    /*test4 mock the restart of a node*/\n...\n134:          return called == 0 ? key : correctKey;\n\n ",
            "id": "comment-15894241"
        },
        {
            "date": "2017-03-03T12:28:06+0000",
            "author": "Noble Paul",
            "content": "Test 4 uses the header created in test 3. It means, the timestamp in header is created before test 3. So, if we have to create the public key before that ",
            "id": "comment-15894248"
        },
        {
            "date": "2017-03-03T12:32:09+0000",
            "author": "Steve Rowe",
            "content": "Test 4 uses the header created in test 3. It means, the timestamp in header is created before test 3. So, if we have to create the public key before that\n\nMakes sense, thanks.  Maybe add a comment to that effect so that somebody like me doesn't move it to where it \"belongs\"? ",
            "id": "comment-15894252"
        },
        {
            "date": "2017-03-04T05:43:07+0000",
            "author": "ASF subversion and git services",
            "content": "Commit b66d13398aef416ec6b64dd5d3e5c00219ae5ce4 in lucene-solr's branch refs/heads/master from Noble Paul\n[ https://git-wip-us.apache.org/repos/asf?p=lucene-solr.git;h=b66d133 ]\n\nSOLR-9401: TestPKIAuthenticationPlugin NPE. do the time consuming pub key creation before header is set ",
            "id": "comment-15895526"
        },
        {
            "date": "2017-03-04T09:23:17+0000",
            "author": "ASF subversion and git services",
            "content": "Commit 92999713dd85b32abedca77134bca6bd1b07050a in lucene-solr's branch refs/heads/branch_6x from Noble Paul\n[ https://git-wip-us.apache.org/repos/asf?p=lucene-solr.git;h=9299971 ]\n\nSOLR-9401: TestPKIAuthenticationPlugin NPE. do the time consuming pub key creation before header is set ",
            "id": "comment-15895603"
        },
        {
            "date": "2017-03-04T17:36:32+0000",
            "author": "Steve Rowe",
            "content": "My Jenkins got an NPE on branch_6x at the 9299971 commit - note that this happens on line 100, which is in test #1, which was not addressed by the most recent committed fix.\n\n\nChecking out Revision 92999713dd85b32abedca77134bca6bd1b07050a (refs/remotes/origin/branch_6x)\n[...]\n   [junit4]   2> 595755 ERROR (TEST-TestPKIAuthenticationPlugin.test-seed#[DB87085072FAE70B]) [    ] o.a.s.s.PKIAuthenticationPlugin Invalid key request timestamp: 1488646015276 , received timestamp: 1488646020433 , TTL: 5000\n   [junit4]   2> 595755 INFO  (TEST-TestPKIAuthenticationPlugin.test-seed#[DB87085072FAE70B]) [    ] o.a.s.SolrTestCaseJ4 ###Ending test\n   [junit4]   2> NOTE: reproduce with: ant test  -Dtestcase=TestPKIAuthenticationPlugin -Dtests.method=test -Dtests.seed=DB87085072FAE70B -Dtests.slow=true -Dtests.locale=ar-KW -Dtests.timezone=Europe/Minsk -Dtests.asserts=true -Dtests.file.encoding=UTF-8\n   [junit4] ERROR   5.57s J11 | TestPKIAuthenticationPlugin.test <<<\n   [junit4]    > Throwable #1: java.lang.NullPointerException\n   [junit4]    > \tat __randomizedtesting.SeedInfo.seed([DB87085072FAE70B:53D3378ADC068AF3]:0)\n   [junit4]    > \tat org.apache.solr.security.TestPKIAuthenticationPlugin.test(TestPKIAuthenticationPlugin.java:100)\n   [junit4]    > \tat java.lang.Thread.run(Thread.java:745)\n   [junit4]   2> 595757 INFO  (SUITE-TestPKIAuthenticationPlugin-seed#[DB87085072FAE70B]-worker) [    ] o.a.s.SolrTestCaseJ4 ###deleteCore\n   [junit4]   2> NOTE: leaving temporary files on disk at: /var/lib/jenkins/jobs/Lucene-Solr-tests-6.x/workspace/solr/build/solr-core/test/J11/temp/solr.security.TestPKIAuthenticationPlugin_DB87085072FAE70B-001\n   [junit4]   2> NOTE: test params are: codec=Asserting(Lucene62): {}, docValues:{}, maxPointsInLeafNode=387, maxMBSortInHeap=7.376999963751026, sim=RandomSimilarity(queryNorm=true,coord=no): {}, locale=ar-KW, timezone=Europe/Minsk\n   [junit4]   2> NOTE: Linux 4.1.0-custom2-amd64 amd64/Oracle Corporation 1.8.0_77 (64-bit)/cpus=16,threads=1,free=107006376,total=530579456\n\n ",
            "id": "comment-15895787"
        }
    ]
}