{
    "id": "SOLR-2795",
    "title": "TestCSVLoader.commitWithin failing intermittently",
    "details": {
        "affect_versions": "3.4",
        "status": "Closed",
        "fix_versions": [
            "3.5",
            "4.0-ALPHA"
        ],
        "components": [
            "update"
        ],
        "type": "Bug",
        "priority": "Minor",
        "labels": "",
        "resolution": "Fixed"
    },
    "description": "The commitWithin test inside TestCSVLoader is failing intermittently.  Running \"ant test\" one time fails in TestCSVLoader, running it again immediately usually allows TestCSVLoader to pass.\n\nI came across this while trying to figure out SOLR-2739.",
    "attachments": {},
    "issue_links": {},
    "comments": [
        {
            "author": "Shawn Heisey",
            "id": "comment-13114735",
            "date": "2011-09-26T15:51:29+0000",
            "content": "Full test output:\n\n\n[junit] Testsuite: org.apache.solr.handler.TestCSVLoader\n[junit] Testcase: testCommitWithin(org.apache.solr.handler.TestCSVLoader): Caused an ERROR\n[junit] Exception during query\n[junit] java.lang.RuntimeException: Exception during query\n[junit] at org.apache.solr.SolrTestCaseJ4.assertQ(SolrTestCaseJ4.java:385)\n[junit] at org.apache.solr.SolrTestCaseJ4.assertQ(SolrTestCaseJ4.java:352)\n[junit] at org.apache.solr.handler.TestCSVLoader.testCommitWithin(TestCSVLoader.java:121)\n[junit] at org.apache.lucene.util.LuceneTestCaseRunner.runChild(LuceneTestCaseRunner.java:147)\n[junit] at org.apache.lucene.util.LuceneTestCaseRunner.runChild(LuceneTestCaseRunner.java:50)\n[junit] Caused by: java.lang.RuntimeException: REQUEST FAILED: xpath=//*[@numFound='3']\n[junit] xml response was: <?xml version=\"1.0\" encoding=\"UTF-8\"?>\n[junit] <response>\n[junit] <responseHeader><status>0</status><QTime>0</QTime></responseHeader><result name=\"response\" numFound=\"0\" start=\"0\"/>\n[junit] </response>\n[junit]\n[junit] request was:start=0&q=id:[100+TO+110]&qt=standard&rows=20&version=2.0\n[junit] at org.apache.solr.SolrTestCaseJ4.assertQ(SolrTestCaseJ4.java:378)\n[junit]\n[junit]\n[junit] Tests run: 5, Failures: 0, Errors: 1, Time elapsed: 29.793 sec\n[junit]\n[junit] ------------- Standard Error -----------------\n[junit] 2011-09-15 12:46:04.PD org.apache.solr.SolrTestCaseJ4 assertQ\n[junit] SEVERE: REQUEST FAILED: xpath=//*[@numFound='3']\n[junit] xml response was: <?xml version=\"1.0\" encoding=\"UTF-8\"?>\n[junit] <response>\n[junit] <responseHeader><status>0</status><QTime>0</QTime></responseHeader><result name=\"response\" numFound=\"0\" start=\"0\"/>\n[junit] </response>\n[junit]\n[junit] request was:start=0&q=id:[100+TO+110]&qt=standard&rows=20&version=2.0\n[junit] 2011-09-15 12:46:04.PD org.apache.solr.common.SolrException log\n[junit] SEVERE: REQUEST FAILED: start=0&q=id:[100+TO+110]&qt=standard&rows=20&version=2.0:java.lang.RuntimeException: REQUEST FAILED: xpath=//*[@numFound='3']\n[junit] xml response was: <?xml version=\"1.0\" encoding=\"UTF-8\"?>\n[junit] <response>\n[junit] <responseHeader><status>0</status><QTime>0</QTime></responseHeader><result name=\"response\" numFound=\"0\" start=\"0\"/>\n[junit] </response>\n[junit]\n[junit] request was:start=0&q=id:[100+TO+110]&qt=standard&rows=20&version=2.0\n[junit] at org.apache.solr.SolrTestCaseJ4.assertQ(SolrTestCaseJ4.java:378)\n[junit] at org.apache.solr.SolrTestCaseJ4.assertQ(SolrTestCaseJ4.java:352)\n[junit] at org.apache.solr.handler.TestCSVLoader.testCommitWithin(TestCSVLoader.java:121)\n[junit] at sun.reflect.NativeMethodAccessorImpl.invoke0(Native Method)\n[junit] at sun.reflect.NativeMethodAccessorImpl.invoke(NativeMethodAccessorImpl.java:39)\n[junit] at sun.reflect.DelegatingMethodAccessorImpl.invoke(DelegatingMethodAccessorImpl.java:25)\n[junit] at java.lang.reflect.Method.invoke(Method.java:597)\n[junit] at org.junit.runners.model.FrameworkMethod$1.runReflectiveCall(FrameworkMethod.java:44)\n[junit] at org.junit.internal.runners.model.ReflectiveCallable.run(ReflectiveCallable.java:15)\n[junit] at org.junit.runners.model.FrameworkMethod.invokeExplosively(FrameworkMethod.java:41)\n[junit] at org.junit.internal.runners.statements.InvokeMethod.evaluate(InvokeMethod.java:20)\n[junit] at org.junit.rules.TestWatchman$1.evaluate(TestWatchman.java:48)\n[junit] at org.junit.internal.runners.statements.RunBefores.evaluate(RunBefores.java:28)\n[junit] at org.junit.internal.runners.statements.RunAfters.evaluate(RunAfters.java:31)\n[junit] at org.junit.runners.BlockJUnit4ClassRunner.runChild(BlockJUnit4ClassRunner.java:76)\n[junit] at org.apache.lucene.util.LuceneTestCaseRunner.runChild(LuceneTestCaseRunner.java:147)\n[junit] at org.apache.lucene.util.LuceneTestCaseRunner.runChild(LuceneTestCaseRunner.java:50)\n[junit] at org.junit.runners.ParentRunner$3.run(ParentRunner.java:193)\n[junit] at org.junit.runners.ParentRunner$1.schedule(ParentRunner.java:52)\n[junit] at org.junit.runners.ParentRunner.runChildren(ParentRunner.java:191)\n[junit] at org.junit.runners.ParentRunner.access$000(ParentRunner.java:42)\n[junit] at org.junit.runners.ParentRunner$2.evaluate(ParentRunner.java:184)\n[junit] at org.junit.internal.runners.statements.RunBefores.evaluate(RunBefores.java:28)\n[junit] at org.junit.internal.runners.statements.RunAfters.evaluate(RunAfters.java:31)\n[junit] at org.junit.runners.ParentRunner.run(ParentRunner.java:236)\n[junit] at junit.framework.JUnit4TestAdapter.run(JUnit4TestAdapter.java:39)\n[junit] at org.apache.tools.ant.taskdefs.optional.junit.JUnitTestRunner.run(JUnitTestRunner.java:420)\n[junit] at org.apache.tools.ant.taskdefs.optional.junit.JUnitTestRunner.launch(JUnitTestRunner.java:911)\n[junit] at org.apache.tools.ant.taskdefs.optional.junit.JUnitTestRunner.main(JUnitTestRunner.java:743)\n[junit]\n[junit] NOTE: reproduce with: ant test -Dtestcase=TestCSVLoader -Dtestmethod=testCommitWithin -Dtests.seed=-17a44f827c503e4f:5a853ada905dd3c8:-362930cca8744e9b\n[junit] NOTE: test params are: locale=sq_AL, timezone=Asia/Tashkent\n[junit] NOTE: all tests run in this JVM:\n[junit] [SolrInfoMBeanTest, TestSolrCoreProperties, DoubleMetaphoneFilterFactoryTest, TestArabicFilters, TestBulgarianStemFilterFactory, TestCzechStemFilterFactory, TestDictionaryCompoundWordTokenFilterFactory, TestGreekStemFilterFactory, TestHindiFilters, TestKeepFilterFactory, TestTurkishLowerCaseFilterFactory, TestJmxIntegration, TestLegacyMergeSchedulerPolicyConfig, TestPropInjectDefaults, TestCSVLoader]\n[junit] NOTE: Linux 2.6.32-71.29.1.el6.centos.plus.x86_64 amd64/Sun Microsystems Inc. 1.6.0_27 (64-bit)/cpus=4,threads=2,free=146206112,total=246153216\n[junit] ------------- ---------------- ---------------\n[junit] TEST org.apache.solr.handler.TestCSVLoader FAILED\n\n "
        },
        {
            "author": "Hoss Man",
            "id": "comment-13114940",
            "date": "2011-09-26T21:22:33+0000",
            "content": "As noted in my \"15/Sep/11 19:50\" comment to SOLR-2739 this was a test problem introduced by SOLR-2540 and already fixed on the 3x branch \u2013 but evidently the fix to the test didn't make it into the 3.4 release. "
        },
        {
            "author": "Uwe Schindler",
            "id": "comment-13157827",
            "date": "2011-11-27T12:35:59+0000",
            "content": "Bulk close after 3.5 is released "
        }
    ]
}