{
    "id": "SOLR-6230",
    "title": "SolrCellMorphlineTest.testSolrCellDocumentTypes failures on jenkins",
    "details": {
        "affect_versions": "None",
        "status": "Closed",
        "fix_versions": [],
        "components": [
            "contrib - MapReduce",
            "Tests"
        ],
        "type": "Bug",
        "priority": "Minor",
        "labels": "",
        "resolution": "Won't Fix"
    },
    "description": "This test fails frequently on jenkins.\n\n1 tests failed.\nFAILED:  org.apache.solr.morphlines.cell.SolrCellMorphlineTest.testSolrCellDocumentTypes\n\nError Message:\nkey:ignored__attachment_mimetype expected:<[message/rfc822]> but was:<[text/plain]>\n\nStack Trace:\njava.lang.AssertionError: key:ignored__attachment_mimetype expected:<[message/rfc822]> but was:<[text/plain]>\n        at __randomizedtesting.SeedInfo.seed([436A6179722A6D29:D9A9C2E717F133FC]:0)\n        at org.junit.Assert.fail(Assert.java:93)\n        at org.junit.Assert.failNotEquals(Assert.java:647)\n        at org.junit.Assert.assertEquals(Assert.java:128)\n        at org.apache.solr.morphlines.solr.AbstractSolrMorphlineTestBase.testDocumentTypesInternal(AbstractSolrMorphlineTestBase.java:170)\n        at org.apache.solr.morphlines.cell.SolrCellMorphlineTest.testSolrCellDocumentTypes(SolrCellMorphlineTest.java:193)\n        at sun.reflect.NativeMethodAccessorImpl.invoke0(Native Method)\n\n\n\nhttp://jenkins.thetaphi.de/job/Lucene-Solr-4.x-Linux/10636/\nhttp://jenkins.thetaphi.de/job/Lucene-Solr-4.x-MacOSX/1639/\nhttp://jenkins.thetaphi.de/job/Lucene-Solr-trunk-Linux/10401/",
    "attachments": {},
    "issue_links": {},
    "comments": []
}