{
    "id": "SOLR-12302",
    "title": "Reproducing BasicDistributedZkTest failure",
    "details": {
        "labels": "",
        "priority": "Major",
        "components": [
            "SolrCloud",
            "Tests"
        ],
        "type": "Bug",
        "fix_versions": [],
        "affect_versions": "None",
        "resolution": "Unresolved",
        "status": "Open"
    },
    "description": "From https://jenkins.thetaphi.de/job/Lucene-Solr-BadApples-master-Linux/27, reproduced 5/5 iterations:\n\n\nChecking out Revision 1409ab8f84ab0949b1da095f03dc94d3b74db5cf (refs/remotes/origin/master)\n[...]\n   [junit4]   2> NOTE: reproduce with: ant test  -Dtestcase=BasicDistributedZkTest -Dtests.method=test -Dtests.seed=AC56303341F3D845 -Dtests.multiplier=3 -Dtests.slow=true -Dtests.badapples=true -Dtests.locale=es-CO -Dtests.timezone=America/Cayman -Dtests.asserts=true -Dtests.file.encoding=UTF-8\n   [junit4] ERROR   45.6s J0 | BasicDistributedZkTest.test <<<\n   [junit4]    > Throwable #1: org.apache.solr.client.solrj.impl.HttpSolrClient$RemoteSolrException: Error from server at http://127.0.0.1:37571/_ya/c/collection1: Async exception during distributed update: Error from server at http://127.0.0.1:34927/_ya/c/collection1_shard1_replica_n43: Bad Request\n   [junit4]    > request: http://127.0.0.1:34927/_ya/c/collection1_shard1_replica_n43/update?update.chain=distrib-dup-test-chain-explicit&update.distrib=TOLEADER&distrib.from=http%3A%2F%2F127.0.0.1%3A37571%2F_ya%2Fc%2Fcollection1_shard2_replica_n41%2F&wt=javabin&version=2\n   [junit4]    > Remote error message: Exception writing document id 46 to the index; possible analysis error.\n   [junit4]    > \tat __randomizedtesting.SeedInfo.seed([AC56303341F3D845:24020FE9EF0FB5BD]:0)\n   [junit4]    > \tat org.apache.solr.client.solrj.impl.HttpSolrClient.executeMethod(HttpSolrClient.java:643)\n   [junit4]    > \tat org.apache.solr.client.solrj.impl.HttpSolrClient.request(HttpSolrClient.java:255)\n   [junit4]    > \tat org.apache.solr.client.solrj.impl.HttpSolrClient.request(HttpSolrClient.java:244)\n   [junit4]    > \tat org.apache.solr.client.solrj.SolrRequest.process(SolrRequest.java:194)\n   [junit4]    > \tat org.apache.solr.client.solrj.SolrRequest.process(SolrRequest.java:211)\n   [junit4]    > \tat org.apache.solr.BaseDistributedSearchTestCase.add(BaseDistributedSearchTestCase.java:507)\n   [junit4]    > \tat org.apache.solr.cloud.BasicDistributedZkTest.testUpdateProcessorsRunOnlyOnce(BasicDistributedZkTest.java:684)\n   [junit4]    > \tat org.apache.solr.cloud.BasicDistributedZkTest.test(BasicDistributedZkTest.java:378)\n   [junit4]    > \tat org.apache.solr.BaseDistributedSearchTestCase$ShardsRepeatRule$ShardsFixedStatement.callStatement(BaseDistributedSearchTestCase.java:993)\n   [junit4]    > \tat org.apache.solr.BaseDistributedSearchTestCase$ShardsRepeatRule$ShardsStatement.evaluate(BaseDistributedSearchTestCase.java:968)\n   [junit4]    > \tat java.lang.Thread.run(Thread.java:748)\n[...]\n   [junit4]   2> NOTE: test params are: codec=Asserting(Lucene70): {regex_dup_A_s=Lucene50(blocksize=128), regex_dup_B_s=PostingsFormat(name=Asserting), SubjectTerms_mfacet=PostingsFormat(name=Asserting), multiDefault=Lucene50(blocksize=128), genre_s=Lucene50(blocksize=128), author_t=Lucene50(blocksize=128), series_t=Lucene50(blocksize=128), rnd_b=PostingsFormat(name=LuceneVarGapFixedInterval), oddField_s=Lucene50(blocksize=128), a_t=PostingsFormat(name=Asserting), cat=PostingsFormat(name=Asserting), foo_b=Lucene50(blocksize=128), name=PostingsFormat(name=LuceneVarGapFixedInterval), inStock=Lucene50(blocksize=128), id=PostingsFormat(name=LuceneVarGapFixedInterval), text=Lucene50(blocksize=128)}, docValues:{other_tl1=DocValuesFormat(name=Lucene70), range_facet_l_dv=DocValuesFormat(name=Memory), n_l1=DocValuesFormat(name=Lucene70), intDefault=DocValuesFormat(name=Lucene70), n_td1=DocValuesFormat(name=Asserting), n_d1=DocValuesFormat(name=Lucene70), range_facet_l=DocValuesFormat(name=Lucene70), n_f1=DocValuesFormat(name=Asserting), n_tl1=DocValuesFormat(name=Asserting), n_tf1=DocValuesFormat(name=Lucene70), price=DocValuesFormat(name=Direct), sequence_i=DocValuesFormat(name=Direct), intDvoDefault=DocValuesFormat(name=Direct), timestamp=DocValuesFormat(name=Lucene70), foo_i=DocValuesFormat(name=Asserting), val_i=DocValuesFormat(name=Memory), n_dt1=DocValuesFormat(name=Asserting), a_i1=DocValuesFormat(name=Lucene70), n_ti1=DocValuesFormat(name=Memory), _version_=DocValuesFormat(name=Lucene70), n_tdt1=DocValuesFormat(name=Lucene70), id_i1=DocValuesFormat(name=Asserting), foo_d=DocValuesFormat(name=Memory), range_facet_i_dv=DocValuesFormat(name=Lucene70), foo_f=DocValuesFormat(name=Direct)}, maxPointsInLeafNode=752, maxMBSortInHeap=5.295098720355578, sim=Asserting(org.apache.lucene.search.similarities.AssertingSimilarity@53d7cd2), locale=es-CO, timezone=America/Cayman\n   [junit4]   2> NOTE: Linux 4.13.0-37-generic amd64/Oracle Corporation 1.8.0_162 (64-bit)/cpus=8,threads=1,free=236884056,total=536870912",
    "attachments": {},
    "issue_links": {},
    "comments": [
        {
            "date": "2018-05-29T13:38:54+0000",
            "content": "Another reproducing seed, from https://jenkins.thetaphi.de/job/Lucene-Solr-master-MacOSX/4663/:\n\n\nChecking out Revision 2a5346dd29c5c072200d5038ced450255ebd749d (refs/remotes/origin/master)\n[...]\n   [junit4]   2> NOTE: reproduce with: ant test  -Dtestcase=BasicDistributedZkTest -Dtests.method=test -Dtests.seed=4E0D1992AC129E3B -Dtests.slow=true -Dtests.locale=luo-KE -Dtests.timezone=Africa/Timbuktu -Dtests.asserts=true -Dtests.file.encoding=ISO-8859-1\n   [junit4] ERROR    453s J0 | BasicDistributedZkTest.test <<<\n   [junit4]    > Throwable #1: org.apache.solr.client.solrj.impl.HttpSolrClient$RemoteSolrException: Error from server at http://127.0.0.1:51043/e_z/collection1: Async exception during distributed update: Error from server at http://127.0.0.1:51032/e_z/collection1_shard1_replica_t43: Bad Request\n   [junit4]    > request: http://127.0.0.1:51032/e_z/collection1_shard1_replica_t43/update?update.chain=distrib-dup-test-chain-explicit&update.distrib=TOLEADER&distrib.from=http%3A%2F%2F127.0.0.1%3A51043%2Fe_z%2Fcollection1_shard2_replica_t45%2F&wt=javabin&version=2\n   [junit4]    > Remote error message: Exception writing document id 42 to the index; possible analysis error.\n   [junit4]    > \tat __randomizedtesting.SeedInfo.seed([4E0D1992AC129E3B:C659264802EEF3C3]:0)\n   [junit4]    > \tat org.apache.solr.client.solrj.impl.HttpSolrClient.executeMethod(HttpSolrClient.java:643)\n   [junit4]    > \tat org.apache.solr.client.solrj.impl.HttpSolrClient.request(HttpSolrClient.java:255)\n   [junit4]    > \tat org.apache.solr.client.solrj.impl.HttpSolrClient.request(HttpSolrClient.java:244)\n   [junit4]    > \tat org.apache.solr.client.solrj.SolrRequest.process(SolrRequest.java:194)\n   [junit4]    > \tat org.apache.solr.client.solrj.SolrRequest.process(SolrRequest.java:211)\n   [junit4]    > \tat org.apache.solr.BaseDistributedSearchTestCase.add(BaseDistributedSearchTestCase.java:507)\n   [junit4]    > \tat org.apache.solr.cloud.BasicDistributedZkTest.testUpdateProcessorsRunOnlyOnce(BasicDistributedZkTest.java:684)\n   [junit4]    > \tat org.apache.solr.cloud.BasicDistributedZkTest.test(BasicDistributedZkTest.java:378)\n   [junit4]    > \tat java.base/jdk.internal.reflect.NativeMethodAccessorImpl.invoke0(Native Method)\n   [junit4]    > \tat java.base/jdk.internal.reflect.NativeMethodAccessorImpl.invoke(NativeMethodAccessorImpl.java:62)\n   [junit4]    > \tat java.base/jdk.internal.reflect.DelegatingMethodAccessorImpl.invoke(DelegatingMethodAccessorImpl.java:43)\n   [junit4]    > \tat java.base/java.lang.reflect.Method.invoke(Method.java:564)\n   [junit4]    > \tat org.apache.solr.BaseDistributedSearchTestCase$ShardsRepeatRule$ShardsFixedStatement.callStatement(BaseDistributedSearchTestCase.java:993)\n   [junit4]    > \tat org.apache.solr.BaseDistributedSearchTestCase$ShardsRepeatRule$ShardsStatement.evaluate(BaseDistributedSearchTestCase.java:968)\n   [junit4]    > \tat java.base/java.lang.Thread.run(Thread.java:844)\n   [junit4]   2> NOTE: leaving temporary files on disk at: /Users/jenkins/workspace/Lucene-Solr-master-MacOSX/solr/build/solr-core/test/J0/temp/solr.cloud.BasicDistributedZkTest_4E0D1992AC129E3B-001\n   [junit4]   2> May 28, 2018 4:21:52 AM com.carrotsearch.randomizedtesting.ThreadLeakControl checkThreadLeaks\n   [junit4]   2> WARNING: Will linger awaiting termination of 1 leaked thread(s).\n   [junit4]   2> NOTE: test params are: codec=Asserting(Lucene70): {regex_dup_A_s=FSTOrd50, regex_dup_B_s=Lucene50(blocksize=128), SubjectTerms_mfacet=Lucene50(blocksize=128), multiDefault=Lucene50(blocksize=128), genre_s=BlockTreeOrds(blocksize=128), author_t=Lucene50(blocksize=128), series_t=Lucene50(blocksize=128), rnd_b=BlockTreeOrds(blocksize=128), oddField_s=BlockTreeOrds(blocksize=128), a_t=Lucene50(blocksize=128), cat=Lucene50(blocksize=128), foo_b=FSTOrd50, name=BlockTreeOrds(blocksize=128), inStock=FSTOrd50, id=BlockTreeOrds(blocksize=128), text=FSTOrd50}, docValues:{other_tl1=DocValuesFormat(name=Asserting), range_facet_l_dv=DocValuesFormat(name=Direct), n_l1=DocValuesFormat(name=Lucene70), intDefault=DocValuesFormat(name=Asserting), n_td1=DocValuesFormat(name=Asserting), n_d1=DocValuesFormat(name=Lucene70), range_facet_l=DocValuesFormat(name=Lucene70), n_f1=DocValuesFormat(name=Asserting), n_tl1=DocValuesFormat(name=Asserting), n_tf1=DocValuesFormat(name=Lucene70), price=DocValuesFormat(name=Lucene70), sequence_i=DocValuesFormat(name=Direct), intDvoDefault=DocValuesFormat(name=Direct), timestamp=DocValuesFormat(name=Lucene70), foo_i=DocValuesFormat(name=Asserting), val_i=DocValuesFormat(name=Direct), n_dt1=DocValuesFormat(name=Asserting), a_i1=DocValuesFormat(name=Lucene70), n_ti1=DocValuesFormat(name=Direct), _version_=DocValuesFormat(name=Asserting), n_tdt1=DocValuesFormat(name=Asserting), id_i1=DocValuesFormat(name=Asserting), foo_d=DocValuesFormat(name=Direct), range_facet_i_dv=DocValuesFormat(name=Lucene70), foo_f=DocValuesFormat(name=Lucene70)}, maxPointsInLeafNode=425, maxMBSortInHeap=6.35804208418485, sim=Asserting(org.apache.lucene.search.similarities.AssertingSimilarity@837e307), locale=luo-KE, timezone=Africa/Timbuktu\n   [junit4]   2> NOTE: Mac OS X 10.11.6 x86_64/Oracle Corporation 9 (64-bit)/cpus=3,threads=1,free=339854264,total=536870912\n\n ",
            "author": "Steve Rowe",
            "id": "comment-16493536"
        },
        {
            "date": "2018-11-23T02:35:46+0000",
            "content": "Another reproducing seed on master\n\nant test  -Dtestcase=BasicDistributedZkTest -Dtests.method=test -Dtests.seed=E28B029B2C11212F -Dtests.slow=true -Dtests.badapples=true -Dtests.locale=hi-IN -Dtests.timezone=SystemV/EST5EDT -Dtests.asserts=true -Dtests.file.encoding=UTF-8\n\n ",
            "author": "Erick Erickson",
            "id": "comment-16696327"
        },
        {
            "date": "2018-11-23T02:39:31+0000",
            "content": "I closed SOLR-12980 as a duplicate of this JIRA. Here's all the information on that JIRA:\n\nBasicDistributedZkTest fails consistently with the following seed\n\nant test  -Dtestcase=BasicDistributedZkTest -Dtests.seed=C61498A0EEB6F3BD\n\n ",
            "author": "Erick Erickson",
            "id": "comment-16696330"
        }
    ]
}