{
    "id": "SOLR-3237",
    "title": "OverseerTest failure (non-reproducible)",
    "details": {
        "affect_versions": "None",
        "status": "Closed",
        "fix_versions": [
            "4.1"
        ],
        "components": [],
        "type": "Bug",
        "priority": "Minor",
        "labels": "",
        "resolution": "Cannot Reproduce"
    },
    "description": "Nighly log harvest. Couldn't reproduce, unfortunately.\n\nbuild\t13-Mar-2012 06:08:43\t    [junit] Testsuite: org.apache.solr.cloud.OverseerTest\nbuild\t13-Mar-2012 06:08:43\t    [junit] Testcase: testShardLeaderChange(org.apache.solr.cloud.OverseerTest):\tFAILED\nbuild\t13-Mar-2012 06:08:43\t    [junit] Unexpected shard leader coll:collection1 shard:shard1 expected:<core4> but was:<null>\nbuild\t13-Mar-2012 06:08:43\t    [junit] junit.framework.AssertionFailedError: Unexpected shard leader coll:collection1 shard:shard1 expected:<core4> but was:<null>\nbuild\t13-Mar-2012 06:08:43\t    [junit] \tat org.apache.solr.cloud.OverseerTest.verifyShardLeader(OverseerTest.java:549)\nbuild\t13-Mar-2012 06:08:43\t    [junit] \tat org.apache.solr.cloud.OverseerTest.testShardLeaderChange(OverseerTest.java:711)\nbuild\t13-Mar-2012 06:08:43\t    [junit] \tat org.apache.lucene.util.SystemPropertiesRestoreRule$1.evaluate(SystemPropertiesRestoreRule.java:20)\nbuild\t13-Mar-2012 06:08:43\t    [junit] \tat org.apache.lucene.util.LuceneTestCase$SubclassSetupTeardownRule$1.evaluate(LuceneTestCase.java:729)\nbuild\t13-Mar-2012 06:08:43\t    [junit] \tat org.apache.lucene.util.LuceneTestCase$InternalSetupTeardownRule$1.evaluate(LuceneTestCase.java:645)\nbuild\t13-Mar-2012 06:08:43\t    [junit] \tat org.apache.lucene.util.SystemPropertiesInvariantRule$1.evaluate(SystemPropertiesInvariantRule.java:22)\nbuild\t13-Mar-2012 06:08:43\t    [junit] \tat org.apache.lucene.util.LuceneTestCase$TestResultInterceptorRule$1.evaluate(LuceneTestCase.java:556)\nbuild\t13-Mar-2012 06:08:43\t    [junit] \tat org.apache.lucene.util.UncaughtExceptionsRule$1.evaluate(UncaughtExceptionsRule.java:51)\nbuild\t13-Mar-2012 06:08:43\t    [junit] \tat org.apache.lucene.util.LuceneTestCase$RememberThreadRule$1.evaluate(LuceneTestCase.java:618)\nbuild\t13-Mar-2012 06:08:43\t    [junit] \tat org.apache.lucene.util.LuceneTestCaseRunner.runChild(LuceneTestCaseRunner.java:164)\nbuild\t13-Mar-2012 06:08:43\t    [junit] \tat org.apache.lucene.util.LuceneTestCaseRunner.runChild(LuceneTestCaseRunner.java:57)\nbuild\t13-Mar-2012 06:08:43\t    [junit] \tat org.apache.lucene.util.SystemPropertiesRestoreRule$1.evaluate(SystemPropertiesRestoreRule.java:20)\nbuild\t13-Mar-2012 06:08:43\t    [junit] \tat org.apache.lucene.util.UncaughtExceptionsRule$1.evaluate(UncaughtExceptionsRule.java:51)\nbuild\t13-Mar-2012 06:08:43\t    [junit] \tat org.apache.lucene.util.StoreClassNameRule$1.evaluate(StoreClassNameRule.java:21)\nbuild\t13-Mar-2012 06:08:43\t    [junit] \tat org.apache.lucene.util.SystemPropertiesInvariantRule$1.evaluate(SystemPropertiesInvariantRule.java:22)\nbuild\t13-Mar-2012 06:08:43\t    [junit] \nbuild\t13-Mar-2012 06:08:43\t    [junit] \nbuild\t13-Mar-2012 06:08:43\t    [junit] Tests run: 7, Failures: 1, Errors: 0, Time elapsed: 74.666 sec\nbuild\t13-Mar-2012 06:08:43\t    [junit] \nbuild\t13-Mar-2012 06:08:43\t    [junit] ------------- Standard Error -----------------\nbuild\t13-Mar-2012 06:08:43\t    [junit] NOTE: reproduce with: ant test -Dtestcase=OverseerTest -Dtestmethod=testShardLeaderChange -Dtests.seed=48c9960216b3d5d:6c1600de0df53cdd:69c37083161d807d -Dargs=\"-Dfile.encoding=UTF-8\"\nbuild\t13-Mar-2012 06:08:43\t    [junit] WARNING: test class left thread running: Session Sets (4):\nbuild\t13-Mar-2012 06:08:43\t    [junit] 0 expire at Mon Mar 12 22:08:45 MST 2012:\nbuild\t13-Mar-2012 06:08:43\t    [junit] 0 expire at Mon Mar 12 22:08:48 MST 2012:\nbuild\t13-Mar-2012 06:08:43\t    [junit] 0 expire at Mon Mar 12 22:08:51 MST 2012:\nbuild\t13-Mar-2012 06:08:43\t    [junit] 0 expire at Mon Mar 12 22:08:54 MST 2012:\nbuild\t13-Mar-2012 06:08:43\t    [junit] \nbuild\t13-Mar-2012 06:08:43\t    [junit] RESOURCE LEAK: test class left 1 thread(s) running\nbuild\t13-Mar-2012 06:08:43\t    [junit] NOTE: test params are: codec=Lucene40: {}, sim=DefaultSimilarity, locale=zh_TW, timezone=Mexico/BajaSur\nbuild\t13-Mar-2012 06:08:43\t    [junit] NOTE: all tests run in this JVM:\nbuild\t13-Mar-2012 06:08:43\t    [junit] [BasicFunctionalityTest, SolrInfoMBeanTest, SnowballPorterFilterFactoryTest, TestCJKTokenizerFactory, TestCJKWidthFilterFactory, TestChineseTokenizerFactory, TestElisionFilterFactory, TestFinnishLightStemFilterFactory, TestGalicianStemFilterFactory, TestGermanNormalizationFilterFactory, TestGermanStemFilterFactory, TestGreekLowerCaseFilterFactory, TestIndonesianStemFilterFactory, TestLatvianStemFilterFactory, TestPatternReplaceCharFilterFactory, TestPatternReplaceFilterFactory, TestPortugueseMinimalStemFilterFactory, TestShingleFilterFactory, TestStemmerOverrideFilterFactory, TestSynonymFilterFactory, TestTurkishLowerCaseFilterFactory, TestTypeTokenFilterFactory, TestWordDelimiterFilterFactory, BasicZkTest, FullSolrCloudDistribCmdsTest, NodeStateWatcherTest, OverseerTest]\nbuild\t13-Mar-2012 06:08:43\t    [junit] 74662 T569 oazs.SessionTrackerImpl.run SEVERE Unexpected interruption java.lang.InterruptedException\nbuild\t13-Mar-2012 06:08:43\t    [junit] \tat java.lang.Object.wait(Native Method)\nbuild\t13-Mar-2012 06:08:43\t    [junit] \tat org.apache.zookeeper.server.SessionTrackerImpl.run(SessionTrackerImpl.java:145)\nbuild\t13-Mar-2012 06:08:43\t    [junit] \nbuild\t13-Mar-2012 06:08:43\t    [junit] NOTE: Linux 2.6.32-38-server amd64/Sun Microsystems Inc. 1.6.0_20 (64-bit)/cpus=4,threads=4,free=46547656,total=124977152\nbuild\t13-Mar-2012 06:08:43\t    [junit] ------------- ---------------- ---------------\nbuild\t13-Mar-2012 06:08:43\t    [junit] TEST org.apache.solr.cloud.OverseerTest FAILED",
    "attachments": {},
    "issue_links": {},
    "comments": [
        {
            "author": "Sami Siren",
            "id": "comment-13242436",
            "date": "2012-03-30T15:28:52+0000",
            "content": "Another occurence of this in jenkins:\nhttps://builds.apache.org/job/Lucene-Solr-tests-only-trunk/12916/\n "
        },
        {
            "author": "Dawid Weiss",
            "id": "comment-13250564",
            "date": "2012-04-10T10:48:39+0000",
            "content": "I have more if you need logs, Sami. Thanks for taking care of this one! "
        },
        {
            "author": "Sami Siren",
            "id": "comment-13250568",
            "date": "2012-04-10T11:03:42+0000",
            "content": "I have more if you need logs...\n\nI committed a fix to one obvious bug in the testcase, not sure if this was the cause since in cannot easily reproduce this. I guess I'll just have to wait and see how the stats develop in jenkins...\n "
        },
        {
            "author": "Hoss Man",
            "id": "comment-13412172",
            "date": "2012-07-11T22:26:13+0000",
            "content": "bulk fixing the version info for 4.0-ALPHA and 4.0 all affected issues have \"hoss20120711-bulk-40-change\" in comment "
        },
        {
            "author": "Robert Muir",
            "id": "comment-13429819",
            "date": "2012-08-07T03:43:18+0000",
            "content": "rmuir20120906-bulk-40-change "
        },
        {
            "author": "Robert Muir",
            "id": "comment-13452191",
            "date": "2012-09-10T17:41:57+0000",
            "content": "moving all 4.0 issues not touched in a month to 4.1 "
        },
        {
            "author": "Sami Siren",
            "id": "comment-13458494",
            "date": "2012-09-19T08:16:35+0000",
            "content": "I haven't seen this occur in a while, there was one failure with the same method recently but it was not related to this. closing. "
        }
    ]
}